::1 - - [04/Sep/2020:10:01:56 +0000] "GET / HTTP/1.1" 200 2156 "http://localhost:100/users/sign-in" "Mozilla/5.0 (Windows NT 10.0; Win64; x64) AppleWebKit/537.36 (KHTML, like Gecko) Chrome/85.0.4183.83 Safari/537.36"
::1 - - [04/Sep/2020:10:01:56 +0000] "GET /undefined HTTP/1.1" 404 148 "http://localhost:100/" "Mozilla/5.0 (Windows NT 10.0; Win64; x64) AppleWebKit/537.36 (KHTML, like Gecko) Chrome/85.0.4183.83 Safari/537.36"
::1 - - [04/Sep/2020:10:01:56 +0000] "GET /undefined HTTP/1.1" 404 148 "http://localhost:100/" "Mozilla/5.0 (Windows NT 10.0; Win64; x64) AppleWebKit/537.36 (KHTML, like Gecko) Chrome/85.0.4183.83 Safari/537.36"
::1 - - [04/Sep/2020:10:01:57 +0000] "GET /undefined HTTP/1.1" 404 148 "http://localhost:100/" "Mozilla/5.0 (Windows NT 10.0; Win64; x64) AppleWebKit/537.36 (KHTML, like Gecko) Chrome/85.0.4183.83 Safari/537.36"
::1 - - [04/Sep/2020:10:01:57 +0000] "GET /undefined HTTP/1.1" 404 148 "http://localhost:100/" "Mozilla/5.0 (Windows NT 10.0; Win64; x64) AppleWebKit/537.36 (KHTML, like Gecko) Chrome/85.0.4183.83 Safari/537.36"
::1 - - [04/Sep/2020:10:01:58 +0000] "GET /undefined HTTP/1.1" 404 148 "http://localhost:100/" "Mozilla/5.0 (Windows NT 10.0; Win64; x64) AppleWebKit/537.36 (KHTML, like Gecko) Chrome/85.0.4183.83 Safari/537.36"
::1 - - [04/Sep/2020:10:01:58 +0000] "GET /undefined HTTP/1.1" 404 148 "http://localhost:100/" "Mozilla/5.0 (Windows NT 10.0; Win64; x64) AppleWebKit/537.36 (KHTML, like Gecko) Chrome/85.0.4183.83 Safari/537.36"
::1 - - [04/Sep/2020:10:01:58 +0000] "GET /undefined HTTP/1.1" 404 148 "http://localhost:100/" "Mozilla/5.0 (Windows NT 10.0; Win64; x64) AppleWebKit/537.36 (KHTML, like Gecko) Chrome/85.0.4183.83 Safari/537.36"
::1 - - [04/Sep/2020:10:01:58 +0000] "GET /undefined HTTP/1.1" 404 148 "http://localhost:100/" "Mozilla/5.0 (Windows NT 10.0; Win64; x64) AppleWebKit/537.36 (KHTML, like Gecko) Chrome/85.0.4183.83 Safari/537.36"
::1 - - [04/Sep/2020:10:02:07 +0000] "GET /undefined HTTP/1.1" 404 148 "http://localhost:100/" "Mozilla/5.0 (Windows NT 10.0; Win64; x64) AppleWebKit/537.36 (KHTML, like Gecko) Chrome/85.0.4183.83 Safari/537.36"
::1 - - [04/Sep/2020:10:04:14 +0000] "GET / HTTP/1.1" 304 - "http://localhost:100/users/sign-in" "Mozilla/5.0 (Windows NT 10.0; Win64; x64) AppleWebKit/537.36 (KHTML, like Gecko) Chrome/85.0.4183.83 Safari/537.36"
::1 - - [04/Sep/2020:10:04:14 +0000] "GET /undefined HTTP/1.1" 404 148 "http://localhost:100/" "Mozilla/5.0 (Windows NT 10.0; Win64; x64) AppleWebKit/537.36 (KHTML, like Gecko) Chrome/85.0.4183.83 Safari/537.36"
::1 - - [04/Sep/2020:10:04:14 +0000] "GET /undefined HTTP/1.1" 404 148 "http://localhost:100/" "Mozilla/5.0 (Windows NT 10.0; Win64; x64) AppleWebKit/537.36 (KHTML, like Gecko) Chrome/85.0.4183.83 Safari/537.36"
::1 - - [04/Sep/2020:10:04:15 +0000] "GET /undefined HTTP/1.1" 404 148 "http://localhost:100/" "Mozilla/5.0 (Windows NT 10.0; Win64; x64) AppleWebKit/537.36 (KHTML, like Gecko) Chrome/85.0.4183.83 Safari/537.36"
::1 - - [04/Sep/2020:10:04:15 +0000] "GET /undefined HTTP/1.1" 404 148 "http://localhost:100/" "Mozilla/5.0 (Windows NT 10.0; Win64; x64) AppleWebKit/537.36 (KHTML, like Gecko) Chrome/85.0.4183.83 Safari/537.36"
::1 - - [04/Sep/2020:10:04:15 +0000] "GET /undefined HTTP/1.1" 404 148 "http://localhost:100/" "Mozilla/5.0 (Windows NT 10.0; Win64; x64) AppleWebKit/537.36 (KHTML, like Gecko) Chrome/85.0.4183.83 Safari/537.36"
::1 - - [04/Sep/2020:10:04:15 +0000] "GET /undefined HTTP/1.1" 404 148 "http://localhost:100/" "Mozilla/5.0 (Windows NT 10.0; Win64; x64) AppleWebKit/537.36 (KHTML, like Gecko) Chrome/85.0.4183.83 Safari/537.36"
::1 - - [04/Sep/2020:10:04:15 +0000] "GET /undefined HTTP/1.1" 404 148 "http://localhost:100/" "Mozilla/5.0 (Windows NT 10.0; Win64; x64) AppleWebKit/537.36 (KHTML, like Gecko) Chrome/85.0.4183.83 Safari/537.36"
::1 - - [04/Sep/2020:10:04:58 +0000] "GET / HTTP/1.1" 200 2175 "http://localhost:100/users/sign-in" "Mozilla/5.0 (Windows NT 10.0; Win64; x64) AppleWebKit/537.36 (KHTML, like Gecko) Chrome/85.0.4183.83 Safari/537.36"
::1 - - [04/Sep/2020:10:04:58 +0000] "GET /undefined HTTP/1.1" 404 148 "http://localhost:100/" "Mozilla/5.0 (Windows NT 10.0; Win64; x64) AppleWebKit/537.36 (KHTML, like Gecko) Chrome/85.0.4183.83 Safari/537.36"
::1 - - [04/Sep/2020:10:04:58 +0000] "GET /undefined HTTP/1.1" 404 148 "http://localhost:100/" "Mozilla/5.0 (Windows NT 10.0; Win64; x64) AppleWebKit/537.36 (KHTML, like Gecko) Chrome/85.0.4183.83 Safari/537.36"
::1 - - [04/Sep/2020:10:04:58 +0000] "GET /undefined HTTP/1.1" 404 148 "http://localhost:100/" "Mozilla/5.0 (Windows NT 10.0; Win64; x64) AppleWebKit/537.36 (KHTML, like Gecko) Chrome/85.0.4183.83 Safari/537.36"
::1 - - [04/Sep/2020:10:05:00 +0000] "GET /undefined HTTP/1.1" 404 148 "http://localhost:100/" "Mozilla/5.0 (Windows NT 10.0; Win64; x64) AppleWebKit/537.36 (KHTML, like Gecko) Chrome/85.0.4183.83 Safari/537.36"
::1 - - [04/Sep/2020:10:05:01 +0000] "GET /undefined HTTP/1.1" 404 148 "http://localhost:100/" "Mozilla/5.0 (Windows NT 10.0; Win64; x64) AppleWebKit/537.36 (KHTML, like Gecko) Chrome/85.0.4183.83 Safari/537.36"
::1 - - [04/Sep/2020:10:05:01 +0000] "GET /undefined HTTP/1.1" 404 148 "http://localhost:100/" "Mozilla/5.0 (Windows NT 10.0; Win64; x64) AppleWebKit/537.36 (KHTML, like Gecko) Chrome/85.0.4183.83 Safari/537.36"
::1 - - [04/Sep/2020:10:05:01 +0000] "GET /undefined HTTP/1.1" 404 148 "http://localhost:100/" "Mozilla/5.0 (Windows NT 10.0; Win64; x64) AppleWebKit/537.36 (KHTML, like Gecko) Chrome/85.0.4183.83 Safari/537.36"
::1 - - [05/Sep/2020:05:11:59 +0000] "GET / HTTP/1.1" 200 2236 "-" "Mozilla/5.0 (Windows NT 10.0; Win64; x64) AppleWebKit/537.36 (KHTML, like Gecko) Chrome/85.0.4183.83 Safari/537.36"
::1 - - [05/Sep/2020:05:12:01 +0000] "GET /css/footer-f5277933e7.css HTTP/1.1" 200 252 "http://localhost:100/" "Mozilla/5.0 (Windows NT 10.0; Win64; x64) AppleWebKit/537.36 (KHTML, like Gecko) Chrome/85.0.4183.83 Safari/537.36"
::1 - - [05/Sep/2020:05:12:01 +0000] "GET /css/chat-box-07518463a8.css HTTP/1.1" 200 1276 "http://localhost:100/" "Mozilla/5.0 (Windows NT 10.0; Win64; x64) AppleWebKit/537.36 (KHTML, like Gecko) Chrome/85.0.4183.83 Safari/537.36"
::1 - - [05/Sep/2020:05:12:02 +0000] "GET /css/layout-58513c837e.css HTTP/1.1" 404 164 "http://localhost:100/" "Mozilla/5.0 (Windows NT 10.0; Win64; x64) AppleWebKit/537.36 (KHTML, like Gecko) Chrome/85.0.4183.83 Safari/537.36"
::1 - - [05/Sep/2020:05:12:02 +0000] "GET /css/header-6c1179d349.css HTTP/1.1" 404 164 "http://localhost:100/" "Mozilla/5.0 (Windows NT 10.0; Win64; x64) AppleWebKit/537.36 (KHTML, like Gecko) Chrome/85.0.4183.83 Safari/537.36"
::1 - - [05/Sep/2020:05:12:02 +0000] "GET /css/home-69c06c4ce9.css HTTP/1.1" 404 162 "http://localhost:100/" "Mozilla/5.0 (Windows NT 10.0; Win64; x64) AppleWebKit/537.36 (KHTML, like Gecko) Chrome/85.0.4183.83 Safari/537.36"
::1 - - [05/Sep/2020:05:12:02 +0000] "GET /undefined HTTP/1.1" 404 148 "http://localhost:100/" "Mozilla/5.0 (Windows NT 10.0; Win64; x64) AppleWebKit/537.36 (KHTML, like Gecko) Chrome/85.0.4183.83 Safari/537.36"
::1 - - [05/Sep/2020:05:12:05 +0000] "GET /undefined HTTP/1.1" 404 148 "http://localhost:100/" "Mozilla/5.0 (Windows NT 10.0; Win64; x64) AppleWebKit/537.36 (KHTML, like Gecko) Chrome/85.0.4183.83 Safari/537.36"
::1 - - [05/Sep/2020:05:12:05 +0000] "GET /undefined HTTP/1.1" 404 148 "http://localhost:100/" "Mozilla/5.0 (Windows NT 10.0; Win64; x64) AppleWebKit/537.36 (KHTML, like Gecko) Chrome/85.0.4183.83 Safari/537.36"
::1 - - [05/Sep/2020:05:12:05 +0000] "GET /undefined HTTP/1.1" 404 148 "http://localhost:100/" "Mozilla/5.0 (Windows NT 10.0; Win64; x64) AppleWebKit/537.36 (KHTML, like Gecko) Chrome/85.0.4183.83 Safari/537.36"
::1 - - [05/Sep/2020:05:12:05 +0000] "GET /undefined HTTP/1.1" 404 148 "http://localhost:100/" "Mozilla/5.0 (Windows NT 10.0; Win64; x64) AppleWebKit/537.36 (KHTML, like Gecko) Chrome/85.0.4183.83 Safari/537.36"
::1 - - [05/Sep/2020:05:12:06 +0000] "GET /favicon.ico HTTP/1.1" 404 150 "http://localhost:100/" "Mozilla/5.0 (Windows NT 10.0; Win64; x64) AppleWebKit/537.36 (KHTML, like Gecko) Chrome/85.0.4183.83 Safari/537.36"
::1 - - [05/Sep/2020:05:15:07 +0000] "GET / HTTP/1.1" 304 - "-" "Mozilla/5.0 (Windows NT 10.0; Win64; x64) AppleWebKit/537.36 (KHTML, like Gecko) Chrome/85.0.4183.83 Safari/537.36"
::1 - - [05/Sep/2020:05:15:08 +0000] "GET / HTTP/1.1" 200 2236 "-" "Mozilla/5.0 (Windows NT 10.0; Win64; x64) AppleWebKit/537.36 (KHTML, like Gecko) Chrome/85.0.4183.83 Safari/537.36"
::1 - - [05/Sep/2020:05:15:09 +0000] "GET /css/footer-f5277933e7.css HTTP/1.1" 304 - "http://localhost:100/" "Mozilla/5.0 (Windows NT 10.0; Win64; x64) AppleWebKit/537.36 (KHTML, like Gecko) Chrome/85.0.4183.83 Safari/537.36"
::1 - - [05/Sep/2020:05:15:09 +0000] "GET /css/chat-box-07518463a8.css HTTP/1.1" 304 - "http://localhost:100/" "Mozilla/5.0 (Windows NT 10.0; Win64; x64) AppleWebKit/537.36 (KHTML, like Gecko) Chrome/85.0.4183.83 Safari/537.36"
::1 - - [05/Sep/2020:05:15:09 +0000] "GET /css/layout-58513c837e.css HTTP/1.1" 404 164 "http://localhost:100/" "Mozilla/5.0 (Windows NT 10.0; Win64; x64) AppleWebKit/537.36 (KHTML, like Gecko) Chrome/85.0.4183.83 Safari/537.36"
::1 - - [05/Sep/2020:05:15:09 +0000] "GET /css/header-6c1179d349.css HTTP/1.1" 404 164 "http://localhost:100/" "Mozilla/5.0 (Windows NT 10.0; Win64; x64) AppleWebKit/537.36 (KHTML, like Gecko) Chrome/85.0.4183.83 Safari/537.36"
::1 - - [05/Sep/2020:05:15:09 +0000] "GET /css/home-69c06c4ce9.css HTTP/1.1" 404 162 "http://localhost:100/" "Mozilla/5.0 (Windows NT 10.0; Win64; x64) AppleWebKit/537.36 (KHTML, like Gecko) Chrome/85.0.4183.83 Safari/537.36"
::1 - - [05/Sep/2020:05:15:09 +0000] "GET /undefined HTTP/1.1" 404 148 "http://localhost:100/" "Mozilla/5.0 (Windows NT 10.0; Win64; x64) AppleWebKit/537.36 (KHTML, like Gecko) Chrome/85.0.4183.83 Safari/537.36"
::1 - - [05/Sep/2020:05:15:11 +0000] "GET /undefined HTTP/1.1" 404 148 "http://localhost:100/" "Mozilla/5.0 (Windows NT 10.0; Win64; x64) AppleWebKit/537.36 (KHTML, like Gecko) Chrome/85.0.4183.83 Safari/537.36"
::1 - - [05/Sep/2020:05:15:11 +0000] "GET /undefined HTTP/1.1" 404 148 "http://localhost:100/" "Mozilla/5.0 (Windows NT 10.0; Win64; x64) AppleWebKit/537.36 (KHTML, like Gecko) Chrome/85.0.4183.83 Safari/537.36"
::1 - - [05/Sep/2020:05:15:11 +0000] "GET /undefined HTTP/1.1" 404 148 "http://localhost:100/" "Mozilla/5.0 (Windows NT 10.0; Win64; x64) AppleWebKit/537.36 (KHTML, like Gecko) Chrome/85.0.4183.83 Safari/537.36"
::1 - - [05/Sep/2020:05:15:11 +0000] "GET /undefined HTTP/1.1" 404 148 "http://localhost:100/" "Mozilla/5.0 (Windows NT 10.0; Win64; x64) AppleWebKit/537.36 (KHTML, like Gecko) Chrome/85.0.4183.83 Safari/537.36"
::1 - - [05/Sep/2020:05:17:38 +0000] "GET / HTTP/1.1" 304 - "-" "Mozilla/5.0 (Windows NT 10.0; Win64; x64) AppleWebKit/537.36 (KHTML, like Gecko) Chrome/85.0.4183.83 Safari/537.36"
::1 - - [05/Sep/2020:05:17:38 +0000] "GET /css/footer-f5277933e7.css HTTP/1.1" 304 - "http://localhost:100/" "Mozilla/5.0 (Windows NT 10.0; Win64; x64) AppleWebKit/537.36 (KHTML, like Gecko) Chrome/85.0.4183.83 Safari/537.36"
::1 - - [05/Sep/2020:05:17:38 +0000] "GET /css/chat-box-07518463a8.css HTTP/1.1" 304 - "http://localhost:100/" "Mozilla/5.0 (Windows NT 10.0; Win64; x64) AppleWebKit/537.36 (KHTML, like Gecko) Chrome/85.0.4183.83 Safari/537.36"
::1 - - [05/Sep/2020:05:17:38 +0000] "GET /css/home-69c06c4ce9.css HTTP/1.1" 404 162 "http://localhost:100/" "Mozilla/5.0 (Windows NT 10.0; Win64; x64) AppleWebKit/537.36 (KHTML, like Gecko) Chrome/85.0.4183.83 Safari/537.36"
::1 - - [05/Sep/2020:05:17:38 +0000] "GET /css/header-6c1179d349.css HTTP/1.1" 404 164 "http://localhost:100/" "Mozilla/5.0 (Windows NT 10.0; Win64; x64) AppleWebKit/537.36 (KHTML, like Gecko) Chrome/85.0.4183.83 Safari/537.36"
::1 - - [05/Sep/2020:05:17:38 +0000] "GET /css/layout-58513c837e.css HTTP/1.1" 404 164 "http://localhost:100/" "Mozilla/5.0 (Windows NT 10.0; Win64; x64) AppleWebKit/537.36 (KHTML, like Gecko) Chrome/85.0.4183.83 Safari/537.36"
::1 - - [05/Sep/2020:05:17:38 +0000] "GET /undefined HTTP/1.1" 404 148 "http://localhost:100/" "Mozilla/5.0 (Windows NT 10.0; Win64; x64) AppleWebKit/537.36 (KHTML, like Gecko) Chrome/85.0.4183.83 Safari/537.36"
::1 - - [05/Sep/2020:05:17:39 +0000] "GET /undefined HTTP/1.1" 404 148 "http://localhost:100/" "Mozilla/5.0 (Windows NT 10.0; Win64; x64) AppleWebKit/537.36 (KHTML, like Gecko) Chrome/85.0.4183.83 Safari/537.36"
::1 - - [05/Sep/2020:05:17:39 +0000] "GET /undefined HTTP/1.1" 404 148 "http://localhost:100/" "Mozilla/5.0 (Windows NT 10.0; Win64; x64) AppleWebKit/537.36 (KHTML, like Gecko) Chrome/85.0.4183.83 Safari/537.36"
::1 - - [05/Sep/2020:05:17:39 +0000] "GET /undefined HTTP/1.1" 404 148 "http://localhost:100/" "Mozilla/5.0 (Windows NT 10.0; Win64; x64) AppleWebKit/537.36 (KHTML, like Gecko) Chrome/85.0.4183.83 Safari/537.36"
::1 - - [05/Sep/2020:05:17:39 +0000] "GET /undefined HTTP/1.1" 404 148 "http://localhost:100/" "Mozilla/5.0 (Windows NT 10.0; Win64; x64) AppleWebKit/537.36 (KHTML, like Gecko) Chrome/85.0.4183.83 Safari/537.36"
::1 - - [05/Sep/2020:05:19:01 +0000] "GET / HTTP/1.1" 200 2191 "-" "Mozilla/5.0 (Windows NT 10.0; Win64; x64) AppleWebKit/537.36 (KHTML, like Gecko) Chrome/85.0.4183.83 Safari/537.36"
::1 - - [05/Sep/2020:05:19:01 +0000] "GET /css/footer-f5277933e7.css HTTP/1.1" 304 - "http://localhost:100/" "Mozilla/5.0 (Windows NT 10.0; Win64; x64) AppleWebKit/537.36 (KHTML, like Gecko) Chrome/85.0.4183.83 Safari/537.36"
::1 - - [05/Sep/2020:05:19:01 +0000] "GET /css/chat-box-07518463a8.css HTTP/1.1" 304 - "http://localhost:100/" "Mozilla/5.0 (Windows NT 10.0; Win64; x64) AppleWebKit/537.36 (KHTML, like Gecko) Chrome/85.0.4183.83 Safari/537.36"
::1 - - [05/Sep/2020:05:19:01 +0000] "GET /css/layout-58513c837e.css HTTP/1.1" 404 164 "http://localhost:100/" "Mozilla/5.0 (Windows NT 10.0; Win64; x64) AppleWebKit/537.36 (KHTML, like Gecko) Chrome/85.0.4183.83 Safari/537.36"
::1 - - [05/Sep/2020:05:19:01 +0000] "GET /css/header-6c1179d349.css HTTP/1.1" 404 164 "http://localhost:100/" "Mozilla/5.0 (Windows NT 10.0; Win64; x64) AppleWebKit/537.36 (KHTML, like Gecko) Chrome/85.0.4183.83 Safari/537.36"
::1 - - [05/Sep/2020:05:19:01 +0000] "GET /css/home-69c06c4ce9.css HTTP/1.1" 404 162 "http://localhost:100/" "Mozilla/5.0 (Windows NT 10.0; Win64; x64) AppleWebKit/537.36 (KHTML, like Gecko) Chrome/85.0.4183.83 Safari/537.36"
::1 - - [05/Sep/2020:05:20:01 +0000] "GET / HTTP/1.1" 200 2066 "-" "Mozilla/5.0 (Windows NT 10.0; Win64; x64) AppleWebKit/537.36 (KHTML, like Gecko) Chrome/85.0.4183.83 Safari/537.36"
::1 - - [05/Sep/2020:05:20:26 +0000] "GET / HTTP/1.1" 304 - "-" "Mozilla/5.0 (Windows NT 10.0; Win64; x64) AppleWebKit/537.36 (KHTML, like Gecko) Chrome/85.0.4183.83 Safari/537.36"
::1 - - [05/Sep/2020:05:23:00 +0000] "GET / HTTP/1.1" 200 2236 "-" "Mozilla/5.0 (Windows NT 10.0; Win64; x64) AppleWebKit/537.36 (KHTML, like Gecko) Chrome/85.0.4183.83 Safari/537.36"
::1 - - [05/Sep/2020:05:23:00 +0000] "GET /css/layout-58513c837e.css HTTP/1.1" 404 164 "http://localhost:100/" "Mozilla/5.0 (Windows NT 10.0; Win64; x64) AppleWebKit/537.36 (KHTML, like Gecko) Chrome/85.0.4183.83 Safari/537.36"
::1 - - [05/Sep/2020:05:23:00 +0000] "GET /css/header-6c1179d349.css HTTP/1.1" 404 164 "http://localhost:100/" "Mozilla/5.0 (Windows NT 10.0; Win64; x64) AppleWebKit/537.36 (KHTML, like Gecko) Chrome/85.0.4183.83 Safari/537.36"
::1 - - [05/Sep/2020:05:23:00 +0000] "GET /css/footer-f5277933e7.css HTTP/1.1" 404 164 "http://localhost:100/" "Mozilla/5.0 (Windows NT 10.0; Win64; x64) AppleWebKit/537.36 (KHTML, like Gecko) Chrome/85.0.4183.83 Safari/537.36"
::1 - - [05/Sep/2020:05:23:00 +0000] "GET /css/home-69c06c4ce9.css HTTP/1.1" 404 162 "http://localhost:100/" "Mozilla/5.0 (Windows NT 10.0; Win64; x64) AppleWebKit/537.36 (KHTML, like Gecko) Chrome/85.0.4183.83 Safari/537.36"
::1 - - [05/Sep/2020:05:23:00 +0000] "GET /css/chat-box-07518463a8.css HTTP/1.1" 404 166 "http://localhost:100/" "Mozilla/5.0 (Windows NT 10.0; Win64; x64) AppleWebKit/537.36 (KHTML, like Gecko) Chrome/85.0.4183.83 Safari/537.36"
::1 - - [05/Sep/2020:05:23:00 +0000] "GET /undefined HTTP/1.1" 404 148 "http://localhost:100/" "Mozilla/5.0 (Windows NT 10.0; Win64; x64) AppleWebKit/537.36 (KHTML, like Gecko) Chrome/85.0.4183.83 Safari/537.36"
::1 - - [05/Sep/2020:05:23:02 +0000] "GET /undefined HTTP/1.1" 404 148 "http://localhost:100/" "Mozilla/5.0 (Windows NT 10.0; Win64; x64) AppleWebKit/537.36 (KHTML, like Gecko) Chrome/85.0.4183.83 Safari/537.36"
::1 - - [05/Sep/2020:05:23:02 +0000] "GET /undefined HTTP/1.1" 404 148 "http://localhost:100/" "Mozilla/5.0 (Windows NT 10.0; Win64; x64) AppleWebKit/537.36 (KHTML, like Gecko) Chrome/85.0.4183.83 Safari/537.36"
::1 - - [05/Sep/2020:05:23:02 +0000] "GET /undefined HTTP/1.1" 404 148 "http://localhost:100/" "Mozilla/5.0 (Windows NT 10.0; Win64; x64) AppleWebKit/537.36 (KHTML, like Gecko) Chrome/85.0.4183.83 Safari/537.36"
::1 - - [05/Sep/2020:05:23:02 +0000] "GET /undefined HTTP/1.1" 404 148 "http://localhost:100/" "Mozilla/5.0 (Windows NT 10.0; Win64; x64) AppleWebKit/537.36 (KHTML, like Gecko) Chrome/85.0.4183.83 Safari/537.36"
::1 - - [05/Sep/2020:05:23:26 +0000] "GET /css/layout-58513c837e.css HTTP/1.1" 404 164 "http://localhost:100/" "Mozilla/5.0 (Windows NT 10.0; Win64; x64) AppleWebKit/537.36 (KHTML, like Gecko) Chrome/85.0.4183.83 Safari/537.36"
::1 - - [05/Sep/2020:05:23:26 +0000] "GET /css/header-6c1179d349.css HTTP/1.1" 404 164 "http://localhost:100/" "Mozilla/5.0 (Windows NT 10.0; Win64; x64) AppleWebKit/537.36 (KHTML, like Gecko) Chrome/85.0.4183.83 Safari/537.36"
::1 - - [05/Sep/2020:05:23:26 +0000] "GET /css/footer-f5277933e7.css HTTP/1.1" 404 164 "http://localhost:100/" "Mozilla/5.0 (Windows NT 10.0; Win64; x64) AppleWebKit/537.36 (KHTML, like Gecko) Chrome/85.0.4183.83 Safari/537.36"
::1 - - [05/Sep/2020:05:23:26 +0000] "GET /css/home-69c06c4ce9.css HTTP/1.1" 404 162 "http://localhost:100/" "Mozilla/5.0 (Windows NT 10.0; Win64; x64) AppleWebKit/537.36 (KHTML, like Gecko) Chrome/85.0.4183.83 Safari/537.36"
::1 - - [05/Sep/2020:05:23:26 +0000] "GET /css/chat-box-07518463a8.css HTTP/1.1" 404 166 "http://localhost:100/" "Mozilla/5.0 (Windows NT 10.0; Win64; x64) AppleWebKit/537.36 (KHTML, like Gecko) Chrome/85.0.4183.83 Safari/537.36"
::1 - - [05/Sep/2020:05:33:33 +0000] "GET / HTTP/1.1" 304 - "-" "Mozilla/5.0 (Windows NT 10.0; Win64; x64) AppleWebKit/537.36 (KHTML, like Gecko) Chrome/85.0.4183.83 Safari/537.36"
::1 - - [05/Sep/2020:05:33:33 +0000] "GET /css/layout-58513c837e.css HTTP/1.1" 404 164 "http://localhost:100/" "Mozilla/5.0 (Windows NT 10.0; Win64; x64) AppleWebKit/537.36 (KHTML, like Gecko) Chrome/85.0.4183.83 Safari/537.36"
::1 - - [05/Sep/2020:05:33:33 +0000] "GET /css/footer-f5277933e7.css HTTP/1.1" 404 164 "http://localhost:100/" "Mozilla/5.0 (Windows NT 10.0; Win64; x64) AppleWebKit/537.36 (KHTML, like Gecko) Chrome/85.0.4183.83 Safari/537.36"
::1 - - [05/Sep/2020:05:33:33 +0000] "GET /css/header-6c1179d349.css HTTP/1.1" 404 164 "http://localhost:100/" "Mozilla/5.0 (Windows NT 10.0; Win64; x64) AppleWebKit/537.36 (KHTML, like Gecko) Chrome/85.0.4183.83 Safari/537.36"
::1 - - [05/Sep/2020:05:33:33 +0000] "GET /css/home-69c06c4ce9.css HTTP/1.1" 404 162 "http://localhost:100/" "Mozilla/5.0 (Windows NT 10.0; Win64; x64) AppleWebKit/537.36 (KHTML, like Gecko) Chrome/85.0.4183.83 Safari/537.36"
::1 - - [05/Sep/2020:05:33:33 +0000] "GET /css/chat-box-07518463a8.css HTTP/1.1" 404 166 "http://localhost:100/" "Mozilla/5.0 (Windows NT 10.0; Win64; x64) AppleWebKit/537.36 (KHTML, like Gecko) Chrome/85.0.4183.83 Safari/537.36"
::1 - - [05/Sep/2020:05:33:33 +0000] "GET /undefined HTTP/1.1" 404 148 "http://localhost:100/" "Mozilla/5.0 (Windows NT 10.0; Win64; x64) AppleWebKit/537.36 (KHTML, like Gecko) Chrome/85.0.4183.83 Safari/537.36"
::1 - - [05/Sep/2020:05:33:35 +0000] "GET /undefined HTTP/1.1" 404 148 "http://localhost:100/" "Mozilla/5.0 (Windows NT 10.0; Win64; x64) AppleWebKit/537.36 (KHTML, like Gecko) Chrome/85.0.4183.83 Safari/537.36"
::1 - - [05/Sep/2020:05:33:35 +0000] "GET /undefined HTTP/1.1" 404 148 "http://localhost:100/" "Mozilla/5.0 (Windows NT 10.0; Win64; x64) AppleWebKit/537.36 (KHTML, like Gecko) Chrome/85.0.4183.83 Safari/537.36"
::1 - - [05/Sep/2020:05:33:35 +0000] "GET /undefined HTTP/1.1" 404 148 "http://localhost:100/" "Mozilla/5.0 (Windows NT 10.0; Win64; x64) AppleWebKit/537.36 (KHTML, like Gecko) Chrome/85.0.4183.83 Safari/537.36"
::1 - - [05/Sep/2020:05:33:35 +0000] "GET /undefined HTTP/1.1" 404 148 "http://localhost:100/" "Mozilla/5.0 (Windows NT 10.0; Win64; x64) AppleWebKit/537.36 (KHTML, like Gecko) Chrome/85.0.4183.83 Safari/537.36"
::1 - - [05/Sep/2020:05:53:00 +0000] "GET / HTTP/1.1" 304 - "-" "Mozilla/5.0 (Windows NT 10.0; Win64; x64) AppleWebKit/537.36 (KHTML, like Gecko) Chrome/85.0.4183.83 Safari/537.36"
::1 - - [05/Sep/2020:05:53:00 +0000] "GET /css/layout-58513c837e.css HTTP/1.1" 404 164 "http://localhost:100/" "Mozilla/5.0 (Windows NT 10.0; Win64; x64) AppleWebKit/537.36 (KHTML, like Gecko) Chrome/85.0.4183.83 Safari/537.36"
::1 - - [05/Sep/2020:05:53:00 +0000] "GET /css/header-6c1179d349.css HTTP/1.1" 404 164 "http://localhost:100/" "Mozilla/5.0 (Windows NT 10.0; Win64; x64) AppleWebKit/537.36 (KHTML, like Gecko) Chrome/85.0.4183.83 Safari/537.36"
::1 - - [05/Sep/2020:05:53:00 +0000] "GET /css/footer-f5277933e7.css HTTP/1.1" 404 164 "http://localhost:100/" "Mozilla/5.0 (Windows NT 10.0; Win64; x64) AppleWebKit/537.36 (KHTML, like Gecko) Chrome/85.0.4183.83 Safari/537.36"
::1 - - [05/Sep/2020:05:53:00 +0000] "GET /css/home-69c06c4ce9.css HTTP/1.1" 404 162 "http://localhost:100/" "Mozilla/5.0 (Windows NT 10.0; Win64; x64) AppleWebKit/537.36 (KHTML, like Gecko) Chrome/85.0.4183.83 Safari/537.36"
::1 - - [05/Sep/2020:05:53:00 +0000] "GET /css/chat-box-07518463a8.css HTTP/1.1" 404 166 "http://localhost:100/" "Mozilla/5.0 (Windows NT 10.0; Win64; x64) AppleWebKit/537.36 (KHTML, like Gecko) Chrome/85.0.4183.83 Safari/537.36"
::1 - - [05/Sep/2020:05:53:00 +0000] "GET /undefined HTTP/1.1" 404 148 "http://localhost:100/" "Mozilla/5.0 (Windows NT 10.0; Win64; x64) AppleWebKit/537.36 (KHTML, like Gecko) Chrome/85.0.4183.83 Safari/537.36"
::1 - - [05/Sep/2020:05:53:01 +0000] "GET /undefined HTTP/1.1" 404 148 "http://localhost:100/" "Mozilla/5.0 (Windows NT 10.0; Win64; x64) AppleWebKit/537.36 (KHTML, like Gecko) Chrome/85.0.4183.83 Safari/537.36"
::1 - - [05/Sep/2020:05:53:01 +0000] "GET /undefined HTTP/1.1" 404 148 "http://localhost:100/" "Mozilla/5.0 (Windows NT 10.0; Win64; x64) AppleWebKit/537.36 (KHTML, like Gecko) Chrome/85.0.4183.83 Safari/537.36"
::1 - - [05/Sep/2020:05:53:01 +0000] "GET /undefined HTTP/1.1" 404 148 "http://localhost:100/" "Mozilla/5.0 (Windows NT 10.0; Win64; x64) AppleWebKit/537.36 (KHTML, like Gecko) Chrome/85.0.4183.83 Safari/537.36"
::1 - - [05/Sep/2020:05:53:01 +0000] "GET /undefined HTTP/1.1" 404 148 "http://localhost:100/" "Mozilla/5.0 (Windows NT 10.0; Win64; x64) AppleWebKit/537.36 (KHTML, like Gecko) Chrome/85.0.4183.83 Safari/537.36"
::1 - - [05/Sep/2020:05:57:57 +0000] "GET / HTTP/1.1" 304 - "-" "Mozilla/5.0 (Windows NT 10.0; Win64; x64) AppleWebKit/537.36 (KHTML, like Gecko) Chrome/85.0.4183.83 Safari/537.36"
::1 - - [05/Sep/2020:05:57:57 +0000] "GET /css/footer-f5277933e7.css HTTP/1.1" 404 164 "http://localhost:100/" "Mozilla/5.0 (Windows NT 10.0; Win64; x64) AppleWebKit/537.36 (KHTML, like Gecko) Chrome/85.0.4183.83 Safari/537.36"
::1 - - [05/Sep/2020:05:57:57 +0000] "GET /css/home-69c06c4ce9.css HTTP/1.1" 404 162 "http://localhost:100/" "Mozilla/5.0 (Windows NT 10.0; Win64; x64) AppleWebKit/537.36 (KHTML, like Gecko) Chrome/85.0.4183.83 Safari/537.36"
::1 - - [05/Sep/2020:05:57:57 +0000] "GET /css/layout-58513c837e.css HTTP/1.1" 404 164 "http://localhost:100/" "Mozilla/5.0 (Windows NT 10.0; Win64; x64) AppleWebKit/537.36 (KHTML, like Gecko) Chrome/85.0.4183.83 Safari/537.36"
::1 - - [05/Sep/2020:05:57:57 +0000] "GET /css/header-6c1179d349.css HTTP/1.1" 404 164 "http://localhost:100/" "Mozilla/5.0 (Windows NT 10.0; Win64; x64) AppleWebKit/537.36 (KHTML, like Gecko) Chrome/85.0.4183.83 Safari/537.36"
::1 - - [05/Sep/2020:05:57:57 +0000] "GET /css/chat-box-07518463a8.css HTTP/1.1" 404 166 "http://localhost:100/" "Mozilla/5.0 (Windows NT 10.0; Win64; x64) AppleWebKit/537.36 (KHTML, like Gecko) Chrome/85.0.4183.83 Safari/537.36"
::1 - - [05/Sep/2020:05:57:57 +0000] "GET /undefined HTTP/1.1" 404 148 "http://localhost:100/" "Mozilla/5.0 (Windows NT 10.0; Win64; x64) AppleWebKit/537.36 (KHTML, like Gecko) Chrome/85.0.4183.83 Safari/537.36"
::1 - - [05/Sep/2020:05:57:58 +0000] "GET /undefined HTTP/1.1" 404 148 "http://localhost:100/" "Mozilla/5.0 (Windows NT 10.0; Win64; x64) AppleWebKit/537.36 (KHTML, like Gecko) Chrome/85.0.4183.83 Safari/537.36"
::1 - - [05/Sep/2020:05:57:58 +0000] "GET /undefined HTTP/1.1" 404 148 "http://localhost:100/" "Mozilla/5.0 (Windows NT 10.0; Win64; x64) AppleWebKit/537.36 (KHTML, like Gecko) Chrome/85.0.4183.83 Safari/537.36"
::1 - - [05/Sep/2020:05:57:58 +0000] "GET /undefined HTTP/1.1" 404 148 "http://localhost:100/" "Mozilla/5.0 (Windows NT 10.0; Win64; x64) AppleWebKit/537.36 (KHTML, like Gecko) Chrome/85.0.4183.83 Safari/537.36"
::1 - - [05/Sep/2020:05:57:58 +0000] "GET /undefined HTTP/1.1" 404 148 "http://localhost:100/" "Mozilla/5.0 (Windows NT 10.0; Win64; x64) AppleWebKit/537.36 (KHTML, like Gecko) Chrome/85.0.4183.83 Safari/537.36"
::1 - - [05/Sep/2020:05:58:23 +0000] "GET / HTTP/1.1" 304 - "-" "Mozilla/5.0 (Windows NT 10.0; Win64; x64) AppleWebKit/537.36 (KHTML, like Gecko) Chrome/85.0.4183.83 Safari/537.36"
::1 - - [05/Sep/2020:05:58:23 +0000] "GET /css/layout-58513c837e.css HTTP/1.1" 404 164 "http://localhost:100/" "Mozilla/5.0 (Windows NT 10.0; Win64; x64) AppleWebKit/537.36 (KHTML, like Gecko) Chrome/85.0.4183.83 Safari/537.36"
::1 - - [05/Sep/2020:05:58:23 +0000] "GET /css/footer-f5277933e7.css HTTP/1.1" 404 164 "http://localhost:100/" "Mozilla/5.0 (Windows NT 10.0; Win64; x64) AppleWebKit/537.36 (KHTML, like Gecko) Chrome/85.0.4183.83 Safari/537.36"
::1 - - [05/Sep/2020:05:58:23 +0000] "GET /css/home-69c06c4ce9.css HTTP/1.1" 404 162 "http://localhost:100/" "Mozilla/5.0 (Windows NT 10.0; Win64; x64) AppleWebKit/537.36 (KHTML, like Gecko) Chrome/85.0.4183.83 Safari/537.36"
::1 - - [05/Sep/2020:05:58:23 +0000] "GET /css/chat-box-07518463a8.css HTTP/1.1" 404 166 "http://localhost:100/" "Mozilla/5.0 (Windows NT 10.0; Win64; x64) AppleWebKit/537.36 (KHTML, like Gecko) Chrome/85.0.4183.83 Safari/537.36"
::1 - - [05/Sep/2020:05:58:23 +0000] "GET /css/header-6c1179d349.css HTTP/1.1" 404 164 "http://localhost:100/" "Mozilla/5.0 (Windows NT 10.0; Win64; x64) AppleWebKit/537.36 (KHTML, like Gecko) Chrome/85.0.4183.83 Safari/537.36"
::1 - - [05/Sep/2020:05:58:24 +0000] "GET /undefined HTTP/1.1" 404 148 "http://localhost:100/" "Mozilla/5.0 (Windows NT 10.0; Win64; x64) AppleWebKit/537.36 (KHTML, like Gecko) Chrome/85.0.4183.83 Safari/537.36"
::1 - - [05/Sep/2020:05:58:24 +0000] "GET /undefined HTTP/1.1" 404 148 "http://localhost:100/" "Mozilla/5.0 (Windows NT 10.0; Win64; x64) AppleWebKit/537.36 (KHTML, like Gecko) Chrome/85.0.4183.83 Safari/537.36"
::1 - - [05/Sep/2020:05:58:24 +0000] "GET /undefined HTTP/1.1" 404 148 "http://localhost:100/" "Mozilla/5.0 (Windows NT 10.0; Win64; x64) AppleWebKit/537.36 (KHTML, like Gecko) Chrome/85.0.4183.83 Safari/537.36"
::1 - - [05/Sep/2020:05:58:24 +0000] "GET /undefined HTTP/1.1" 404 148 "http://localhost:100/" "Mozilla/5.0 (Windows NT 10.0; Win64; x64) AppleWebKit/537.36 (KHTML, like Gecko) Chrome/85.0.4183.83 Safari/537.36"
::1 - - [05/Sep/2020:06:04:00 +0000] "GET /css/layout-58513c837e.css HTTP/1.1" 404 164 "-" "Mozilla/5.0 (Windows NT 10.0; Win64; x64) AppleWebKit/537.36 (KHTML, like Gecko) Chrome/85.0.4183.83 Safari/537.36"
::1 - - [05/Sep/2020:06:04:17 +0000] "GET /css/header-6c1179d349.css HTTP/1.1" 404 164 "-" "Mozilla/5.0 (Windows NT 10.0; Win64; x64) AppleWebKit/537.36 (KHTML, like Gecko) Chrome/85.0.4183.83 Safari/537.36"
::1 - - [05/Sep/2020:06:10:29 +0000] "GET / HTTP/1.1" 200 2236 "-" "Mozilla/5.0 (Windows NT 10.0; Win64; x64) AppleWebKit/537.36 (KHTML, like Gecko) Chrome/85.0.4183.83 Safari/537.36"
::1 - - [05/Sep/2020:06:10:29 +0000] "GET /css/layout-1b43205d35.css HTTP/1.1" 404 164 "http://localhost:100/" "Mozilla/5.0 (Windows NT 10.0; Win64; x64) AppleWebKit/537.36 (KHTML, like Gecko) Chrome/85.0.4183.83 Safari/537.36"
::1 - - [05/Sep/2020:06:10:29 +0000] "GET /css/header-3148c6ed41.css HTTP/1.1" 404 164 "http://localhost:100/" "Mozilla/5.0 (Windows NT 10.0; Win64; x64) AppleWebKit/537.36 (KHTML, like Gecko) Chrome/85.0.4183.83 Safari/537.36"
::1 - - [05/Sep/2020:06:10:29 +0000] "GET /css/home-4fa0e9aa78.css HTTP/1.1" 404 162 "http://localhost:100/" "Mozilla/5.0 (Windows NT 10.0; Win64; x64) AppleWebKit/537.36 (KHTML, like Gecko) Chrome/85.0.4183.83 Safari/537.36"
::1 - - [05/Sep/2020:06:10:29 +0000] "GET /css/chat-box-07518463a8.css HTTP/1.1" 404 166 "http://localhost:100/" "Mozilla/5.0 (Windows NT 10.0; Win64; x64) AppleWebKit/537.36 (KHTML, like Gecko) Chrome/85.0.4183.83 Safari/537.36"
::1 - - [05/Sep/2020:06:10:29 +0000] "GET /css/footer-f5277933e7.css HTTP/1.1" 404 164 "http://localhost:100/" "Mozilla/5.0 (Windows NT 10.0; Win64; x64) AppleWebKit/537.36 (KHTML, like Gecko) Chrome/85.0.4183.83 Safari/537.36"
::1 - - [05/Sep/2020:06:10:29 +0000] "GET /undefined HTTP/1.1" 404 148 "http://localhost:100/" "Mozilla/5.0 (Windows NT 10.0; Win64; x64) AppleWebKit/537.36 (KHTML, like Gecko) Chrome/85.0.4183.83 Safari/537.36"
::1 - - [05/Sep/2020:06:10:30 +0000] "GET /undefined HTTP/1.1" 404 148 "http://localhost:100/" "Mozilla/5.0 (Windows NT 10.0; Win64; x64) AppleWebKit/537.36 (KHTML, like Gecko) Chrome/85.0.4183.83 Safari/537.36"
::1 - - [05/Sep/2020:06:10:30 +0000] "GET /undefined HTTP/1.1" 404 148 "http://localhost:100/" "Mozilla/5.0 (Windows NT 10.0; Win64; x64) AppleWebKit/537.36 (KHTML, like Gecko) Chrome/85.0.4183.83 Safari/537.36"
::1 - - [05/Sep/2020:06:10:30 +0000] "GET /undefined HTTP/1.1" 404 148 "http://localhost:100/" "Mozilla/5.0 (Windows NT 10.0; Win64; x64) AppleWebKit/537.36 (KHTML, like Gecko) Chrome/85.0.4183.83 Safari/537.36"
::1 - - [05/Sep/2020:06:10:30 +0000] "GET /undefined HTTP/1.1" 404 148 "http://localhost:100/" "Mozilla/5.0 (Windows NT 10.0; Win64; x64) AppleWebKit/537.36 (KHTML, like Gecko) Chrome/85.0.4183.83 Safari/537.36"
::1 - - [05/Sep/2020:06:10:38 +0000] "GET /css/home-4fa0e9aa78.css HTTP/1.1" 404 162 "-" "Mozilla/5.0 (Windows NT 10.0; Win64; x64) AppleWebKit/537.36 (KHTML, like Gecko) Chrome/85.0.4183.83 Safari/537.36"
::1 - - [05/Sep/2020:06:58:29 +0000] "GET /users/profile?id=5f4a44ad63bcb024302ff950 HTTP/1.1" 302 72 "-" "Mozilla/5.0 (Windows NT 10.0; Win64; x64) AppleWebKit/537.36 (KHTML, like Gecko) Chrome/85.0.4183.83 Safari/537.36"
::1 - - [05/Sep/2020:06:58:30 +0000] "GET /users/sign-in HTTP/1.1" 200 2639 "-" "Mozilla/5.0 (Windows NT 10.0; Win64; x64) AppleWebKit/537.36 (KHTML, like Gecko) Chrome/85.0.4183.83 Safari/537.36"
::1 - - [05/Sep/2020:06:58:32 +0000] "GET /css/auth-481096fc9d.css HTTP/1.1" 404 162 "http://localhost:100/users/sign-in" "Mozilla/5.0 (Windows NT 10.0; Win64; x64) AppleWebKit/537.36 (KHTML, like Gecko) Chrome/85.0.4183.83 Safari/537.36"
::1 - - [05/Sep/2020:06:58:32 +0000] "GET /css/header-3148c6ed41.css HTTP/1.1" 404 164 "http://localhost:100/users/sign-in" "Mozilla/5.0 (Windows NT 10.0; Win64; x64) AppleWebKit/537.36 (KHTML, like Gecko) Chrome/85.0.4183.83 Safari/537.36"
::1 - - [05/Sep/2020:06:58:32 +0000] "GET /css/layout-1b43205d35.css HTTP/1.1" 404 164 "http://localhost:100/users/sign-in" "Mozilla/5.0 (Windows NT 10.0; Win64; x64) AppleWebKit/537.36 (KHTML, like Gecko) Chrome/85.0.4183.83 Safari/537.36"
::1 - - [05/Sep/2020:06:58:32 +0000] "GET /css/footer-f5277933e7.css HTTP/1.1" 404 164 "http://localhost:100/users/sign-in" "Mozilla/5.0 (Windows NT 10.0; Win64; x64) AppleWebKit/537.36 (KHTML, like Gecko) Chrome/85.0.4183.83 Safari/537.36"
::1 - - [05/Sep/2020:06:58:41 +0000] "GET /favicon.ico HTTP/1.1" 404 150 "http://localhost:100/users/sign-in" "Mozilla/5.0 (Windows NT 10.0; Win64; x64) AppleWebKit/537.36 (KHTML, like Gecko) Chrome/85.0.4183.83 Safari/537.36"
::1 - - [05/Sep/2020:06:58:43 +0000] "GET /css/footer-f5277933e7.css HTTP/1.1" 404 164 "http://localhost:100/users/sign-in" "Mozilla/5.0 (Windows NT 10.0; Win64; x64) AppleWebKit/537.36 (KHTML, like Gecko) Chrome/85.0.4183.83 Safari/537.36"
::1 - - [05/Sep/2020:06:58:43 +0000] "GET /css/layout-1b43205d35.css HTTP/1.1" 404 164 "http://localhost:100/users/sign-in" "Mozilla/5.0 (Windows NT 10.0; Win64; x64) AppleWebKit/537.36 (KHTML, like Gecko) Chrome/85.0.4183.83 Safari/537.36"
::1 - - [05/Sep/2020:06:58:43 +0000] "GET /css/header-3148c6ed41.css HTTP/1.1" 404 164 "http://localhost:100/users/sign-in" "Mozilla/5.0 (Windows NT 10.0; Win64; x64) AppleWebKit/537.36 (KHTML, like Gecko) Chrome/85.0.4183.83 Safari/537.36"
::1 - - [05/Sep/2020:06:58:43 +0000] "GET /css/auth-481096fc9d.css HTTP/1.1" 404 162 "http://localhost:100/users/sign-in" "Mozilla/5.0 (Windows NT 10.0; Win64; x64) AppleWebKit/537.36 (KHTML, like Gecko) Chrome/85.0.4183.83 Safari/537.36"
::1 - - [05/Sep/2020:06:59:20 +0000] "GET /css/auth-481096fc9d.css HTTP/1.1" 404 162 "-" "Mozilla/5.0 (Windows NT 10.0; Win64; x64) AppleWebKit/537.36 (KHTML, like Gecko) Chrome/85.0.4183.83 Safari/537.36"
::1 - - [05/Sep/2020:06:59:25 +0000] "GET /css/header-3148c6ed41.css HTTP/1.1" 404 164 "-" "Mozilla/5.0 (Windows NT 10.0; Win64; x64) AppleWebKit/537.36 (KHTML, like Gecko) Chrome/85.0.4183.83 Safari/537.36"
[0mGET / [32m200[0m 622.989 ms - 5436[0m
[0mGET /javascript/chat_engine.js [33m404[0m 74.801 ms - 164[0m
[0mGET /javascript/home_posts.js [33m404[0m 46.775 ms - 163[0m
[0mGET /javascript/toggle-likes.js [33m404[0m 47.826 ms - 165[0m
[0mGET /javascript/posts_comments.js [33m404[0m 26.325 ms - 167[0m
[0mGET /uploads/users/avtars/avtar-1598599649250 [36m304[0m 375.966 ms - -[0m
[0mGET /javascript/chat_engine.js [33m404[0m 30.453 ms - 164[0m
[0mGET /javascript/home_posts.js [33m404[0m 21.561 ms - 163[0m
[0mGET /javascript/posts_comments.js [33m404[0m 33.993 ms - 167[0m
[0mGET /javascript/toggle-likes.js [33m404[0m 6.089 ms - 165[0m
[0mGET /css/layout.css [33m404[0m 8.651 ms - 153[0m
[0mGET /css/header.css [33m404[0m 7.394 ms - 153[0m
[0mGET /css/footer.css [33m404[0m 10.632 ms - 153[0m
[0mGET /css/home.css [33m404[0m 7.573 ms - 151[0m
[0mGET /css/chat-box.css [33m404[0m 133.425 ms - 155[0m
[0mGET / [36m304[0m 96.817 ms - -[0m
[0mGET /css/layout.css [33m404[0m 53.930 ms - 153[0m
[0mGET /css/header.css [33m404[0m 95.794 ms - 153[0m
[0mGET /css/footer.css [33m404[0m 219.406 ms - 153[0m
[0mGET /css/home.css [33m404[0m 169.479 ms - 151[0m
[0mGET /css/chat-box.css [33m404[0m 226.516 ms - 155[0m
[0mGET /javascript/chat_engine.js [33m404[0m 49.245 ms - 164[0m
[0mGET /javascript/home_posts.js [33m404[0m 69.495 ms - 163[0m
[0mGET /uploads/users/avtars/avtar-1598599649250 [36m304[0m 100.371 ms - -[0m
[0mGET /javascript/toggle-likes.js [33m404[0m 67.032 ms - 165[0m
[0mGET /javascript/posts_comments.js [33m404[0m 68.616 ms - 167[0m
[0mGET / [36m304[0m 114.431 ms - -[0m
[0mGET /css/layout.css [33m404[0m 136.899 ms - 153[0m
[0mGET /css/header.css [33m404[0m 141.192 ms - 153[0m
[0mGET /css/footer.css [33m404[0m 173.963 ms - 153[0m
[0mGET /css/home.css [33m404[0m 208.859 ms - 151[0m
[0mGET /css/chat-box.css [33m404[0m 217.139 ms - 155[0m
[0mGET /javascript/chat_engine.js [33m404[0m 174.544 ms - 164[0m
[0mGET /javascript/home_posts.js [33m404[0m 131.639 ms - 163[0m
[0mGET /javascript/posts_comments.js [33m404[0m 129.180 ms - 167[0m
[0mGET /javascript/toggle-likes.js [33m404[0m 133.728 ms - 165[0m
[0mGET /uploads/users/avtars/avtar-1598599649250 [36m304[0m 146.775 ms - -[0m
[0mGET / [36m304[0m 181.061 ms - -[0m
[0mGET /javascript/home_posts.js [33m404[0m 74.460 ms - 163[0m
[0mGET /javascript/chat_engine.js [33m404[0m 124.232 ms - 164[0m
[0mGET /javascript/posts_comments.js [33m404[0m 72.481 ms - 167[0m
[0mGET /javascript/toggle-likes.js [33m404[0m 160.338 ms - 165[0m
[0mGET /uploads/users/avtars/avtar-1598599649250 [36m304[0m 192.852 ms - -[0m
[0mGET /javascript/chat_engine.js [33m404[0m 24.731 ms - 164[0m
[0mGET /javascript/home_posts.js [33m404[0m 7.242 ms - 163[0m
[0mGET /javascript/posts_comments.js [33m404[0m 5.701 ms - 167[0m
[0mGET /javascript/toggle-likes.js [33m404[0m 21.659 ms - 165[0m
[0mGET / [36m304[0m 79.170 ms - -[0m
[0mGET /css/header.css [33m404[0m 31.417 ms - 153[0m
[0mGET /css/layout.css [33m404[0m 34.023 ms - 153[0m
[0mGET /css/footer.css [33m404[0m 38.427 ms - 153[0m
[0mGET /css/home.css [33m404[0m 40.082 ms - 151[0m
[0mGET /css/chat-box.css [33m404[0m 51.377 ms - 155[0m
[0mGET /javascript/chat_engine.js [33m404[0m 147.009 ms - 164[0m
[0mGET /javascript/home_posts.js [33m404[0m 38.348 ms - 163[0m
[0mGET /javascript/posts_comments.js [33m404[0m 40.152 ms - 167[0m
[0mGET /javascript/toggle-likes.js [33m404[0m 44.276 ms - 165[0m
[0mGET /uploads/users/avtars/avtar-1598599649250 [36m304[0m 44.830 ms - -[0m
[0mGET / [36m304[0m 67.994 ms - -[0m
[0mGET /css/layout.css [33m404[0m 24.390 ms - 153[0m
[0mGET /css/header.css [33m404[0m 25.953 ms - 153[0m
[0mGET /css/footer.css [33m404[0m 41.206 ms - 153[0m
[0mGET /css/home.css [33m404[0m 42.615 ms - 151[0m
[0mGET /css/chat-box.css [33m404[0m 45.239 ms - 155[0m
[0mGET /javascript/chat_engine.js [33m404[0m 38.055 ms - 164[0m
[0mGET /javascript/home_posts.js [33m404[0m 45.062 ms - 163[0m
[0mGET /javascript/posts_comments.js [33m404[0m 46.254 ms - 167[0m
[0mGET /javascript/toggle-likes.js [33m404[0m 52.169 ms - 165[0m
[0mGET /uploads/users/avtars/avtar-1598599649250 [36m304[0m 67.053 ms - -[0m
[0mGET /javascript/chat_engine.js [33m404[0m 7.857 ms - 164[0m
[0mGET /javascript/home_posts.js [33m404[0m 5.193 ms - 163[0m
[0mGET /javascript/posts_comments.js [33m404[0m 4.703 ms - 167[0m
[0mGET /javascript/toggle-likes.js [33m404[0m 5.635 ms - 165[0m
[0mGET / [36m304[0m 186.539 ms - -[0m
[0mGET /javascript/toggle-likes.js [33m404[0m 98.795 ms - 165[0m
[0mGET /javascript/posts_comments.js [33m404[0m 139.224 ms - 167[0m
[0mGET /javascript/chat_engine.js [33m404[0m 170.086 ms - 164[0m
[0mGET /javascript/home_posts.js [33m404[0m 158.314 ms - 163[0m
[0mGET /uploads/users/avtars/avtar-1598599649250 [36m304[0m 160.357 ms - -[0m
[0mGET / [36m304[0m 118.756 ms - -[0m
[0mGET /css/layout.css [33m404[0m 72.138 ms - 153[0m
[0mGET /css/header.css [33m404[0m 74.334 ms - 153[0m
[0mGET /css/home.css [33m404[0m 84.600 ms - 151[0m
[0mGET /css/footer.css [33m404[0m 102.957 ms - 153[0m
[0mGET /css/chat-box.css [33m404[0m 106.897 ms - 155[0m
[0mGET /javascript/chat_engine.js [33m404[0m 91.642 ms - 164[0m
[0mGET /javascript/home_posts.js [33m404[0m 97.437 ms - 163[0m
[0mGET /javascript/posts_comments.js [33m404[0m 97.995 ms - 167[0m
[0mGET /javascript/toggle-likes.js [33m404[0m 133.050 ms - 165[0m
[0mGET /uploads/users/avtars/avtar-1598599649250 [36m304[0m 85.366 ms - -[0m
[0mGET / [36m304[0m 193.923 ms - -[0m
[0mGET /css/layout.css [33m404[0m 16.130 ms - 153[0m
[0mGET /css/header.css [33m404[0m 40.915 ms - 153[0m
[0mGET /css/footer.css [33m404[0m 68.946 ms - 153[0m
[0mGET /css/home.css [33m404[0m 63.110 ms - 151[0m
[0mGET /css/chat-box.css [33m404[0m 79.381 ms - 155[0m
[0mGET /javascript/chat_engine.js [33m404[0m 7.928 ms - 164[0m
[0mGET /javascript/home_posts.js [33m404[0m 65.119 ms - 163[0m
[0mGET /javascript/posts_comments.js [33m404[0m 52.407 ms - 167[0m
[0mGET /javascript/toggle-likes.js [33m404[0m 84.245 ms - 165[0m
[0mGET /uploads/users/avtars/avtar-1598599649250 [36m304[0m 83.734 ms - -[0m
[0mGET /javascript/chat_engine.js [33m404[0m 26.442 ms - 164[0m
[0mGET /javascript/home_posts.js [33m404[0m 4.851 ms - 163[0m
[0mGET /javascript/posts_comments.js [33m404[0m 26.610 ms - 167[0m
[0mGET /javascript/toggle-likes.js [33m404[0m 4.432 ms - 165[0m
[0mGET / [36m304[0m 227.078 ms - -[0m
[0mGET /javascript/chat_engine.js [33m404[0m 34.440 ms - 164[0m
[0mGET /javascript/posts_comments.js [33m404[0m 183.487 ms - 167[0m
[0mGET /javascript/home_posts.js [33m404[0m 197.697 ms - 163[0m
[0mGET /javascript/toggle-likes.js [33m404[0m 165.426 ms - 165[0m
[0mGET /uploads/users/avtars/avtar-1598599649250 [36m304[0m 192.284 ms - -[0m
[0mGET /javascript/posts_comments.js [33m404[0m 36.312 ms - 167[0m
[0mGET /javascript/toggle-likes.js [33m404[0m 22.550 ms - 165[0m
[0mGET / [36m304[0m 137.023 ms - -[0m
[0mGET /css/layout.css [33m404[0m 120.881 ms - 153[0m
[0mGET /css/header.css [33m404[0m 124.911 ms - 153[0m
[0mGET /css/footer.css [33m404[0m 131.297 ms - 153[0m
[0mGET /css/home.css [33m404[0m 153.431 ms - 151[0m
[0mGET /css/chat-box.css [33m404[0m 197.820 ms - 155[0m
[0mGET /javascript/chat_engine.js [33m404[0m 161.901 ms - 164[0m
[0mGET /javascript/home_posts.js [33m404[0m 143.384 ms - 163[0m
[0mGET /javascript/posts_comments.js [33m404[0m 139.602 ms - 167[0m
[0mGET /javascript/toggle-likes.js [33m404[0m 119.195 ms - 165[0m
[0mGET /uploads/users/avtars/avtar-1598599649250 [36m304[0m 150.550 ms - -[0m
[0mGET /javascript/chat_engine.js [33m404[0m 9.122 ms - 164[0m
[0mGET /javascript/home_posts.js [33m404[0m 6.422 ms - 163[0m
[0mGET /javascript/posts_comments.js [33m404[0m 5.708 ms - 167[0m
[0mGET /javascript/toggle-likes.js [33m404[0m 6.417 ms - 165[0m
[0mGET / [36m304[0m 227.235 ms - -[0m
[0mGET /javascript/home_posts.js [33m404[0m 142.447 ms - 163[0m
[0mGET /javascript/chat_engine.js [33m404[0m 143.921 ms - 164[0m
[0mGET /javascript/toggle-likes.js [33m404[0m 170.117 ms - 165[0m
[0mGET /javascript/posts_comments.js [33m404[0m 172.599 ms - 167[0m
[0mGET /uploads/users/avtars/avtar-1598599649250 [36m304[0m 156.380 ms - -[0m
[0mGET / [36m304[0m 109.629 ms - -[0m
[0mGET /css/header.css [33m404[0m 39.538 ms - 153[0m
[0mGET /css/layout.css [33m404[0m 41.920 ms - 153[0m
[0mGET /css/footer.css [33m404[0m 72.291 ms - 153[0m
[0mGET /css/home.css [33m404[0m 79.276 ms - 151[0m
[0mGET /css/chat-box.css [33m404[0m 85.607 ms - 155[0m
[0mGET /javascript/chat_engine.js [33m404[0m 99.708 ms - 164[0m
[0mGET /javascript/home_posts.js [33m404[0m 77.769 ms - 163[0m
[0mGET /javascript/posts_comments.js [33m404[0m 93.758 ms - 167[0m
[0mGET /javascript/toggle-likes.js [33m404[0m 88.504 ms - 165[0m
[0mGET /uploads/users/avtars/avtar-1598599649250 [36m304[0m 96.688 ms - -[0m
[0mGET /javascript/chat_engine.js [33m404[0m 23.330 ms - 164[0m
[0mGET /javascript/home_posts.js [33m404[0m 7.172 ms - 163[0m
[0mGET /javascript/posts_comments.js [33m404[0m 9.198 ms - 167[0m
[0mGET /javascript/toggle-likes.js [33m404[0m 6.832 ms - 165[0m
[0mGET / [36m304[0m 101.018 ms - -[0m
[0mGET /javascript/chat_engine.js [33m404[0m 45.721 ms - 164[0m
[0mGET /javascript/home_posts.js [33m404[0m 49.505 ms - 163[0m
[0mGET /javascript/posts_comments.js [33m404[0m 44.835 ms - 167[0m
[0mGET /javascript/toggle-likes.js [33m404[0m 59.123 ms - 165[0m
[0mGET /uploads/users/avtars/avtar-1598599649250 [36m304[0m 71.565 ms - -[0m
[0mGET / [36m304[0m 44.809 ms - -[0m
[0mGET /css/layout.css [33m404[0m 24.774 ms - 153[0m
[0mGET /css/footer.css [33m404[0m 24.806 ms - 153[0m
[0mGET /css/header.css [33m404[0m 26.309 ms - 153[0m
[0mGET /css/home.css [33m404[0m 71.759 ms - 151[0m
[0mGET /css/chat-box.css [33m404[0m 91.258 ms - 155[0m
[0mGET /javascript/chat_engine.js [33m404[0m 178.189 ms - 164[0m
[0mGET /javascript/home_posts.js [33m404[0m 165.644 ms - 163[0m
[0mGET /javascript/posts_comments.js [33m404[0m 166.609 ms - 167[0m
[0mGET /javascript/toggle-likes.js [33m404[0m 158.142 ms - 165[0m
[0mGET /uploads/users/avtars/avtar-1598599649250 [36m304[0m 173.760 ms - -[0m
[0mGET /css/home.css [33m404[0m 8.068 ms - 151[0m
[0mGET / [32m200[0m 114.236 ms - 5432[0m
[0mGET /css/layout.css [33m404[0m 12.417 ms - 153[0m
[0mGET /css/header.css [33m404[0m 44.312 ms - 153[0m
[0mGET /css/footer.css [33m404[0m 45.560 ms - 153[0m
[0mGET /css/chat-box.css [33m404[0m 62.359 ms - 155[0m
[0mGET /css/home.css [33m404[0m 47.200 ms - 151[0m
[0mGET /javascript/chat_engine.js [33m404[0m 60.108 ms - 164[0m
[0mGET /javascript/home_posts.js [33m404[0m 81.358 ms - 163[0m
[0mGET /javascript/posts_comments.js [33m404[0m 75.124 ms - 167[0m
[0mGET /javascript/toggle-likes.js [33m404[0m 79.019 ms - 165[0m
[0mGET /uploads/users/avtars/avtar-1598599649250 [36m304[0m 89.932 ms - -[0m
[0mGET /javascript/chat_engine.js [33m404[0m 13.909 ms - 164[0m
[0mGET /javascript/home_posts.js [33m404[0m 9.306 ms - 163[0m
[0mGET /javascript/posts_comments.js [33m404[0m 6.084 ms - 167[0m
[0mGET /javascript/toggle-likes.js [33m404[0m 6.680 ms - 165[0m
[0mGET / [36m304[0m 113.588 ms - -[0m
[0mGET /javascript/chat_engine.js [33m404[0m 213.727 ms - 164[0m
[0mGET /javascript/posts_comments.js [33m404[0m 120.256 ms - 167[0m
[0mGET /javascript/toggle-likes.js [33m404[0m 104.089 ms - 165[0m
[0mGET /javascript/home_posts.js [33m404[0m 112.277 ms - 163[0m
[0mGET /uploads/users/avtars/avtar-1598599649250 [36m304[0m 126.869 ms - -[0m
[0mGET /javascript/posts_comments.js [33m404[0m 13.079 ms - 167[0m
[0mGET /javascript/toggle-likes.js [33m404[0m 11.597 ms - 165[0m
[0mGET / [36m304[0m 167.758 ms - -[0m
[0mGET /javascript/posts_comments.js [33m404[0m 102.575 ms - 167[0m
[0mGET /javascript/chat_engine.js [33m404[0m 64.503 ms - 164[0m
[0mGET /javascript/home_posts.js [33m404[0m 63.397 ms - 163[0m
[0mGET /javascript/toggle-likes.js [33m404[0m 81.771 ms - 165[0m
[0mGET /uploads/users/avtars/avtar-1598599649250 [36m304[0m 114.175 ms - -[0m
[0mGET /javascript/chat_engine.js [33m404[0m 13.013 ms - 164[0m
[0mGET /javascript/home_posts.js [33m404[0m 22.417 ms - 163[0m
[0mGET /javascript/posts_comments.js [33m404[0m 38.087 ms - 167[0m
[0mGET /javascript/toggle-likes.js [33m404[0m 13.535 ms - 165[0m
[0mGET / [36m304[0m 148.394 ms - -[0m
[0mGET /javascript/toggle-likes.js [32m200[0m 17.152 ms - 3119[0m
[0mGET /uploads/users/avtars/avtar-1598599649250 [36m304[0m 23.845 ms - -[0m
[0mGET /javascript/chat_engine.js [32m200[0m 89.454 ms - 2060[0m
[0mGET /javascript/posts_comments.js [32m200[0m 31.945 ms - 5871[0m
[0mGET /javascript/home_posts.js [32m200[0m 42.552 ms - 7535[0m
[0mGET / [36m304[0m 65.453 ms - -[0m
[0mGET /css/layout.css [32m200[0m 7.381 ms - 1135[0m
[0mGET /css/header.css [32m200[0m 8.600 ms - 1858[0m
[0mGET /css/footer.css [32m200[0m 9.142 ms - 252[0m
[0mGET /css/home.css [32m200[0m 9.650 ms - 4225[0m
[0mGET /css/chat-box.css [32m200[0m 6.906 ms - 1276[0m
[0mGET /javascript/chat_engine.js [36m304[0m 5.900 ms - -[0m
[0mGET /javascript/home_posts.js [36m304[0m 2.489 ms - -[0m
[0mGET /javascript/posts_comments.js [36m304[0m 1.352 ms - -[0m
[0mGET /javascript/toggle-likes.js [36m304[0m 41.284 ms - -[0m
[0mGET /uploads/users/avtars/avtar-1598599649250 [36m304[0m 47.456 ms - -[0m
[0mGET / [36m304[0m 69.730 ms - -[0m
[0mGET /css/header.css [36m304[0m 3.681 ms - -[0m
[0mGET /css/layout.css [36m304[0m 3.754 ms - -[0m
[0mGET /css/footer.css [36m304[0m 3.854 ms - -[0m
[0mGET /css/home.css [36m304[0m 2.192 ms - -[0m
[0mGET /css/chat-box.css [36m304[0m 1.791 ms - -[0m
[0mGET /javascript/chat_engine.js [36m304[0m 1.170 ms - -[0m
[0mGET /javascript/home_posts.js [36m304[0m 1.072 ms - -[0m
[0mGET /javascript/posts_comments.js [36m304[0m 26.879 ms - -[0m
[0mGET /javascript/toggle-likes.js [36m304[0m 9.538 ms - -[0m
[0mGET /uploads/users/avtars/avtar-1598599649250 [36m304[0m 29.167 ms - -[0m
[0mGET / [36m304[0m 58.561 ms - -[0m
[0mGET /css/layout.css [36m304[0m 4.948 ms - -[0m
[0mGET /css/header.css [36m304[0m 4.080 ms - -[0m
[0mGET /css/footer.css [36m304[0m 4.250 ms - -[0m
[0mGET /css/home.css [36m304[0m 1.354 ms - -[0m
[0mGET /css/chat-box.css [36m304[0m 1.614 ms - -[0m
[0mGET /javascript/chat_engine.js [36m304[0m 71.920 ms - -[0m
[0mGET /javascript/home_posts.js [36m304[0m 53.158 ms - -[0m
[0mGET /javascript/posts_comments.js [36m304[0m 28.527 ms - -[0m
[0mGET /javascript/toggle-likes.js [36m304[0m 7.602 ms - -[0m
[0mGET /uploads/users/avtars/avtar-1598599649250 [36m304[0m 28.356 ms - -[0m
::1 - - [05/Sep/2020:07:23:43 +0000] "GET / HTTP/1.1" 200 2320 "-" "Mozilla/5.0 (Windows NT 10.0; Win64; x64) AppleWebKit/537.36 (KHTML, like Gecko) Chrome/85.0.4183.83 Safari/537.36"
::1 - - [05/Sep/2020:07:23:44 +0000] "GET /css/layout-1b43205d35.css HTTP/1.1" 404 164 "http://localhost:100/" "Mozilla/5.0 (Windows NT 10.0; Win64; x64) AppleWebKit/537.36 (KHTML, like Gecko) Chrome/85.0.4183.83 Safari/537.36"
::1 - - [05/Sep/2020:07:23:44 +0000] "GET /css/footer-f5277933e7.css HTTP/1.1" 404 164 "http://localhost:100/" "Mozilla/5.0 (Windows NT 10.0; Win64; x64) AppleWebKit/537.36 (KHTML, like Gecko) Chrome/85.0.4183.83 Safari/537.36"
::1 - - [05/Sep/2020:07:23:44 +0000] "GET /css/header-3148c6ed41.css HTTP/1.1" 404 164 "http://localhost:100/" "Mozilla/5.0 (Windows NT 10.0; Win64; x64) AppleWebKit/537.36 (KHTML, like Gecko) Chrome/85.0.4183.83 Safari/537.36"
::1 - - [05/Sep/2020:07:23:44 +0000] "GET /css/home-4fa0e9aa78.css HTTP/1.1" 404 162 "http://localhost:100/" "Mozilla/5.0 (Windows NT 10.0; Win64; x64) AppleWebKit/537.36 (KHTML, like Gecko) Chrome/85.0.4183.83 Safari/537.36"
::1 - - [05/Sep/2020:07:23:44 +0000] "GET /css/chat-box-07518463a8.css HTTP/1.1" 404 166 "http://localhost:100/" "Mozilla/5.0 (Windows NT 10.0; Win64; x64) AppleWebKit/537.36 (KHTML, like Gecko) Chrome/85.0.4183.83 Safari/537.36"
::1 - - [05/Sep/2020:07:23:44 +0000] "GET /undefined HTTP/1.1" 404 148 "http://localhost:100/" "Mozilla/5.0 (Windows NT 10.0; Win64; x64) AppleWebKit/537.36 (KHTML, like Gecko) Chrome/85.0.4183.83 Safari/537.36"
::1 - - [05/Sep/2020:07:23:45 +0000] "GET /javascript/home_posts-a8b8f23959.js HTTP/1.1" 404 174 "http://localhost:100/" "Mozilla/5.0 (Windows NT 10.0; Win64; x64) AppleWebKit/537.36 (KHTML, like Gecko) Chrome/85.0.4183.83 Safari/537.36"
::1 - - [05/Sep/2020:07:23:45 +0000] "GET /javascript/posts_comments-d4c0dd3a22.js HTTP/1.1" 404 178 "http://localhost:100/" "Mozilla/5.0 (Windows NT 10.0; Win64; x64) AppleWebKit/537.36 (KHTML, like Gecko) Chrome/85.0.4183.83 Safari/537.36"
::1 - - [05/Sep/2020:07:23:45 +0000] "GET /javascript/toggle-likes-3340242b06.js HTTP/1.1" 404 176 "http://localhost:100/" "Mozilla/5.0 (Windows NT 10.0; Win64; x64) AppleWebKit/537.36 (KHTML, like Gecko) Chrome/85.0.4183.83 Safari/537.36"
::1 - - [05/Sep/2020:07:23:46 +0000] "GET /undefined HTTP/1.1" 404 148 "http://localhost:100/" "Mozilla/5.0 (Windows NT 10.0; Win64; x64) AppleWebKit/537.36 (KHTML, like Gecko) Chrome/85.0.4183.83 Safari/537.36"
::1 - - [05/Sep/2020:07:23:46 +0000] "GET /javascript/home_posts-a8b8f23959.js HTTP/1.1" 404 174 "http://localhost:100/" "Mozilla/5.0 (Windows NT 10.0; Win64; x64) AppleWebKit/537.36 (KHTML, like Gecko) Chrome/85.0.4183.83 Safari/537.36"
::1 - - [05/Sep/2020:07:23:46 +0000] "GET /javascript/posts_comments-d4c0dd3a22.js HTTP/1.1" 404 178 "http://localhost:100/" "Mozilla/5.0 (Windows NT 10.0; Win64; x64) AppleWebKit/537.36 (KHTML, like Gecko) Chrome/85.0.4183.83 Safari/537.36"
::1 - - [05/Sep/2020:07:23:46 +0000] "GET /javascript/toggle-likes-3340242b06.js HTTP/1.1" 404 176 "http://localhost:100/" "Mozilla/5.0 (Windows NT 10.0; Win64; x64) AppleWebKit/537.36 (KHTML, like Gecko) Chrome/85.0.4183.83 Safari/537.36"
::1 - - [05/Sep/2020:07:28:23 +0000] "GET / HTTP/1.1" 200 2191 "-" "Mozilla/5.0 (Windows NT 10.0; Win64; x64) AppleWebKit/537.36 (KHTML, like Gecko) Chrome/85.0.4183.83 Safari/537.36"
::1 - - [05/Sep/2020:07:28:23 +0000] "GET /css/layout-cc9e473445.css HTTP/1.1" 404 164 "http://localhost:100/" "Mozilla/5.0 (Windows NT 10.0; Win64; x64) AppleWebKit/537.36 (KHTML, like Gecko) Chrome/85.0.4183.83 Safari/537.36"
::1 - - [05/Sep/2020:07:28:23 +0000] "GET /css/header-59416c5a7e.css HTTP/1.1" 404 164 "http://localhost:100/" "Mozilla/5.0 (Windows NT 10.0; Win64; x64) AppleWebKit/537.36 (KHTML, like Gecko) Chrome/85.0.4183.83 Safari/537.36"
::1 - - [05/Sep/2020:07:28:23 +0000] "GET /css/footer-f5277933e7.css HTTP/1.1" 404 164 "http://localhost:100/" "Mozilla/5.0 (Windows NT 10.0; Win64; x64) AppleWebKit/537.36 (KHTML, like Gecko) Chrome/85.0.4183.83 Safari/537.36"
::1 - - [05/Sep/2020:07:28:23 +0000] "GET /css/home-359cc9d9a3.css HTTP/1.1" 404 162 "http://localhost:100/" "Mozilla/5.0 (Windows NT 10.0; Win64; x64) AppleWebKit/537.36 (KHTML, like Gecko) Chrome/85.0.4183.83 Safari/537.36"
::1 - - [05/Sep/2020:07:28:23 +0000] "GET /css/chat-box-07518463a8.css HTTP/1.1" 404 166 "http://localhost:100/" "Mozilla/5.0 (Windows NT 10.0; Win64; x64) AppleWebKit/537.36 (KHTML, like Gecko) Chrome/85.0.4183.83 Safari/537.36"
::1 - - [05/Sep/2020:07:28:57 +0000] "GET / HTTP/1.1" 304 - "-" "Mozilla/5.0 (Windows NT 10.0; Win64; x64) AppleWebKit/537.36 (KHTML, like Gecko) Chrome/85.0.4183.83 Safari/537.36"
::1 - - [05/Sep/2020:07:28:57 +0000] "GET /css/layout-cc9e473445.css HTTP/1.1" 404 164 "http://localhost:100/" "Mozilla/5.0 (Windows NT 10.0; Win64; x64) AppleWebKit/537.36 (KHTML, like Gecko) Chrome/85.0.4183.83 Safari/537.36"
::1 - - [05/Sep/2020:07:28:57 +0000] "GET /css/footer-f5277933e7.css HTTP/1.1" 404 164 "http://localhost:100/" "Mozilla/5.0 (Windows NT 10.0; Win64; x64) AppleWebKit/537.36 (KHTML, like Gecko) Chrome/85.0.4183.83 Safari/537.36"
::1 - - [05/Sep/2020:07:28:57 +0000] "GET /css/home-359cc9d9a3.css HTTP/1.1" 404 162 "http://localhost:100/" "Mozilla/5.0 (Windows NT 10.0; Win64; x64) AppleWebKit/537.36 (KHTML, like Gecko) Chrome/85.0.4183.83 Safari/537.36"
::1 - - [05/Sep/2020:07:28:57 +0000] "GET /css/header-59416c5a7e.css HTTP/1.1" 404 164 "http://localhost:100/" "Mozilla/5.0 (Windows NT 10.0; Win64; x64) AppleWebKit/537.36 (KHTML, like Gecko) Chrome/85.0.4183.83 Safari/537.36"
::1 - - [05/Sep/2020:07:28:57 +0000] "GET /css/chat-box-07518463a8.css HTTP/1.1" 404 166 "http://localhost:100/" "Mozilla/5.0 (Windows NT 10.0; Win64; x64) AppleWebKit/537.36 (KHTML, like Gecko) Chrome/85.0.4183.83 Safari/537.36"
::1 - - [05/Sep/2020:07:31:09 +0000] "GET / HTTP/1.1" 304 - "-" "Mozilla/5.0 (Windows NT 10.0; Win64; x64) AppleWebKit/537.36 (KHTML, like Gecko) Chrome/85.0.4183.83 Safari/537.36"
::1 - - [05/Sep/2020:07:31:09 +0000] "GET /css/header-59416c5a7e.css HTTP/1.1" 200 1858 "http://localhost:100/" "Mozilla/5.0 (Windows NT 10.0; Win64; x64) AppleWebKit/537.36 (KHTML, like Gecko) Chrome/85.0.4183.83 Safari/537.36"
::1 - - [05/Sep/2020:07:31:09 +0000] "GET /css/home-359cc9d9a3.css HTTP/1.1" 200 4225 "http://localhost:100/" "Mozilla/5.0 (Windows NT 10.0; Win64; x64) AppleWebKit/537.36 (KHTML, like Gecko) Chrome/85.0.4183.83 Safari/537.36"
::1 - - [05/Sep/2020:07:31:09 +0000] "GET /css/layout-cc9e473445.css HTTP/1.1" 200 1135 "http://localhost:100/" "Mozilla/5.0 (Windows NT 10.0; Win64; x64) AppleWebKit/537.36 (KHTML, like Gecko) Chrome/85.0.4183.83 Safari/537.36"
::1 - - [05/Sep/2020:07:31:09 +0000] "GET /css/footer-f5277933e7.css HTTP/1.1" 200 252 "http://localhost:100/" "Mozilla/5.0 (Windows NT 10.0; Win64; x64) AppleWebKit/537.36 (KHTML, like Gecko) Chrome/85.0.4183.83 Safari/537.36"
::1 - - [05/Sep/2020:07:31:09 +0000] "GET /css/chat-box-07518463a8.css HTTP/1.1" 200 1276 "http://localhost:100/" "Mozilla/5.0 (Windows NT 10.0; Win64; x64) AppleWebKit/537.36 (KHTML, like Gecko) Chrome/85.0.4183.83 Safari/537.36"
::1 - - [05/Sep/2020:07:34:14 +0000] "GET / HTTP/1.1" 200 2338 "-" "Mozilla/5.0 (Windows NT 10.0; Win64; x64) AppleWebKit/537.36 (KHTML, like Gecko) Chrome/85.0.4183.83 Safari/537.36"
::1 - - [05/Sep/2020:07:34:14 +0000] "GET /css/footer-f5277933e7.css HTTP/1.1" 200 252 "http://localhost:100/" "Mozilla/5.0 (Windows NT 10.0; Win64; x64) AppleWebKit/537.36 (KHTML, like Gecko) Chrome/85.0.4183.83 Safari/537.36"
::1 - - [05/Sep/2020:07:34:14 +0000] "GET /css/chat-box-07518463a8.css HTTP/1.1" 200 1276 "http://localhost:100/" "Mozilla/5.0 (Windows NT 10.0; Win64; x64) AppleWebKit/537.36 (KHTML, like Gecko) Chrome/85.0.4183.83 Safari/537.36"
::1 - - [05/Sep/2020:07:34:15 +0000] "GET /css/header-6c1179d349.css HTTP/1.1" 404 164 "http://localhost:100/" "Mozilla/5.0 (Windows NT 10.0; Win64; x64) AppleWebKit/537.36 (KHTML, like Gecko) Chrome/85.0.4183.83 Safari/537.36"
::1 - - [05/Sep/2020:07:34:15 +0000] "GET /css/layout-58513c837e.css HTTP/1.1" 404 164 "http://localhost:100/" "Mozilla/5.0 (Windows NT 10.0; Win64; x64) AppleWebKit/537.36 (KHTML, like Gecko) Chrome/85.0.4183.83 Safari/537.36"
::1 - - [05/Sep/2020:07:34:15 +0000] "GET /css/home-69c06c4ce9.css HTTP/1.1" 404 162 "http://localhost:100/" "Mozilla/5.0 (Windows NT 10.0; Win64; x64) AppleWebKit/537.36 (KHTML, like Gecko) Chrome/85.0.4183.83 Safari/537.36"
::1 - - [05/Sep/2020:07:34:15 +0000] "GET /javascript/posts_comments-d4c0dd3a22.js HTTP/1.1" 200 2042 "http://localhost:100/" "Mozilla/5.0 (Windows NT 10.0; Win64; x64) AppleWebKit/537.36 (KHTML, like Gecko) Chrome/85.0.4183.83 Safari/537.36"
::1 - - [05/Sep/2020:07:34:15 +0000] "GET /javascript/toggle-likes-3340242b06.js HTTP/1.1" 200 1814 "http://localhost:100/" "Mozilla/5.0 (Windows NT 10.0; Win64; x64) AppleWebKit/537.36 (KHTML, like Gecko) Chrome/85.0.4183.83 Safari/537.36"
::1 - - [05/Sep/2020:07:34:15 +0000] "GET /javascript/chat_engine-bcd3a8b9df.js HTTP/1.1" 200 901 "http://localhost:100/" "Mozilla/5.0 (Windows NT 10.0; Win64; x64) AppleWebKit/537.36 (KHTML, like Gecko) Chrome/85.0.4183.83 Safari/537.36"
::1 - - [05/Sep/2020:07:34:15 +0000] "GET /javascript/home_posts-a8b8f23959.js HTTP/1.1" 200 2870 "http://localhost:100/" "Mozilla/5.0 (Windows NT 10.0; Win64; x64) AppleWebKit/537.36 (KHTML, like Gecko) Chrome/85.0.4183.83 Safari/537.36"
::1 - - [05/Sep/2020:07:34:40 +0000] "GET / HTTP/1.1" 304 - "-" "Mozilla/5.0 (Windows NT 10.0; Win64; x64) AppleWebKit/537.36 (KHTML, like Gecko) Chrome/85.0.4183.83 Safari/537.36"
::1 - - [05/Sep/2020:07:34:40 +0000] "GET /css/layout-58513c837e.css HTTP/1.1" 404 164 "http://localhost:100/" "Mozilla/5.0 (Windows NT 10.0; Win64; x64) AppleWebKit/537.36 (KHTML, like Gecko) Chrome/85.0.4183.83 Safari/537.36"
::1 - - [05/Sep/2020:07:34:40 +0000] "GET /css/header-6c1179d349.css HTTP/1.1" 404 164 "http://localhost:100/" "Mozilla/5.0 (Windows NT 10.0; Win64; x64) AppleWebKit/537.36 (KHTML, like Gecko) Chrome/85.0.4183.83 Safari/537.36"
::1 - - [05/Sep/2020:07:34:40 +0000] "GET /css/footer-f5277933e7.css HTTP/1.1" 304 - "http://localhost:100/" "Mozilla/5.0 (Windows NT 10.0; Win64; x64) AppleWebKit/537.36 (KHTML, like Gecko) Chrome/85.0.4183.83 Safari/537.36"
::1 - - [05/Sep/2020:07:34:40 +0000] "GET /css/chat-box-07518463a8.css HTTP/1.1" 304 - "http://localhost:100/" "Mozilla/5.0 (Windows NT 10.0; Win64; x64) AppleWebKit/537.36 (KHTML, like Gecko) Chrome/85.0.4183.83 Safari/537.36"
::1 - - [05/Sep/2020:07:34:40 +0000] "GET /css/home-69c06c4ce9.css HTTP/1.1" 404 162 "http://localhost:100/" "Mozilla/5.0 (Windows NT 10.0; Win64; x64) AppleWebKit/537.36 (KHTML, like Gecko) Chrome/85.0.4183.83 Safari/537.36"
::1 - - [05/Sep/2020:07:34:40 +0000] "GET /javascript/chat_engine-bcd3a8b9df.js HTTP/1.1" 304 - "http://localhost:100/" "Mozilla/5.0 (Windows NT 10.0; Win64; x64) AppleWebKit/537.36 (KHTML, like Gecko) Chrome/85.0.4183.83 Safari/537.36"
::1 - - [05/Sep/2020:07:34:40 +0000] "GET /javascript/home_posts-a8b8f23959.js HTTP/1.1" 304 - "http://localhost:100/" "Mozilla/5.0 (Windows NT 10.0; Win64; x64) AppleWebKit/537.36 (KHTML, like Gecko) Chrome/85.0.4183.83 Safari/537.36"
::1 - - [05/Sep/2020:07:34:40 +0000] "GET /javascript/posts_comments-d4c0dd3a22.js HTTP/1.1" 304 - "http://localhost:100/" "Mozilla/5.0 (Windows NT 10.0; Win64; x64) AppleWebKit/537.36 (KHTML, like Gecko) Chrome/85.0.4183.83 Safari/537.36"
::1 - - [05/Sep/2020:07:34:40 +0000] "GET /javascript/toggle-likes-3340242b06.js HTTP/1.1" 304 - "http://localhost:100/" "Mozilla/5.0 (Windows NT 10.0; Win64; x64) AppleWebKit/537.36 (KHTML, like Gecko) Chrome/85.0.4183.83 Safari/537.36"
::1 - - [05/Sep/2020:07:35:02 +0000] "GET / HTTP/1.1" 200 2191 "-" "Mozilla/5.0 (Windows NT 10.0; Win64; x64) AppleWebKit/537.36 (KHTML, like Gecko) Chrome/85.0.4183.83 Safari/537.36"
::1 - - [05/Sep/2020:07:35:02 +0000] "GET /css/layout-cc9e473445.css HTTP/1.1" 200 1135 "http://localhost:100/" "Mozilla/5.0 (Windows NT 10.0; Win64; x64) AppleWebKit/537.36 (KHTML, like Gecko) Chrome/85.0.4183.83 Safari/537.36"
::ffff:127.0.0.1 - - [05/Sep/2020:07:35:02 +0000] "GET /css/header-59416c5a7e.css HTTP/1.1" 200 1858 "http://localhost:100/" "Mozilla/5.0 (Windows NT 10.0; Win64; x64) AppleWebKit/537.36 (KHTML, like Gecko) Chrome/85.0.4183.83 Safari/537.36"
::ffff:127.0.0.1 - - [05/Sep/2020:07:35:02 +0000] "GET /css/footer-f5277933e7.css HTTP/1.1" 200 252 "http://localhost:100/" "Mozilla/5.0 (Windows NT 10.0; Win64; x64) AppleWebKit/537.36 (KHTML, like Gecko) Chrome/85.0.4183.83 Safari/537.36"
::1 - - [05/Sep/2020:07:35:02 +0000] "GET /css/home-359cc9d9a3.css HTTP/1.1" 200 4225 "http://localhost:100/" "Mozilla/5.0 (Windows NT 10.0; Win64; x64) AppleWebKit/537.36 (KHTML, like Gecko) Chrome/85.0.4183.83 Safari/537.36"
::1 - - [05/Sep/2020:07:35:02 +0000] "GET /css/chat-box-07518463a8.css HTTP/1.1" 200 1276 "http://localhost:100/" "Mozilla/5.0 (Windows NT 10.0; Win64; x64) AppleWebKit/537.36 (KHTML, like Gecko) Chrome/85.0.4183.83 Safari/537.36"
::1 - - [05/Sep/2020:07:35:26 +0000] "GET / HTTP/1.1" 200 2338 "-" "Mozilla/5.0 (Windows NT 10.0; Win64; x64) AppleWebKit/537.36 (KHTML, like Gecko) Chrome/85.0.4183.83 Safari/537.36"
::1 - - [05/Sep/2020:07:35:26 +0000] "GET /css/layout-58513c837e.css HTTP/1.1" 404 164 "http://localhost:100/" "Mozilla/5.0 (Windows NT 10.0; Win64; x64) AppleWebKit/537.36 (KHTML, like Gecko) Chrome/85.0.4183.83 Safari/537.36"
::1 - - [05/Sep/2020:07:35:26 +0000] "GET /css/footer-f5277933e7.css HTTP/1.1" 304 - "http://localhost:100/" "Mozilla/5.0 (Windows NT 10.0; Win64; x64) AppleWebKit/537.36 (KHTML, like Gecko) Chrome/85.0.4183.83 Safari/537.36"
::1 - - [05/Sep/2020:07:35:26 +0000] "GET /css/header-6c1179d349.css HTTP/1.1" 404 164 "http://localhost:100/" "Mozilla/5.0 (Windows NT 10.0; Win64; x64) AppleWebKit/537.36 (KHTML, like Gecko) Chrome/85.0.4183.83 Safari/537.36"
::1 - - [05/Sep/2020:07:35:26 +0000] "GET /css/chat-box-07518463a8.css HTTP/1.1" 304 - "http://localhost:100/" "Mozilla/5.0 (Windows NT 10.0; Win64; x64) AppleWebKit/537.36 (KHTML, like Gecko) Chrome/85.0.4183.83 Safari/537.36"
::1 - - [05/Sep/2020:07:35:26 +0000] "GET /css/home-69c06c4ce9.css HTTP/1.1" 404 162 "http://localhost:100/" "Mozilla/5.0 (Windows NT 10.0; Win64; x64) AppleWebKit/537.36 (KHTML, like Gecko) Chrome/85.0.4183.83 Safari/537.36"
::1 - - [05/Sep/2020:07:35:26 +0000] "GET /javascript/chat_engine-bcd3a8b9df.js HTTP/1.1" 200 901 "http://localhost:100/" "Mozilla/5.0 (Windows NT 10.0; Win64; x64) AppleWebKit/537.36 (KHTML, like Gecko) Chrome/85.0.4183.83 Safari/537.36"
::1 - - [05/Sep/2020:07:35:26 +0000] "GET /javascript/home_posts-a8b8f23959.js HTTP/1.1" 200 2870 "http://localhost:100/" "Mozilla/5.0 (Windows NT 10.0; Win64; x64) AppleWebKit/537.36 (KHTML, like Gecko) Chrome/85.0.4183.83 Safari/537.36"
::1 - - [05/Sep/2020:07:35:26 +0000] "GET /javascript/posts_comments-d4c0dd3a22.js HTTP/1.1" 200 2042 "http://localhost:100/" "Mozilla/5.0 (Windows NT 10.0; Win64; x64) AppleWebKit/537.36 (KHTML, like Gecko) Chrome/85.0.4183.83 Safari/537.36"
::1 - - [05/Sep/2020:07:35:26 +0000] "GET /javascript/toggle-likes-3340242b06.js HTTP/1.1" 200 1814 "http://localhost:100/" "Mozilla/5.0 (Windows NT 10.0; Win64; x64) AppleWebKit/537.36 (KHTML, like Gecko) Chrome/85.0.4183.83 Safari/537.36"
::1 - - [05/Sep/2020:07:38:19 +0000] "GET / HTTP/1.1" 200 2338 "-" "Mozilla/5.0 (Windows NT 10.0; Win64; x64) AppleWebKit/537.36 (KHTML, like Gecko) Chrome/85.0.4183.83 Safari/537.36"
::1 - - [05/Sep/2020:07:38:20 +0000] "GET /css/layout-cc9e473445.css HTTP/1.1" 200 1135 "http://localhost:100/" "Mozilla/5.0 (Windows NT 10.0; Win64; x64) AppleWebKit/537.36 (KHTML, like Gecko) Chrome/85.0.4183.83 Safari/537.36"
::1 - - [05/Sep/2020:07:38:20 +0000] "GET /css/header-59416c5a7e.css HTTP/1.1" 200 1858 "http://localhost:100/" "Mozilla/5.0 (Windows NT 10.0; Win64; x64) AppleWebKit/537.36 (KHTML, like Gecko) Chrome/85.0.4183.83 Safari/537.36"
::1 - - [05/Sep/2020:07:38:20 +0000] "GET /css/home-359cc9d9a3.css HTTP/1.1" 200 4225 "http://localhost:100/" "Mozilla/5.0 (Windows NT 10.0; Win64; x64) AppleWebKit/537.36 (KHTML, like Gecko) Chrome/85.0.4183.83 Safari/537.36"
::1 - - [05/Sep/2020:07:38:20 +0000] "GET /css/chat-box-07518463a8.css HTTP/1.1" 200 1276 "http://localhost:100/" "Mozilla/5.0 (Windows NT 10.0; Win64; x64) AppleWebKit/537.36 (KHTML, like Gecko) Chrome/85.0.4183.83 Safari/537.36"
::1 - - [05/Sep/2020:07:38:20 +0000] "GET /css/footer-f5277933e7.css HTTP/1.1" 200 252 "http://localhost:100/" "Mozilla/5.0 (Windows NT 10.0; Win64; x64) AppleWebKit/537.36 (KHTML, like Gecko) Chrome/85.0.4183.83 Safari/537.36"
::1 - - [05/Sep/2020:07:38:20 +0000] "GET /javascript/chat_engine-bcd3a8b9df.js HTTP/1.1" 200 901 "http://localhost:100/" "Mozilla/5.0 (Windows NT 10.0; Win64; x64) AppleWebKit/537.36 (KHTML, like Gecko) Chrome/85.0.4183.83 Safari/537.36"
::1 - - [05/Sep/2020:07:38:20 +0000] "GET /javascript/posts_comments-d4c0dd3a22.js HTTP/1.1" 200 2042 "http://localhost:100/" "Mozilla/5.0 (Windows NT 10.0; Win64; x64) AppleWebKit/537.36 (KHTML, like Gecko) Chrome/85.0.4183.83 Safari/537.36"
::1 - - [05/Sep/2020:07:38:20 +0000] "GET /javascript/toggle-likes-3340242b06.js HTTP/1.1" 200 1814 "http://localhost:100/" "Mozilla/5.0 (Windows NT 10.0; Win64; x64) AppleWebKit/537.36 (KHTML, like Gecko) Chrome/85.0.4183.83 Safari/537.36"
::1 - - [05/Sep/2020:07:38:20 +0000] "GET /javascript/home_posts-a8b8f23959.js HTTP/1.1" 200 2870 "http://localhost:100/" "Mozilla/5.0 (Windows NT 10.0; Win64; x64) AppleWebKit/537.36 (KHTML, like Gecko) Chrome/85.0.4183.83 Safari/537.36"
::1 - - [05/Sep/2020:07:38:28 +0000] "GET / HTTP/1.1" 304 - "http://localhost:100/" "Mozilla/5.0 (Windows NT 10.0; Win64; x64) AppleWebKit/537.36 (KHTML, like Gecko) Chrome/85.0.4183.83 Safari/537.36"
::1 - - [05/Sep/2020:07:38:28 +0000] "GET /css/layout-cc9e473445.css HTTP/1.1" 304 - "http://localhost:100/" "Mozilla/5.0 (Windows NT 10.0; Win64; x64) AppleWebKit/537.36 (KHTML, like Gecko) Chrome/85.0.4183.83 Safari/537.36"
::1 - - [05/Sep/2020:07:38:28 +0000] "GET /css/header-59416c5a7e.css HTTP/1.1" 304 - "http://localhost:100/" "Mozilla/5.0 (Windows NT 10.0; Win64; x64) AppleWebKit/537.36 (KHTML, like Gecko) Chrome/85.0.4183.83 Safari/537.36"
::1 - - [05/Sep/2020:07:38:28 +0000] "GET /css/footer-f5277933e7.css HTTP/1.1" 304 - "http://localhost:100/" "Mozilla/5.0 (Windows NT 10.0; Win64; x64) AppleWebKit/537.36 (KHTML, like Gecko) Chrome/85.0.4183.83 Safari/537.36"
::1 - - [05/Sep/2020:07:38:28 +0000] "GET /css/home-359cc9d9a3.css HTTP/1.1" 304 - "http://localhost:100/" "Mozilla/5.0 (Windows NT 10.0; Win64; x64) AppleWebKit/537.36 (KHTML, like Gecko) Chrome/85.0.4183.83 Safari/537.36"
::1 - - [05/Sep/2020:07:38:28 +0000] "GET /css/chat-box-07518463a8.css HTTP/1.1" 304 - "http://localhost:100/" "Mozilla/5.0 (Windows NT 10.0; Win64; x64) AppleWebKit/537.36 (KHTML, like Gecko) Chrome/85.0.4183.83 Safari/537.36"
::1 - - [05/Sep/2020:07:38:29 +0000] "GET /javascript/chat_engine-bcd3a8b9df.js HTTP/1.1" 304 - "http://localhost:100/" "Mozilla/5.0 (Windows NT 10.0; Win64; x64) AppleWebKit/537.36 (KHTML, like Gecko) Chrome/85.0.4183.83 Safari/537.36"
::1 - - [05/Sep/2020:07:38:29 +0000] "GET /javascript/home_posts-a8b8f23959.js HTTP/1.1" 304 - "http://localhost:100/" "Mozilla/5.0 (Windows NT 10.0; Win64; x64) AppleWebKit/537.36 (KHTML, like Gecko) Chrome/85.0.4183.83 Safari/537.36"
::1 - - [05/Sep/2020:07:38:29 +0000] "GET /javascript/posts_comments-d4c0dd3a22.js HTTP/1.1" 304 - "http://localhost:100/" "Mozilla/5.0 (Windows NT 10.0; Win64; x64) AppleWebKit/537.36 (KHTML, like Gecko) Chrome/85.0.4183.83 Safari/537.36"
::1 - - [05/Sep/2020:07:38:29 +0000] "GET /javascript/toggle-likes-3340242b06.js HTTP/1.1" 304 - "http://localhost:100/" "Mozilla/5.0 (Windows NT 10.0; Win64; x64) AppleWebKit/537.36 (KHTML, like Gecko) Chrome/85.0.4183.83 Safari/537.36"
::1 - - [05/Sep/2020:07:38:30 +0000] "GET /users/sign-up HTTP/1.1" 200 2743 "http://localhost:100/" "Mozilla/5.0 (Windows NT 10.0; Win64; x64) AppleWebKit/537.36 (KHTML, like Gecko) Chrome/85.0.4183.83 Safari/537.36"
::1 - - [05/Sep/2020:07:38:30 +0000] "GET /users/css/layout-cc9e473445.css HTTP/1.1" 404 170 "http://localhost:100/users/sign-up" "Mozilla/5.0 (Windows NT 10.0; Win64; x64) AppleWebKit/537.36 (KHTML, like Gecko) Chrome/85.0.4183.83 Safari/537.36"
::1 - - [05/Sep/2020:07:38:30 +0000] "GET /users/css/header-59416c5a7e.css HTTP/1.1" 404 170 "http://localhost:100/users/sign-up" "Mozilla/5.0 (Windows NT 10.0; Win64; x64) AppleWebKit/537.36 (KHTML, like Gecko) Chrome/85.0.4183.83 Safari/537.36"
::1 - - [05/Sep/2020:07:38:30 +0000] "GET /users/css/footer-f5277933e7.css HTTP/1.1" 404 170 "http://localhost:100/users/sign-up" "Mozilla/5.0 (Windows NT 10.0; Win64; x64) AppleWebKit/537.36 (KHTML, like Gecko) Chrome/85.0.4183.83 Safari/537.36"
::1 - - [05/Sep/2020:07:38:30 +0000] "GET /users/css/auth-481096fc9d.css HTTP/1.1" 404 168 "http://localhost:100/users/sign-up" "Mozilla/5.0 (Windows NT 10.0; Win64; x64) AppleWebKit/537.36 (KHTML, like Gecko) Chrome/85.0.4183.83 Safari/537.36"
::1 - - [05/Sep/2020:07:49:49 +0000] "GET /users/sign-up HTTP/1.1" 304 - "http://localhost:100/" "Mozilla/5.0 (Windows NT 10.0; Win64; x64) AppleWebKit/537.36 (KHTML, like Gecko) Chrome/85.0.4183.83 Safari/537.36"
::1 - - [05/Sep/2020:07:49:49 +0000] "GET /users/css/header-59416c5a7e.css HTTP/1.1" 404 170 "http://localhost:100/users/sign-up" "Mozilla/5.0 (Windows NT 10.0; Win64; x64) AppleWebKit/537.36 (KHTML, like Gecko) Chrome/85.0.4183.83 Safari/537.36"
::1 - - [05/Sep/2020:07:49:49 +0000] "GET /users/css/footer-f5277933e7.css HTTP/1.1" 404 170 "http://localhost:100/users/sign-up" "Mozilla/5.0 (Windows NT 10.0; Win64; x64) AppleWebKit/537.36 (KHTML, like Gecko) Chrome/85.0.4183.83 Safari/537.36"
::1 - - [05/Sep/2020:07:49:49 +0000] "GET /users/css/layout-cc9e473445.css HTTP/1.1" 404 170 "http://localhost:100/users/sign-up" "Mozilla/5.0 (Windows NT 10.0; Win64; x64) AppleWebKit/537.36 (KHTML, like Gecko) Chrome/85.0.4183.83 Safari/537.36"
::1 - - [05/Sep/2020:07:49:49 +0000] "GET /users/css/auth-481096fc9d.css HTTP/1.1" 404 168 "http://localhost:100/users/sign-up" "Mozilla/5.0 (Windows NT 10.0; Win64; x64) AppleWebKit/537.36 (KHTML, like Gecko) Chrome/85.0.4183.83 Safari/537.36"
::1 - - [05/Sep/2020:07:49:57 +0000] "GET / HTTP/1.1" 304 - "-" "Mozilla/5.0 (Windows NT 10.0; Win64; x64) AppleWebKit/537.36 (KHTML, like Gecko) Chrome/85.0.4183.83 Safari/537.36"
::1 - - [05/Sep/2020:07:49:57 +0000] "GET /css/layout-cc9e473445.css HTTP/1.1" 200 1135 "http://localhost:100/" "Mozilla/5.0 (Windows NT 10.0; Win64; x64) AppleWebKit/537.36 (KHTML, like Gecko) Chrome/85.0.4183.83 Safari/537.36"
::1 - - [05/Sep/2020:07:49:57 +0000] "GET /css/header-59416c5a7e.css HTTP/1.1" 200 1858 "http://localhost:100/" "Mozilla/5.0 (Windows NT 10.0; Win64; x64) AppleWebKit/537.36 (KHTML, like Gecko) Chrome/85.0.4183.83 Safari/537.36"
::1 - - [05/Sep/2020:07:49:57 +0000] "GET /css/chat-box-07518463a8.css HTTP/1.1" 200 1276 "http://localhost:100/" "Mozilla/5.0 (Windows NT 10.0; Win64; x64) AppleWebKit/537.36 (KHTML, like Gecko) Chrome/85.0.4183.83 Safari/537.36"
::1 - - [05/Sep/2020:07:49:57 +0000] "GET /css/footer-f5277933e7.css HTTP/1.1" 200 252 "http://localhost:100/" "Mozilla/5.0 (Windows NT 10.0; Win64; x64) AppleWebKit/537.36 (KHTML, like Gecko) Chrome/85.0.4183.83 Safari/537.36"
::1 - - [05/Sep/2020:07:49:57 +0000] "GET /css/home-359cc9d9a3.css HTTP/1.1" 200 4225 "http://localhost:100/" "Mozilla/5.0 (Windows NT 10.0; Win64; x64) AppleWebKit/537.36 (KHTML, like Gecko) Chrome/85.0.4183.83 Safari/537.36"
::1 - - [05/Sep/2020:07:49:57 +0000] "GET /javascript/chat_engine-bcd3a8b9df.js HTTP/1.1" 200 901 "http://localhost:100/" "Mozilla/5.0 (Windows NT 10.0; Win64; x64) AppleWebKit/537.36 (KHTML, like Gecko) Chrome/85.0.4183.83 Safari/537.36"
::1 - - [05/Sep/2020:07:49:57 +0000] "GET /javascript/home_posts-a8b8f23959.js HTTP/1.1" 200 2870 "http://localhost:100/" "Mozilla/5.0 (Windows NT 10.0; Win64; x64) AppleWebKit/537.36 (KHTML, like Gecko) Chrome/85.0.4183.83 Safari/537.36"
::1 - - [05/Sep/2020:07:49:57 +0000] "GET /javascript/posts_comments-d4c0dd3a22.js HTTP/1.1" 200 2042 "http://localhost:100/" "Mozilla/5.0 (Windows NT 10.0; Win64; x64) AppleWebKit/537.36 (KHTML, like Gecko) Chrome/85.0.4183.83 Safari/537.36"
::1 - - [05/Sep/2020:07:49:57 +0000] "GET /javascript/toggle-likes-3340242b06.js HTTP/1.1" 200 1814 "http://localhost:100/" "Mozilla/5.0 (Windows NT 10.0; Win64; x64) AppleWebKit/537.36 (KHTML, like Gecko) Chrome/85.0.4183.83 Safari/537.36"
::1 - - [05/Sep/2020:07:53:52 +0000] "GET / HTTP/1.1" 304 - "-" "Mozilla/5.0 (Windows NT 10.0; Win64; x64) AppleWebKit/537.36 (KHTML, like Gecko) Chrome/85.0.4183.83 Safari/537.36"
::1 - - [05/Sep/2020:07:53:53 +0000] "GET /css/layout-cc9e473445.css HTTP/1.1" 200 1135 "http://localhost:100/" "Mozilla/5.0 (Windows NT 10.0; Win64; x64) AppleWebKit/537.36 (KHTML, like Gecko) Chrome/85.0.4183.83 Safari/537.36"
::1 - - [05/Sep/2020:07:53:53 +0000] "GET /css/header-59416c5a7e.css HTTP/1.1" 200 1858 "http://localhost:100/" "Mozilla/5.0 (Windows NT 10.0; Win64; x64) AppleWebKit/537.36 (KHTML, like Gecko) Chrome/85.0.4183.83 Safari/537.36"
::1 - - [05/Sep/2020:07:53:53 +0000] "GET /css/footer-f5277933e7.css HTTP/1.1" 200 252 "http://localhost:100/" "Mozilla/5.0 (Windows NT 10.0; Win64; x64) AppleWebKit/537.36 (KHTML, like Gecko) Chrome/85.0.4183.83 Safari/537.36"
::1 - - [05/Sep/2020:07:53:53 +0000] "GET /css/home-359cc9d9a3.css HTTP/1.1" 200 4225 "http://localhost:100/" "Mozilla/5.0 (Windows NT 10.0; Win64; x64) AppleWebKit/537.36 (KHTML, like Gecko) Chrome/85.0.4183.83 Safari/537.36"
::1 - - [05/Sep/2020:07:53:53 +0000] "GET /css/chat-box-07518463a8.css HTTP/1.1" 200 1276 "http://localhost:100/" "Mozilla/5.0 (Windows NT 10.0; Win64; x64) AppleWebKit/537.36 (KHTML, like Gecko) Chrome/85.0.4183.83 Safari/537.36"
::1 - - [05/Sep/2020:07:53:53 +0000] "GET /javascript/chat_engine-bcd3a8b9df.js HTTP/1.1" 200 901 "http://localhost:100/" "Mozilla/5.0 (Windows NT 10.0; Win64; x64) AppleWebKit/537.36 (KHTML, like Gecko) Chrome/85.0.4183.83 Safari/537.36"
::1 - - [05/Sep/2020:07:53:53 +0000] "GET /javascript/home_posts-a8b8f23959.js HTTP/1.1" 200 2870 "http://localhost:100/" "Mozilla/5.0 (Windows NT 10.0; Win64; x64) AppleWebKit/537.36 (KHTML, like Gecko) Chrome/85.0.4183.83 Safari/537.36"
::1 - - [05/Sep/2020:07:53:53 +0000] "GET /javascript/posts_comments-d4c0dd3a22.js HTTP/1.1" 200 2042 "http://localhost:100/" "Mozilla/5.0 (Windows NT 10.0; Win64; x64) AppleWebKit/537.36 (KHTML, like Gecko) Chrome/85.0.4183.83 Safari/537.36"
::1 - - [05/Sep/2020:07:53:53 +0000] "GET /javascript/toggle-likes-3340242b06.js HTTP/1.1" 200 1814 "http://localhost:100/" "Mozilla/5.0 (Windows NT 10.0; Win64; x64) AppleWebKit/537.36 (KHTML, like Gecko) Chrome/85.0.4183.83 Safari/537.36"
::1 - - [05/Sep/2020:07:53:56 +0000] "GET /users/sign-up HTTP/1.1" 200 2743 "http://localhost:100/" "Mozilla/5.0 (Windows NT 10.0; Win64; x64) AppleWebKit/537.36 (KHTML, like Gecko) Chrome/85.0.4183.83 Safari/537.36"
::1 - - [05/Sep/2020:07:53:56 +0000] "GET /users/css/layout-cc9e473445.css HTTP/1.1" 404 170 "http://localhost:100/users/sign-up" "Mozilla/5.0 (Windows NT 10.0; Win64; x64) AppleWebKit/537.36 (KHTML, like Gecko) Chrome/85.0.4183.83 Safari/537.36"
::1 - - [05/Sep/2020:07:53:56 +0000] "GET /users/css/header-59416c5a7e.css HTTP/1.1" 404 170 "http://localhost:100/users/sign-up" "Mozilla/5.0 (Windows NT 10.0; Win64; x64) AppleWebKit/537.36 (KHTML, like Gecko) Chrome/85.0.4183.83 Safari/537.36"
::1 - - [05/Sep/2020:07:53:56 +0000] "GET /users/css/footer-f5277933e7.css HTTP/1.1" 404 170 "http://localhost:100/users/sign-up" "Mozilla/5.0 (Windows NT 10.0; Win64; x64) AppleWebKit/537.36 (KHTML, like Gecko) Chrome/85.0.4183.83 Safari/537.36"
::1 - - [05/Sep/2020:07:53:56 +0000] "GET /users/css/auth-9dfa32172c.css HTTP/1.1" 404 168 "http://localhost:100/users/sign-up" "Mozilla/5.0 (Windows NT 10.0; Win64; x64) AppleWebKit/537.36 (KHTML, like Gecko) Chrome/85.0.4183.83 Safari/537.36"
::1 - - [05/Sep/2020:07:54:11 +0000] "GET /users/sign-in HTTP/1.1" 200 2635 "http://localhost:100/" "Mozilla/5.0 (Windows NT 10.0; Win64; x64) AppleWebKit/537.36 (KHTML, like Gecko) Chrome/85.0.4183.83 Safari/537.36"
::1 - - [05/Sep/2020:07:54:11 +0000] "GET /users/css/layout-cc9e473445.css HTTP/1.1" 404 170 "http://localhost:100/users/sign-in" "Mozilla/5.0 (Windows NT 10.0; Win64; x64) AppleWebKit/537.36 (KHTML, like Gecko) Chrome/85.0.4183.83 Safari/537.36"
::1 - - [05/Sep/2020:07:54:11 +0000] "GET /users/css/header-59416c5a7e.css HTTP/1.1" 404 170 "http://localhost:100/users/sign-in" "Mozilla/5.0 (Windows NT 10.0; Win64; x64) AppleWebKit/537.36 (KHTML, like Gecko) Chrome/85.0.4183.83 Safari/537.36"
::1 - - [05/Sep/2020:07:54:11 +0000] "GET /users/css/auth-9dfa32172c.css HTTP/1.1" 404 168 "http://localhost:100/users/sign-in" "Mozilla/5.0 (Windows NT 10.0; Win64; x64) AppleWebKit/537.36 (KHTML, like Gecko) Chrome/85.0.4183.83 Safari/537.36"
::1 - - [05/Sep/2020:07:54:11 +0000] "GET /users/css/footer-f5277933e7.css HTTP/1.1" 404 170 "http://localhost:100/users/sign-in" "Mozilla/5.0 (Windows NT 10.0; Win64; x64) AppleWebKit/537.36 (KHTML, like Gecko) Chrome/85.0.4183.83 Safari/537.36"
::1 - - [05/Sep/2020:07:54:26 +0000] "GET / HTTP/1.1" 304 - "http://localhost:100/" "Mozilla/5.0 (Windows NT 10.0; Win64; x64) AppleWebKit/537.36 (KHTML, like Gecko) Chrome/85.0.4183.83 Safari/537.36"
::1 - - [05/Sep/2020:07:54:26 +0000] "GET /css/layout-cc9e473445.css HTTP/1.1" 304 - "http://localhost:100/" "Mozilla/5.0 (Windows NT 10.0; Win64; x64) AppleWebKit/537.36 (KHTML, like Gecko) Chrome/85.0.4183.83 Safari/537.36"
::1 - - [05/Sep/2020:07:54:26 +0000] "GET /css/header-59416c5a7e.css HTTP/1.1" 304 - "http://localhost:100/" "Mozilla/5.0 (Windows NT 10.0; Win64; x64) AppleWebKit/537.36 (KHTML, like Gecko) Chrome/85.0.4183.83 Safari/537.36"
::1 - - [05/Sep/2020:07:54:26 +0000] "GET /css/footer-f5277933e7.css HTTP/1.1" 304 - "http://localhost:100/" "Mozilla/5.0 (Windows NT 10.0; Win64; x64) AppleWebKit/537.36 (KHTML, like Gecko) Chrome/85.0.4183.83 Safari/537.36"
::1 - - [05/Sep/2020:07:54:26 +0000] "GET /css/home-359cc9d9a3.css HTTP/1.1" 304 - "http://localhost:100/" "Mozilla/5.0 (Windows NT 10.0; Win64; x64) AppleWebKit/537.36 (KHTML, like Gecko) Chrome/85.0.4183.83 Safari/537.36"
::1 - - [05/Sep/2020:07:54:26 +0000] "GET /css/chat-box-07518463a8.css HTTP/1.1" 304 - "http://localhost:100/" "Mozilla/5.0 (Windows NT 10.0; Win64; x64) AppleWebKit/537.36 (KHTML, like Gecko) Chrome/85.0.4183.83 Safari/537.36"
::1 - - [05/Sep/2020:07:54:26 +0000] "GET /javascript/chat_engine-bcd3a8b9df.js HTTP/1.1" 304 - "http://localhost:100/" "Mozilla/5.0 (Windows NT 10.0; Win64; x64) AppleWebKit/537.36 (KHTML, like Gecko) Chrome/85.0.4183.83 Safari/537.36"
::1 - - [05/Sep/2020:07:54:26 +0000] "GET /javascript/home_posts-a8b8f23959.js HTTP/1.1" 304 - "http://localhost:100/" "Mozilla/5.0 (Windows NT 10.0; Win64; x64) AppleWebKit/537.36 (KHTML, like Gecko) Chrome/85.0.4183.83 Safari/537.36"
::1 - - [05/Sep/2020:07:54:26 +0000] "GET /javascript/posts_comments-d4c0dd3a22.js HTTP/1.1" 304 - "http://localhost:100/" "Mozilla/5.0 (Windows NT 10.0; Win64; x64) AppleWebKit/537.36 (KHTML, like Gecko) Chrome/85.0.4183.83 Safari/537.36"
::1 - - [05/Sep/2020:07:54:26 +0000] "GET /javascript/toggle-likes-3340242b06.js HTTP/1.1" 304 - "http://localhost:100/" "Mozilla/5.0 (Windows NT 10.0; Win64; x64) AppleWebKit/537.36 (KHTML, like Gecko) Chrome/85.0.4183.83 Safari/537.36"
::1 - - [05/Sep/2020:07:55:36 +0000] "GET / HTTP/1.1" 304 - "http://localhost:100/" "Mozilla/5.0 (Windows NT 10.0; Win64; x64) AppleWebKit/537.36 (KHTML, like Gecko) Chrome/85.0.4183.83 Safari/537.36"
::1 - - [05/Sep/2020:07:55:36 +0000] "GET /css/layout-cc9e473445.css HTTP/1.1" 200 1135 "http://localhost:100/" "Mozilla/5.0 (Windows NT 10.0; Win64; x64) AppleWebKit/537.36 (KHTML, like Gecko) Chrome/85.0.4183.83 Safari/537.36"
::1 - - [05/Sep/2020:07:55:36 +0000] "GET /css/header-59416c5a7e.css HTTP/1.1" 200 1858 "http://localhost:100/" "Mozilla/5.0 (Windows NT 10.0; Win64; x64) AppleWebKit/537.36 (KHTML, like Gecko) Chrome/85.0.4183.83 Safari/537.36"
::1 - - [05/Sep/2020:07:55:36 +0000] "GET /css/footer-f5277933e7.css HTTP/1.1" 200 252 "http://localhost:100/" "Mozilla/5.0 (Windows NT 10.0; Win64; x64) AppleWebKit/537.36 (KHTML, like Gecko) Chrome/85.0.4183.83 Safari/537.36"
::1 - - [05/Sep/2020:07:55:36 +0000] "GET /css/home-359cc9d9a3.css HTTP/1.1" 200 4225 "http://localhost:100/" "Mozilla/5.0 (Windows NT 10.0; Win64; x64) AppleWebKit/537.36 (KHTML, like Gecko) Chrome/85.0.4183.83 Safari/537.36"
::1 - - [05/Sep/2020:07:55:36 +0000] "GET /css/chat-box-07518463a8.css HTTP/1.1" 200 1276 "http://localhost:100/" "Mozilla/5.0 (Windows NT 10.0; Win64; x64) AppleWebKit/537.36 (KHTML, like Gecko) Chrome/85.0.4183.83 Safari/537.36"
::1 - - [05/Sep/2020:07:55:37 +0000] "GET /javascript/chat_engine-bcd3a8b9df.js HTTP/1.1" 200 901 "http://localhost:100/" "Mozilla/5.0 (Windows NT 10.0; Win64; x64) AppleWebKit/537.36 (KHTML, like Gecko) Chrome/85.0.4183.83 Safari/537.36"
::1 - - [05/Sep/2020:07:55:37 +0000] "GET /javascript/home_posts-a8b8f23959.js HTTP/1.1" 200 2870 "http://localhost:100/" "Mozilla/5.0 (Windows NT 10.0; Win64; x64) AppleWebKit/537.36 (KHTML, like Gecko) Chrome/85.0.4183.83 Safari/537.36"
::1 - - [05/Sep/2020:07:55:37 +0000] "GET /javascript/posts_comments-d4c0dd3a22.js HTTP/1.1" 200 2042 "http://localhost:100/" "Mozilla/5.0 (Windows NT 10.0; Win64; x64) AppleWebKit/537.36 (KHTML, like Gecko) Chrome/85.0.4183.83 Safari/537.36"
::1 - - [05/Sep/2020:07:55:37 +0000] "GET /javascript/toggle-likes-3340242b06.js HTTP/1.1" 200 1814 "http://localhost:100/" "Mozilla/5.0 (Windows NT 10.0; Win64; x64) AppleWebKit/537.36 (KHTML, like Gecko) Chrome/85.0.4183.83 Safari/537.36"
::1 - - [05/Sep/2020:07:55:39 +0000] "GET /users/sign-up HTTP/1.1" 304 - "http://localhost:100/" "Mozilla/5.0 (Windows NT 10.0; Win64; x64) AppleWebKit/537.36 (KHTML, like Gecko) Chrome/85.0.4183.83 Safari/537.36"
::1 - - [05/Sep/2020:07:55:39 +0000] "GET /users/css/layout-cc9e473445.css HTTP/1.1" 404 170 "http://localhost:100/users/sign-up" "Mozilla/5.0 (Windows NT 10.0; Win64; x64) AppleWebKit/537.36 (KHTML, like Gecko) Chrome/85.0.4183.83 Safari/537.36"
::1 - - [05/Sep/2020:07:55:39 +0000] "GET /users/css/footer-f5277933e7.css HTTP/1.1" 404 170 "http://localhost:100/users/sign-up" "Mozilla/5.0 (Windows NT 10.0; Win64; x64) AppleWebKit/537.36 (KHTML, like Gecko) Chrome/85.0.4183.83 Safari/537.36"
::1 - - [05/Sep/2020:07:55:39 +0000] "GET /users/css/auth-9dfa32172c.css HTTP/1.1" 404 168 "http://localhost:100/users/sign-up" "Mozilla/5.0 (Windows NT 10.0; Win64; x64) AppleWebKit/537.36 (KHTML, like Gecko) Chrome/85.0.4183.83 Safari/537.36"
::1 - - [05/Sep/2020:07:55:39 +0000] "GET /users/css/header-59416c5a7e.css HTTP/1.1" 404 170 "http://localhost:100/users/sign-up" "Mozilla/5.0 (Windows NT 10.0; Win64; x64) AppleWebKit/537.36 (KHTML, like Gecko) Chrome/85.0.4183.83 Safari/537.36"
::1 - - [05/Sep/2020:07:59:00 +0000] "GET / HTTP/1.1" 304 - "http://localhost:100/" "Mozilla/5.0 (Windows NT 10.0; Win64; x64) AppleWebKit/537.36 (KHTML, like Gecko) Chrome/85.0.4183.83 Safari/537.36"
::1 - - [05/Sep/2020:07:59:00 +0000] "GET /css/header-59416c5a7e.css HTTP/1.1" 200 1858 "http://localhost:100/" "Mozilla/5.0 (Windows NT 10.0; Win64; x64) AppleWebKit/537.36 (KHTML, like Gecko) Chrome/85.0.4183.83 Safari/537.36"
::1 - - [05/Sep/2020:07:59:00 +0000] "GET /css/footer-f5277933e7.css HTTP/1.1" 200 252 "http://localhost:100/" "Mozilla/5.0 (Windows NT 10.0; Win64; x64) AppleWebKit/537.36 (KHTML, like Gecko) Chrome/85.0.4183.83 Safari/537.36"
::1 - - [05/Sep/2020:07:59:00 +0000] "GET /css/layout-cc9e473445.css HTTP/1.1" 200 1135 "http://localhost:100/" "Mozilla/5.0 (Windows NT 10.0; Win64; x64) AppleWebKit/537.36 (KHTML, like Gecko) Chrome/85.0.4183.83 Safari/537.36"
::1 - - [05/Sep/2020:07:59:00 +0000] "GET /css/home-359cc9d9a3.css HTTP/1.1" 200 4225 "http://localhost:100/" "Mozilla/5.0 (Windows NT 10.0; Win64; x64) AppleWebKit/537.36 (KHTML, like Gecko) Chrome/85.0.4183.83 Safari/537.36"
::1 - - [05/Sep/2020:07:59:00 +0000] "GET /css/chat-box-07518463a8.css HTTP/1.1" 200 1276 "http://localhost:100/" "Mozilla/5.0 (Windows NT 10.0; Win64; x64) AppleWebKit/537.36 (KHTML, like Gecko) Chrome/85.0.4183.83 Safari/537.36"
::1 - - [05/Sep/2020:07:59:01 +0000] "GET /javascript/home_posts-a8b8f23959.js HTTP/1.1" 200 2870 "http://localhost:100/" "Mozilla/5.0 (Windows NT 10.0; Win64; x64) AppleWebKit/537.36 (KHTML, like Gecko) Chrome/85.0.4183.83 Safari/537.36"
::1 - - [05/Sep/2020:07:59:01 +0000] "GET /javascript/posts_comments-d4c0dd3a22.js HTTP/1.1" 200 2042 "http://localhost:100/" "Mozilla/5.0 (Windows NT 10.0; Win64; x64) AppleWebKit/537.36 (KHTML, like Gecko) Chrome/85.0.4183.83 Safari/537.36"
::1 - - [05/Sep/2020:07:59:01 +0000] "GET /javascript/toggle-likes-3340242b06.js HTTP/1.1" 200 1814 "http://localhost:100/" "Mozilla/5.0 (Windows NT 10.0; Win64; x64) AppleWebKit/537.36 (KHTML, like Gecko) Chrome/85.0.4183.83 Safari/537.36"
::1 - - [05/Sep/2020:07:59:01 +0000] "GET /javascript/chat_engine-bcd3a8b9df.js HTTP/1.1" 200 901 "http://localhost:100/" "Mozilla/5.0 (Windows NT 10.0; Win64; x64) AppleWebKit/537.36 (KHTML, like Gecko) Chrome/85.0.4183.83 Safari/537.36"
::1 - - [05/Sep/2020:07:59:30 +0000] "GET /users/sign-up HTTP/1.1" 304 - "http://localhost:100/" "Mozilla/5.0 (Windows NT 10.0; Win64; x64) AppleWebKit/537.36 (KHTML, like Gecko) Chrome/85.0.4183.83 Safari/537.36"
::1 - - [05/Sep/2020:07:59:30 +0000] "GET /users/css/layout-cc9e473445.css HTTP/1.1" 404 170 "http://localhost:100/users/sign-up" "Mozilla/5.0 (Windows NT 10.0; Win64; x64) AppleWebKit/537.36 (KHTML, like Gecko) Chrome/85.0.4183.83 Safari/537.36"
::1 - - [05/Sep/2020:07:59:30 +0000] "GET /users/css/header-59416c5a7e.css HTTP/1.1" 404 170 "http://localhost:100/users/sign-up" "Mozilla/5.0 (Windows NT 10.0; Win64; x64) AppleWebKit/537.36 (KHTML, like Gecko) Chrome/85.0.4183.83 Safari/537.36"
::1 - - [05/Sep/2020:07:59:30 +0000] "GET /users/css/footer-f5277933e7.css HTTP/1.1" 404 170 "http://localhost:100/users/sign-up" "Mozilla/5.0 (Windows NT 10.0; Win64; x64) AppleWebKit/537.36 (KHTML, like Gecko) Chrome/85.0.4183.83 Safari/537.36"
::1 - - [05/Sep/2020:07:59:30 +0000] "GET /users/css/auth-9dfa32172c.css HTTP/1.1" 404 168 "http://localhost:100/users/sign-up" "Mozilla/5.0 (Windows NT 10.0; Win64; x64) AppleWebKit/537.36 (KHTML, like Gecko) Chrome/85.0.4183.83 Safari/537.36"
