[0mGET / [32m200[0m 54.293 ms - 9565[0m
[0mGET /css/layout.css [36m304[0m 18.655 ms - -[0m
[0mGET /css/header.css [36m304[0m 8.470 ms - -[0m
[0mGET /css/footer.css [36m304[0m 6.216 ms - -[0m
[0mGET /css/chat-box.css [36m304[0m 15.880 ms - -[0m
[0mGET /css/home.css [32m200[0m 64.385 ms - 4200[0m
[0mGET /javascript/chat_engine.js [36m304[0m 15.223 ms - -[0m
[0mGET /javascript/home_posts.js [36m304[0m 4.664 ms - -[0m
[0mGET /javascript/posts_comments.js [36m304[0m 6.835 ms - -[0m
[0mGET /javascript/toggle-likes.js [36m304[0m 7.333 ms - -[0m
[0mGET /css/layout.css [36m304[0m 3.901 ms - -[0m
[0mGET /css/header.css [36m304[0m 4.340 ms - -[0m
[0mGET /css/footer.css [36m304[0m 4.570 ms - -[0m
[0mGET /css/home.css [36m304[0m 4.451 ms - -[0m
[0mGET /css/chat-box.css [36m304[0m 4.651 ms - -[0m
[0mGET /users/sign-up [32m200[0m 17.319 ms - 2778[0m
[0mGET /users/css/header.css [33m404[0m 45.668 ms - 159[0m
[0mGET /users/css/footer.css [33m404[0m 50.082 ms - 159[0m
[0mGET /users/css/layout.css [33m404[0m 39.378 ms - 159[0m
[0mGET /users/sign-in [36m304[0m 47.183 ms - -[0m
[0mGET /users/css/layout.css [33m404[0m 63.856 ms - 159[0m
[0mGET /users/css/header.css [33m404[0m 104.946 ms - 159[0m
[0mGET /users/css/footer.css [33m404[0m 88.851 ms - 159[0m
[0mGET /users/sign-in [36m304[0m 15.796 ms - -[0m
[0mGET /users/css/layout.css [33m404[0m 31.759 ms - 159[0m
[0mGET /users/css/header.css [33m404[0m 30.070 ms - 159[0m
[0mGET /users/css/footer.css [33m404[0m 18.541 ms - 159[0m
[0mGET /users/sign-in [36m304[0m 25.033 ms - -[0m
[0mGET /users/css/layout.css [33m404[0m 23.354 ms - 159[0m
[0mGET /users/css/header.css [33m404[0m 25.888 ms - 159[0m
[0mGET /users/css/footer.css [33m404[0m 27.008 ms - 159[0m
[0mGET /users/sign-in [36m304[0m 14.413 ms - -[0m
[0mGET /users/css/layout.css [33m404[0m 36.012 ms - 159[0m
[0mGET /users/css/header.css [33m404[0m 45.554 ms - 159[0m
[0mGET /users/css/footer.css [33m404[0m 40.756 ms - 159[0m
[0mGET / [32m200[0m 59.512 ms - 9574[0m
[0mGET /css/layout.css [36m304[0m 0.947 ms - -[0m
[0mGET /javascript/chat_engine.js [36m304[0m 3.407 ms - -[0m
[0mGET /javascript/home_posts.js [36m304[0m 13.008 ms - -[0m
[0mGET /css/header.css [36m304[0m 10.479 ms - -[0m
[0mGET /css/footer.css [36m304[0m 9.206 ms - -[0m
[0mGET /css/home.css [36m304[0m 4.661 ms - -[0m
[0mGET /css/chat-box.css [36m304[0m 21.550 ms - -[0m
[0mGET /javascript/posts_comments.js [36m304[0m 31.938 ms - -[0m
[0mGET /javascript/toggle-likes.js [36m304[0m 3.905 ms - -[0m
[0mGET /css/layout.css [36m304[0m 4.074 ms - -[0m
[0mGET /css/header.css [36m304[0m 4.211 ms - -[0m
[0mGET /css/footer.css [36m304[0m 4.481 ms - -[0m
[0mGET /css/home.css [36m304[0m 4.586 ms - -[0m
[0mGET /css/chat-box.css [36m304[0m 4.504 ms - -[0m
[0mGET / [36m304[0m 50.575 ms - -[0m
[0mGET /css/header.css [36m304[0m 1.556 ms - -[0m
[0mGET /css/footer.css [36m304[0m 3.163 ms - -[0m
[0mGET /css/chat-box.css [36m304[0m 2.456 ms - -[0m
[0mGET /css/home.css [36m304[0m 2.726 ms - -[0m
[0mGET /javascript/chat_engine.js [36m304[0m 7.400 ms - -[0m
[0mGET /javascript/home_posts.js [36m304[0m 6.072 ms - -[0m
[0mGET /javascript/posts_comments.js [36m304[0m 5.273 ms - -[0m
[0mGET /javascript/toggle-likes.js [36m304[0m 6.400 ms - -[0m
[0mGET /css/header.css [36m304[0m 4.606 ms - -[0m
[0mGET /css/footer.css [36m304[0m 4.950 ms - -[0m
[0mGET /css/home.css [36m304[0m 3.842 ms - -[0m
[0mGET /css/chat-box.css [36m304[0m 4.308 ms - -[0m
[0mGET /css/layout.css [32m200[0m 9.558 ms - 1148[0m
[0mGET /users/sign-up [32m200[0m 23.208 ms - 2787[0m
[0mGET /users/css/layout.css [33m404[0m 26.743 ms - 159[0m
[0mGET /users/css/header.css [33m404[0m 40.382 ms - 159[0m
[0mGET /users/css/footer.css [33m404[0m 39.887 ms - 159[0m
[0mGET /users/sign-up [36m304[0m 42.787 ms - -[0m
[0mGET /users/css/layout.css [33m404[0m 31.332 ms - 159[0m
[0mGET /users/css/header.css [33m404[0m 45.232 ms - 159[0m
[0mGET /users/css/footer.css [33m404[0m 9.504 ms - 159[0m
[0mGET /users/sign-up [32m200[0m 23.316 ms - 2790[0m
[0mGET /users/sign-in [32m200[0m 16.479 ms - 2661[0m
[0mGET /css/layout.css [32m200[0m 8.581 ms - 1148[0m
[0mGET /css/header.css [32m200[0m 12.352 ms - 1872[0m
[0mGET /css/footer.css [32m200[0m 11.418 ms - 252[0m
[0mGET /users/sign-in [36m304[0m 17.368 ms - -[0m
[0mGET /css/layout.css [36m304[0m 2.150 ms - -[0m
[0mGET /css/header.css [36m304[0m 2.638 ms - -[0m
[0mGET /css/footer.css [36m304[0m 6.640 ms - -[0m
[0mGET /users/sign-in [36m304[0m 18.720 ms - -[0m
[0mGET /css/layout.css [36m304[0m 2.233 ms - -[0m
[0mGET /css/header.css [36m304[0m 5.115 ms - -[0m
[0mGET /css/footer.css [36m304[0m 2.782 ms - -[0m
[0mGET /users/sign-in [36m304[0m 20.475 ms - -[0m
[0mGET /css/layout.css [36m304[0m 7.385 ms - -[0m
[0mGET /css/header.css [36m304[0m 10.997 ms - -[0m
[0mGET /css/footer.css [36m304[0m 8.086 ms - -[0m
[0mGET /users/sign-in [36m304[0m 26.879 ms - -[0m
[0mGET /css/layout.css [36m304[0m 4.800 ms - -[0m
[0mGET /css/header.css [36m304[0m 6.161 ms - -[0m
[0mGET /css/footer.css [36m304[0m 6.225 ms - -[0m
[0mGET /users/sign-in [36m304[0m 19.494 ms - -[0m
[0mGET /css/layout.css [36m304[0m 22.405 ms - -[0m
[0mGET /css/header.css [36m304[0m 1.385 ms - -[0m
[0mGET /css/footer.css [36m304[0m 2.080 ms - -[0m
[0mGET /users/sign-in [36m304[0m 15.477 ms - -[0m
[0mGET /css/layout.css [36m304[0m 2.909 ms - -[0m
[0mGET /css/header.css [36m304[0m 3.914 ms - -[0m
[0mGET /css/footer.css [36m304[0m 2.944 ms - -[0m
[0mGET /users/sign-in [36m304[0m 13.948 ms - -[0m
[0mGET /css/layout.css [36m304[0m 4.158 ms - -[0m
[0mGET /css/footer.css [36m304[0m 5.492 ms - -[0m
[0mGET /css/header.css [36m304[0m 6.301 ms - -[0m
[0mGET /users/sign-in [36m304[0m 15.115 ms - -[0m
[0mGET /css/layout.css [36m304[0m 2.131 ms - -[0m
[0mGET /css/header.css [36m304[0m 3.756 ms - -[0m
[0mGET /css/footer.css [36m304[0m 4.193 ms - -[0m
[0mGET /users/sign-in [36m304[0m 16.573 ms - -[0m
[0mGET /css/header.css [36m304[0m 2.259 ms - -[0m
[0mGET /css/footer.css [36m304[0m 3.735 ms - -[0m
[0mGET /css/layout.css [36m304[0m 5.536 ms - -[0m
[0mGET /users/sign-in [36m304[0m 12.319 ms - -[0m
[0mGET /css/layout.css [36m304[0m 1.387 ms - -[0m
[0mGET /css/header.css [36m304[0m 1.676 ms - -[0m
[0mGET /css/footer.css [36m304[0m 2.239 ms - -[0m
[0mGET /users/sign-in [36m304[0m 29.213 ms - -[0m
[0mGET /css/layout.css [36m304[0m 1.997 ms - -[0m
[0mGET /css/header.css [36m304[0m 2.794 ms - -[0m
[0mGET /css/footer.css [36m304[0m 3.239 ms - -[0m
[0mGET /users/sign-in [36m304[0m 17.535 ms - -[0m
[0mGET /css/layout.css [36m304[0m 18.468 ms - -[0m
[0mGET /css/header.css [36m304[0m 2.463 ms - -[0m
[0mGET /css/footer.css [36m304[0m 3.627 ms - -[0m
[0mGET /users/sign-in [36m304[0m 24.912 ms - -[0m
[0mGET /css/layout.css [36m304[0m 33.742 ms - -[0m
[0mGET /css/header.css [36m304[0m 1.820 ms - -[0m
[0mGET /css/footer.css [36m304[0m 3.633 ms - -[0m
[0mGET /users/sign-in [36m304[0m 20.666 ms - -[0m
[0mGET /css/layout.css [36m304[0m 0.995 ms - -[0m
[0mGET /css/header.css [36m304[0m 5.738 ms - -[0m
[0mGET /css/footer.css [36m304[0m 5.734 ms - -[0m
[0mGET /users/sign-in [36m304[0m 21.433 ms - -[0m
[0mGET /css/layout.css [36m304[0m 1.179 ms - -[0m
[0mGET /css/header.css [36m304[0m 0.874 ms - -[0m
[0mGET /css/footer.css [36m304[0m 1.388 ms - -[0m
[0mGET /users/sign-in [36m304[0m 20.828 ms - -[0m
[0mGET /css/layout.css [36m304[0m 2.623 ms - -[0m
[0mGET /css/header.css [36m304[0m 3.068 ms - -[0m
[0mGET /css/footer.css [36m304[0m 0.808 ms - -[0m
[0mGET /users/sign-in [36m304[0m 16.619 ms - -[0m
[0mGET /css/layout.css [36m304[0m 2.974 ms - -[0m
[0mGET /css/header.css [36m304[0m 3.860 ms - -[0m
[0mGET /css/footer.css [36m304[0m 1.559 ms - -[0m
[0mGET /users/sign-in [36m304[0m 11.317 ms - -[0m
[0mGET /css/layout.css [36m304[0m 2.106 ms - -[0m
[0mGET /css/header.css [36m304[0m 3.845 ms - -[0m
[0mGET /css/footer.css [36m304[0m 0.814 ms - -[0m
[0mGET /users/sign-in [36m304[0m 18.154 ms - -[0m
[0mGET /css/layout.css [36m304[0m 4.662 ms - -[0m
[0mGET /css/header.css [36m304[0m 6.104 ms - -[0m
[0mGET /css/footer.css [36m304[0m 3.941 ms - -[0m
[0mGET /users/sign-up [36m304[0m 12.420 ms - -[0m
[0mGET /css/layout.css [36m304[0m 1.525 ms - -[0m
[0mGET /css/header.css [36m304[0m 2.009 ms - -[0m
[0mGET /css/footer.css [36m304[0m 1.174 ms - -[0m
[0mGET /users/sign-in [36m304[0m 17.600 ms - -[0m
[0mGET /css/layout.css [36m304[0m 2.538 ms - -[0m
[0mGET /css/header.css [36m304[0m 2.328 ms - -[0m
[0mGET /css/footer.css [36m304[0m 1.671 ms - -[0m
[0mGET /users/sign-up [36m304[0m 14.767 ms - -[0m
[0mGET /css/header.css [36m304[0m 3.032 ms - -[0m
[0mGET /css/layout.css [36m304[0m 4.327 ms - -[0m
[0mGET /css/footer.css [36m304[0m 5.097 ms - -[0m
[0mGET /users/sign-in [36m304[0m 23.881 ms - -[0m
[0mGET /css/layout.css [36m304[0m 0.894 ms - -[0m
[0mGET /css/footer.css [36m304[0m 2.675 ms - -[0m
[0mGET /css/header.css [36m304[0m 3.552 ms - -[0m
[0mGET /users/auth/google [36m302[0m 48.353 ms - 0[0m
[0mGET /users/auth/google/callback?code=4%2F3QGYigimjvHJLkoHMaHglhnqnvlWBZgy_pUsASTnjoMONQanzQx4aOuUcsPj2uTuU4Q_7mqpDVi1L36kycOlzHI&scope=email+profile+https%3A%2F%2Fwww.googleapis.com%2Fauth%2Fuserinfo.profile+https%3A%2F%2Fwww.googleapis.com%2Fauth%2Fuserinfo.email+openid&authuser=2&prompt=consent [36m302[0m 1272.268 ms - 46[0m
[0mGET / [32m200[0m 107.775 ms - 15557[0m
[0mGET /css/layout.css [36m304[0m 1.888 ms - -[0m
[0mGET /css/footer.css [36m304[0m 2.171 ms - -[0m
[0mGET /css/header.css [36m304[0m 2.546 ms - -[0m
[0mGET /javascript/chat_engine.js [36m304[0m 5.729 ms - -[0m
[0mGET /javascript/home_posts.js [36m304[0m 5.125 ms - -[0m
[0mGET /javascript/posts_comments.js [36m304[0m 4.449 ms - -[0m
[0mGET /javascript/toggle-likes.js [36m304[0m 3.812 ms - -[0m
[0mPOST /comments/add-comment [32m200[0m 493.166 ms - 249[0m
[0mGET / [32m200[0m 118.454 ms - 17989[0m
[0mGET /css/layout.css [36m304[0m 4.105 ms - -[0m
[0mGET /css/header.css [36m304[0m 6.986 ms - -[0m
[0mGET /javascript/chat_engine.js [36m304[0m 6.419 ms - -[0m
[0mGET /css/footer.css [36m304[0m 7.432 ms - -[0m
[0mGET /css/home.css [32m200[0m 8.451 ms - 4200[0m
[0mGET /css/chat-box.css [32m200[0m 5.151 ms - 1276[0m
[0mGET /javascript/home_posts.js [36m304[0m 8.193 ms - -[0m
[0mGET /javascript/posts_comments.js [36m304[0m 7.163 ms - -[0m
[0mGET /javascript/toggle-likes.js [36m304[0m 5.362 ms - -[0m
[0mGET /users/profile [33m404[0m 13.577 ms - 152[0m
[0mGET /css/layout.css [36m304[0m 1.176 ms - -[0m
[0mGET /css/header.css [36m304[0m 1.044 ms - -[0m
[0mGET /css/footer.css [36m304[0m 1.619 ms - -[0m
[0mGET /css/home.css [36m304[0m 1.051 ms - -[0m
[0mGET /css/chat-box.css [36m304[0m 4.844 ms - -[0m
[0mGET / [32m200[0m 79.101 ms - 10005[0m
[0mGET /javascript/chat_engine.js [36m304[0m 5.724 ms - -[0m
[0mGET /css/layout.css [36m304[0m 2.800 ms - -[0m
[0mGET /css/header.css [36m304[0m 2.620 ms - -[0m
[0mGET /css/home.css [36m304[0m 1.981 ms - -[0m
[0mGET /css/footer.css [36m304[0m 2.121 ms - -[0m
[0mGET /css/chat-box.css [36m304[0m 2.302 ms - -[0m
[0mGET /javascript/home_posts.js [36m304[0m 7.220 ms - -[0m
[0mGET /javascript/posts_comments.js [36m304[0m 4.803 ms - -[0m
[0mGET /javascript/toggle-likes.js [36m304[0m 7.175 ms - -[0m
[0mGET / [32m200[0m 153.910 ms - 7940[0m
[0mGET /css/layout.css [36m304[0m 1.187 ms - -[0m
[0mGET /css/header.css [36m304[0m 4.182 ms - -[0m
[0mGET /css/footer.css [36m304[0m 4.273 ms - -[0m
[0mGET /css/home.css [36m304[0m 4.731 ms - -[0m
[0mGET /css/chat-box.css [36m304[0m 7.311 ms - -[0m
[0mGET /javascript/chat_engine.js [36m304[0m 52.125 ms - -[0m
[0mGET /javascript/home_posts.js [36m304[0m 57.630 ms - -[0m
[0mGET /javascript/posts_comments.js [36m304[0m 17.468 ms - -[0m
[0mGET /javascript/toggle-likes.js [36m304[0m 11.767 ms - -[0m
[0mGET / [32m200[0m 67.239 ms - 7569[0m
[0mGET /css/layout.css [36m304[0m 2.132 ms - -[0m
[0mGET /css/header.css [36m304[0m 7.751 ms - -[0m
[0mGET /css/footer.css [36m304[0m 8.961 ms - -[0m
[0mGET /css/home.css [36m304[0m 10.885 ms - -[0m
[0mGET /css/chat-box.css [36m304[0m 8.438 ms - -[0m
[0mGET /javascript/chat_engine.js [36m304[0m 46.203 ms - -[0m
[0mGET /javascript/home_posts.js [36m304[0m 44.615 ms - -[0m
[0mGET /javascript/posts_comments.js [36m304[0m 46.502 ms - -[0m
[0mGET /javascript/toggle-likes.js [36m304[0m 15.571 ms - -[0m
[0mGET / [32m200[0m 82.193 ms - 7084[0m
[0mGET /javascript/chat_engine.js [36m304[0m 15.759 ms - -[0m
[0mGET /css/layout.css [36m304[0m 19.101 ms - -[0m
[0mGET /css/header.css [36m304[0m 20.729 ms - -[0m
[0mGET /css/footer.css [36m304[0m 28.744 ms - -[0m
[0mGET /css/home.css [36m304[0m 8.811 ms - -[0m
[0mGET /css/chat-box.css [36m304[0m 7.648 ms - -[0m
[0mGET /javascript/home_posts.js [36m304[0m 40.218 ms - -[0m
[0mGET /javascript/posts_comments.js [36m304[0m 7.771 ms - -[0m
[0mGET /javascript/toggle-likes.js [36m304[0m 4.203 ms - -[0m
[0mGET / [36m304[0m 192.140 ms - -[0m
[0mGET /javascript/chat_engine.js [36m304[0m 15.269 ms - -[0m
[0mGET /javascript/home_posts.js [36m304[0m 15.077 ms - -[0m
[0mGET /javascript/posts_comments.js [36m304[0m 24.292 ms - -[0m
[0mGET /javascript/toggle-likes.js [36m304[0m 34.573 ms - -[0m
[0mGET / [36m304[0m 95.122 ms - -[0m
[0mGET /css/layout.css [32m200[0m 18.705 ms - 1148[0m
[0mGET /css/header.css [32m200[0m 39.080 ms - 1872[0m
[0mGET /css/footer.css [32m200[0m 47.253 ms - 252[0m
[0mGET /css/home.css [32m200[0m 50.618 ms - 4200[0m
[0mGET /css/chat-box.css [32m200[0m 61.488 ms - 1276[0m
[0mGET /javascript/chat_engine.js [36m304[0m 2.239 ms - -[0m
[0mGET /javascript/home_posts.js [36m304[0m 17.364 ms - -[0m
[0mGET /javascript/posts_comments.js [36m304[0m 28.741 ms - -[0m
[0mGET /javascript/toggle-likes.js [36m304[0m 8.646 ms - -[0m
[0mGET / [36m304[0m 64.682 ms - -[0m
[0mGET /css/layout.css [36m304[0m 1.887 ms - -[0m
[0mGET /css/header.css [36m304[0m 28.063 ms - -[0m
[0mGET /css/footer.css [36m304[0m 5.239 ms - -[0m
[0mGET /css/home.css [36m304[0m 3.587 ms - -[0m
[0mGET /css/chat-box.css [36m304[0m 2.213 ms - -[0m
[0mGET /javascript/chat_engine.js [36m304[0m 51.964 ms - -[0m
[0mGET /javascript/home_posts.js [36m304[0m 49.469 ms - -[0m
[0mGET /javascript/posts_comments.js [36m304[0m 11.011 ms - -[0m
[0mGET /javascript/toggle-likes.js [36m304[0m 3.283 ms - -[0m
[0mGET / [32m200[0m 57.477 ms - 6670[0m
[0mGET /css/layout.css [36m304[0m 1.045 ms - -[0m
[0mGET /css/header.css [36m304[0m 7.747 ms - -[0m
[0mGET /css/footer.css [36m304[0m 7.303 ms - -[0m
[0mGET /css/home.css [36m304[0m 7.567 ms - -[0m
[0mGET /css/chat-box.css [36m304[0m 7.779 ms - -[0m
[0mGET /javascript/chat_engine.js [36m304[0m 29.900 ms - -[0m
[0mGET /javascript/home_posts.js [36m304[0m 24.690 ms - -[0m
[0mGET /javascript/posts_comments.js [36m304[0m 7.639 ms - -[0m
[0mGET /javascript/toggle-likes.js [36m304[0m 4.544 ms - -[0m
[0mGET / [32m200[0m 57.356 ms - 6502[0m
[0mGET /css/layout.css [36m304[0m 27.367 ms - -[0m
[0mGET /css/header.css [36m304[0m 2.584 ms - -[0m
[0mGET /css/footer.css [36m304[0m 3.214 ms - -[0m
[0mGET /css/home.css [36m304[0m 1.828 ms - -[0m
[0mGET /css/chat-box.css [36m304[0m 1.876 ms - -[0m
[0mGET /javascript/chat_engine.js [36m304[0m 28.412 ms - -[0m
[0mGET /javascript/home_posts.js [36m304[0m 7.948 ms - -[0m
[0mGET /javascript/posts_comments.js [36m304[0m 6.235 ms - -[0m
[0mGET /javascript/toggle-likes.js [36m304[0m 4.896 ms - -[0m
[0mGET / [32m200[0m 55.245 ms - 6648[0m
[0mGET /css/layout.css [36m304[0m 2.004 ms - -[0m
[0mGET /css/header.css [36m304[0m 12.552 ms - -[0m
[0mGET /css/footer.css [36m304[0m 3.080 ms - -[0m
[0mGET /css/home.css [36m304[0m 2.985 ms - -[0m
[0mGET /css/chat-box.css [36m304[0m 5.145 ms - -[0m
[0mGET /javascript/chat_engine.js [36m304[0m 28.245 ms - -[0m
[0mGET /javascript/home_posts.js [36m304[0m 25.153 ms - -[0m
[0mGET /javascript/posts_comments.js [36m304[0m 34.388 ms - -[0m
[0mGET /javascript/toggle-likes.js [36m304[0m 5.493 ms - -[0m
[0mGET / [32m200[0m 55.574 ms - 6678[0m
[0mGET /css/layout.css [36m304[0m 1.030 ms - -[0m
[0mGET /javascript/chat_engine.js [36m304[0m 19.811 ms - -[0m
[0mGET /javascript/home_posts.js [36m304[0m 2.891 ms - -[0m
[0mGET /css/header.css [36m304[0m 13.121 ms - -[0m
[0mGET /css/footer.css [36m304[0m 13.177 ms - -[0m
[0mGET /css/home.css [36m304[0m 13.504 ms - -[0m
[0mGET /css/chat-box.css [36m304[0m 7.246 ms - -[0m
[0mGET /javascript/posts_comments.js [36m304[0m 18.360 ms - -[0m
[0mGET /javascript/toggle-likes.js [36m304[0m 7.140 ms - -[0m
[0mPOST /comments/add-comment [32m200[0m 399.824 ms - 248[0m
[0mPOST /comments/add-comment [32m200[0m 23.368 ms - 248[0m
[0mGET /users/sign-out [36m302[0m 45.106 ms - 72[0m
[0mGET /users/sign-in [32m200[0m 9.383 ms - 2486[0m
[0mGET /css/layout.css [36m304[0m 1.999 ms - -[0m
[0mGET /css/header.css [36m304[0m 2.208 ms - -[0m
[0mGET /css/footer.css [36m304[0m 2.614 ms - -[0m
[0mGET /users/sign-in [32m200[0m 20.152 ms - 2149[0m
[0mGET /css/layout.css [36m304[0m 2.206 ms - -[0m
[0mGET /css/header.css [36m304[0m 2.084 ms - -[0m
[0mGET /css/footer.css [36m304[0m 1.485 ms - -[0m
[0mGET /users/auth/google [36m302[0m 18.545 ms - 0[0m
[0mGET /users/auth/google/callback?code=4%2F3QE4wygkiYhUU1IvsjJ_WYOltpkXFSPX4RhHnhlAae2M_3EH5xx230UpAsNoSRwFxEsJbysXoTyXWiSYY2IYj9E&scope=email+profile+https%3A%2F%2Fwww.googleapis.com%2Fauth%2Fuserinfo.profile+https%3A%2F%2Fwww.googleapis.com%2Fauth%2Fuserinfo.email+openid&authuser=2&prompt=consent [36m302[0m 969.560 ms - 46[0m
[0mGET / [32m200[0m 179.713 ms - 7648[0m
[0mGET /css/layout.css [36m304[0m 3.317 ms - -[0m
[0mGET /css/footer.css [36m304[0m 3.393 ms - -[0m
[0mGET /css/home.css [36m304[0m 3.377 ms - -[0m
[0mGET /css/chat-box.css [36m304[0m 3.321 ms - -[0m
[0mGET /css/header.css [36m304[0m 3.354 ms - -[0m
[0mGET /javascript/chat_engine.js [36m304[0m 28.713 ms - -[0m
[0mGET /javascript/home_posts.js [36m304[0m 7.482 ms - -[0m
[0mGET /javascript/posts_comments.js [36m304[0m 5.348 ms - -[0m
[0mGET /javascript/toggle-likes.js [36m304[0m 3.158 ms - -[0m
[0mGET /css/layout.css [36m304[0m 5.957 ms - -[0m
[0mGET /css/header.css [36m304[0m 17.972 ms - -[0m
[0mGET /css/footer.css [36m304[0m 19.141 ms - -[0m
[0mGET /css/home.css [36m304[0m 1.606 ms - -[0m
[0mGET /css/chat-box.css [36m304[0m 1.958 ms - -[0m
[0mGET / [32m200[0m 49.278 ms - 7273[0m
[0mGET /css/header.css [36m304[0m 11.486 ms - -[0m
[0mGET /css/footer.css [36m304[0m 11.068 ms - -[0m
[0mGET /css/home.css [36m304[0m 8.083 ms - -[0m
[0mGET /css/layout.css [36m304[0m 11.811 ms - -[0m
[0mGET /css/chat-box.css [36m304[0m 6.734 ms - -[0m
[0mGET /javascript/chat_engine.js [36m304[0m 5.737 ms - -[0m
[0mGET /javascript/home_posts.js [36m304[0m 27.675 ms - -[0m
[0mGET /javascript/posts_comments.js [36m304[0m 27.178 ms - -[0m
[0mGET /javascript/toggle-likes.js [36m304[0m 4.497 ms - -[0m
[0mPOST /comments/add-comment [32m200[0m 30.958 ms - 251[0m
[0mPOST /comments/add-comment [32m200[0m 21.735 ms - 251[0m
[0mPOST /comments/add-comment [32m200[0m 19.775 ms - 251[0m
[0mGET / [32m200[0m 56.071 ms - 8191[0m
[0mGET /css/layout.css [36m304[0m 2.060 ms - -[0m
[0mGET /css/header.css [36m304[0m 2.357 ms - -[0m
[0mGET /css/chat-box.css [36m304[0m 1.810 ms - -[0m
[0mGET /css/footer.css [36m304[0m 1.308 ms - -[0m
[0mGET /css/home.css [36m304[0m 1.482 ms - -[0m
[0mGET /javascript/chat_engine.js [36m304[0m 31.088 ms - -[0m
[0mGET /javascript/home_posts.js [36m304[0m 7.899 ms - -[0m
[0mGET /javascript/posts_comments.js [36m304[0m 5.997 ms - -[0m
[0mGET /javascript/toggle-likes.js [36m304[0m 9.138 ms - -[0m
[0mPOST /comments/add-comment [32m200[0m 21.998 ms - 249[0m
[0mGET / [32m200[0m 130.757 ms - 8495[0m
[0mGET /javascript/chat_engine.js [36m304[0m 2.293 ms - -[0m
[0mGET /css/layout.css [36m304[0m 5.964 ms - -[0m
[0mGET /css/home.css [36m304[0m 6.466 ms - -[0m
[0mGET /css/chat-box.css [36m304[0m 6.613 ms - -[0m
[0mGET /css/header.css [36m304[0m 7.113 ms - -[0m
[0mGET /css/footer.css [36m304[0m 7.572 ms - -[0m
[0mGET /javascript/home_posts.js [36m304[0m 1.503 ms - -[0m
[0mGET /javascript/posts_comments.js [36m304[0m 7.782 ms - -[0m
[0mGET /javascript/toggle-likes.js [36m304[0m 5.481 ms - -[0m
[0mPOST /comments/add-comment [32m200[0m 25.498 ms - 248[0m
[0mGET / [32m200[0m 72.714 ms - 8798[0m
[0mGET /javascript/chat_engine.js [36m304[0m 6.449 ms - -[0m
[0mGET /css/layout.css [36m304[0m 5.351 ms - -[0m
[0mGET /css/header.css [36m304[0m 3.355 ms - -[0m
[0mGET /css/footer.css [36m304[0m 3.462 ms - -[0m
[0mGET /css/home.css [36m304[0m 3.664 ms - -[0m
[0mGET /css/chat-box.css [36m304[0m 3.541 ms - -[0m
[0mGET /javascript/home_posts.js [36m304[0m 1.138 ms - -[0m
[0mGET /javascript/posts_comments.js [36m304[0m 1.108 ms - -[0m
[0mGET /javascript/toggle-likes.js [36m304[0m 1.828 ms - -[0m
[0mGET /users/profile [33m404[0m 11.539 ms - 152[0m
[0mGET / [36m304[0m 62.190 ms - -[0m
[0mGET /javascript/chat_engine.js [36m304[0m 4.552 ms - -[0m
[0mGET /css/header.css [36m304[0m 7.602 ms - -[0m
[0mGET /css/footer.css [36m304[0m 7.901 ms - -[0m
[0mGET /css/layout.css [36m304[0m 6.773 ms - -[0m
[0mGET /css/chat-box.css [36m304[0m 6.593 ms - -[0m
[0mGET /css/home.css [36m304[0m 7.256 ms - -[0m
[0mGET /javascript/home_posts.js [36m304[0m 17.850 ms - -[0m
[0mGET /javascript/posts_comments.js [36m304[0m 16.543 ms - -[0m
[0mGET /javascript/toggle-likes.js [36m304[0m 6.348 ms - -[0m
[0mGET / [32m200[0m 1532.649 ms - 6819[0m
[0mGET /javascript/chat_engine.js [36m304[0m 325.979 ms - -[0m
[0mGET /javascript/chat_engine.js [36m304[0m 448.517 ms - -[0m
[0mGET /javascript/home_posts.js [36m304[0m 10.533 ms - -[0m
[0mGET /javascript/home_posts.js [36m304[0m 2.151 ms - -[0m
[0mGET /javascript/posts_comments.js [36m304[0m 77.679 ms - -[0m
[0mGET /javascript/toggle-likes.js [36m304[0m 6.440 ms - -[0m
[0mGET /css/layout.css [32m200[0m 121.056 ms - 1148[0m
[0mGET /css/chat-box.css [32m200[0m 122.949 ms - 1276[0m
[0mGET /javascript/posts_comments.js [36m304[0m 9.327 ms - -[0m
[0mGET /css/footer.css [32m200[0m 127.875 ms - 252[0m
[0mGET /javascript/toggle-likes.js [36m304[0m 2.646 ms - -[0m
[0mGET /css/home.css [32m200[0m 4.420 ms - 4200[0m
[0mGET /css/header.css [32m200[0m 3.662 ms - 1872[0m
[0mGET /favicon.ico [33m404[0m 114.082 ms - 150[0m
[0mGET /users/sign-in [36m304[0m 19.103 ms - -[0m
[0mGET /users/sign-in [36m304[0m 15.622 ms - -[0m
[0mGET /css/layout.css [36m304[0m 1.521 ms - -[0m
[0mGET /css/header.css [36m304[0m 2.003 ms - -[0m
[0mGET /css/footer.css [36m304[0m 2.559 ms - -[0m
[0mGET /users/sign-in [36m304[0m 26.384 ms - -[0m
[0mGET /css/layout.css [36m304[0m 2.665 ms - -[0m
[0mGET /css/header.css [36m304[0m 2.609 ms - -[0m
[0mGET /css/footer.css [36m304[0m 3.047 ms - -[0m
[0mGET /users/sign-in [36m304[0m 39.302 ms - -[0m
[0mGET /css/layout.css [36m304[0m 1.139 ms - -[0m
[0mGET /css/header.css [36m304[0m 1.165 ms - -[0m
[0mGET /css/footer.css [36m304[0m 1.232 ms - -[0m
[0mGET /users/sign-in [36m304[0m 28.682 ms - -[0m
[0mGET /css/layout.css [36m304[0m 1.074 ms - -[0m
[0mGET /css/header.css [36m304[0m 2.689 ms - -[0m
[0mGET /css/footer.css [36m304[0m 2.290 ms - -[0m
[0mGET /users/sign-in [36m304[0m 28.217 ms - -[0m
[0mGET /css/layout.css [36m304[0m 1.583 ms - -[0m
[0mGET /css/header.css [36m304[0m 2.057 ms - -[0m
[0mGET /css/footer.css [36m304[0m 2.274 ms - -[0m
[0mGET /users/sign-in [32m200[0m 40.429 ms - 2561[0m
[0mGET /css/layout.css [36m304[0m 1.083 ms - -[0m
[0mGET /css/header.css [36m304[0m 1.698 ms - -[0m
[0mGET /css/footer.css [36m304[0m 2.387 ms - -[0m
[0mGET /users/sign-in [32m200[0m 49.440 ms - 2608[0m
[0mGET /css/layout.css [36m304[0m 2.806 ms - -[0m
[0mGET /css/header.css [36m304[0m 4.131 ms - -[0m
[0mGET /css/footer.css [36m304[0m 5.140 ms - -[0m
[0mGET /users/sign-in [36m304[0m 51.808 ms - -[0m
[0mGET /users/sign-in [36m304[0m 36.836 ms - -[0m
[0mGET /css/layout.css [32m200[0m 6.682 ms - 1148[0m
[0mGET /css/header.css [32m200[0m 12.487 ms - 1872[0m
[0mGET /css/footer.css [32m200[0m 12.254 ms - 252[0m
[0mGET /css/auth.css [32m200[0m 13.915 ms - 837[0m
[0mGET /css/layout.css [36m304[0m 7.516 ms - -[0m
[0mGET /css/header.css [36m304[0m 8.743 ms - -[0m
[0mGET /css/footer.css [36m304[0m 9.051 ms - -[0m
[0mGET /css/auth.css [36m304[0m 1.054 ms - -[0m
[0mGET /users/sign-in [36m304[0m 43.141 ms - -[0m
[0mGET /css/layout.css [36m304[0m 6.036 ms - -[0m
[0mGET /css/header.css [36m304[0m 4.299 ms - -[0m
[0mGET /css/footer.css [36m304[0m 5.189 ms - -[0m
[0mGET /css/auth.css [36m304[0m 2.258 ms - -[0m
[0mGET /users/sign-in [36m304[0m 58.138 ms - -[0m
[0mGET /css/layout.css [36m304[0m 2.746 ms - -[0m
[0mGET /css/header.css [36m304[0m 4.428 ms - -[0m
[0mGET /css/footer.css [36m304[0m 5.131 ms - -[0m
[0mGET /css/auth.css [36m304[0m 5.947 ms - -[0m
[0mGET /users/sign-in [36m304[0m 31.132 ms - -[0m
[0mGET /css/layout.css [36m304[0m 7.669 ms - -[0m
[0mGET /css/header.css [36m304[0m 4.287 ms - -[0m
[0mGET /css/footer.css [36m304[0m 2.848 ms - -[0m
[0mGET /css/auth.css [36m304[0m 1.990 ms - -[0m
[0mGET /users/sign-in [36m304[0m 34.326 ms - -[0m
[0mGET /css/layout.css [36m304[0m 1.276 ms - -[0m
[0mGET /css/header.css [36m304[0m 2.342 ms - -[0m
[0mGET /css/footer.css [36m304[0m 2.980 ms - -[0m
[0mGET /css/auth.css [36m304[0m 3.339 ms - -[0m
[0mGET /users/sign-in [36m304[0m 33.019 ms - -[0m
[0mGET /css/layout.css [36m304[0m 1.497 ms - -[0m
[0mGET /css/header.css [36m304[0m 2.041 ms - -[0m
[0mGET /css/footer.css [36m304[0m 15.237 ms - -[0m
[0mGET /css/auth.css [36m304[0m 1.819 ms - -[0m
[0mGET /users/sign-up [32m200[0m 13.942 ms - 2278[0m
[0mGET /css/layout.css [36m304[0m 1.945 ms - -[0m
[0mGET /css/header.css [36m304[0m 2.960 ms - -[0m
[0mGET /css/footer.css [36m304[0m 4.844 ms - -[0m
[0mGET /users/sign-in [36m304[0m 34.868 ms - -[0m
[0mGET /css/layout.css [36m304[0m 1.982 ms - -[0m
[0mGET /css/header.css [36m304[0m 4.727 ms - -[0m
[0mGET /css/footer.css [36m304[0m 4.438 ms - -[0m
[0mGET /css/auth.css [36m304[0m 1.449 ms - -[0m
[0mGET /users/sign-up [36m304[0m 31.253 ms - -[0m
[0mGET /css/layout.css [36m304[0m 24.801 ms - -[0m
[0mGET /css/header.css [36m304[0m 3.172 ms - -[0m
[0mGET /css/footer.css [36m304[0m 6.089 ms - -[0m
[0mGET /users/sign-in [36m304[0m 26.209 ms - -[0m
[0mGET /css/layout.css [36m304[0m 4.532 ms - -[0m
[0mGET /css/footer.css [36m304[0m 5.003 ms - -[0m
[0mGET /css/header.css [36m304[0m 3.279 ms - -[0m
[0mGET /css/auth.css [36m304[0m 1.505 ms - -[0m
[0mGET /users/sign-up [36m304[0m 31.669 ms - -[0m
[0mGET /css/layout.css [36m304[0m 1.832 ms - -[0m
[0mGET /css/header.css [36m304[0m 1.974 ms - -[0m
[0mGET /css/footer.css [36m304[0m 0.964 ms - -[0m
[0mGET / [36m304[0m 178.363 ms - -[0m
[0mGET /css/layout.css [36m304[0m 1.584 ms - -[0m
[0mGET /css/header.css [36m304[0m 1.470 ms - -[0m
[0mGET /css/footer.css [36m304[0m 3.925 ms - -[0m
[0mGET /javascript/chat_engine.js [36m304[0m 85.726 ms - -[0m
[0mGET /javascript/home_posts.js [36m304[0m 33.401 ms - -[0m
[0mGET /javascript/posts_comments.js [36m304[0m 31.849 ms - -[0m
[0mGET /javascript/toggle-likes.js [36m304[0m 18.882 ms - -[0m
[0mGET /users/sign-up [36m304[0m 31.717 ms - -[0m
[0mGET /css/layout.css [36m304[0m 1.839 ms - -[0m
[0mGET /css/header.css [36m304[0m 2.830 ms - -[0m
[0mGET /css/footer.css [36m304[0m 3.147 ms - -[0m
[0mGET /users/sign-in [36m304[0m 30.900 ms - -[0m
[0mGET /css/layout.css [36m304[0m 29.284 ms - -[0m
[0mGET /css/header.css [36m304[0m 3.344 ms - -[0m
[0mGET /css/footer.css [36m304[0m 4.172 ms - -[0m
[0mGET /css/auth.css [36m304[0m 10.319 ms - -[0m
[0mGET /users/sign-in [32m200[0m 48.156 ms - 2684[0m
[0mGET /css/layout.css [36m304[0m 10.359 ms - -[0m
[0mGET /css/header.css [36m304[0m 3.660 ms - -[0m
[0mGET /css/footer.css [36m304[0m 0.946 ms - -[0m
[0mGET /css/auth.css [36m304[0m 7.595 ms - -[0m
[0mGET /users/sign-in [32m200[0m 31.635 ms - 2306[0m
[0mGET /css/layout.css [36m304[0m 3.311 ms - -[0m
[0mGET /css/header.css [36m304[0m 2.117 ms - -[0m
[0mGET /css/auth.css [36m304[0m 1.425 ms - -[0m
[0mGET /css/footer.css [36m304[0m 3.662 ms - -[0m
[0mGET /users/sign-in [36m304[0m 33.767 ms - -[0m
[0mGET /css/layout.css [36m304[0m 2.951 ms - -[0m
[0mGET /css/header.css [36m304[0m 5.175 ms - -[0m
[0mGET /css/footer.css [36m304[0m 2.868 ms - -[0m
[0mGET /css/auth.css [36m304[0m 2.970 ms - -[0m
[0mGET /users/sign-in [36m304[0m 24.429 ms - -[0m
[0mGET /css/layout.css [36m304[0m 1.321 ms - -[0m
[0mGET /css/footer.css [36m304[0m 1.784 ms - -[0m
[0mGET /css/header.css [36m304[0m 2.325 ms - -[0m
[0mGET /css/auth.css [36m304[0m 1.276 ms - -[0m
[0mGET /users/sign-in [36m304[0m 26.083 ms - -[0m
[0mGET /css/layout.css [36m304[0m 1.935 ms - -[0m
[0mGET /css/header.css [36m304[0m 2.520 ms - -[0m
[0mGET /css/footer.css [36m304[0m 2.162 ms - -[0m
[0mGET /css/auth.css [36m304[0m 2.543 ms - -[0m
[0mGET /users/sign-in [36m304[0m 32.281 ms - -[0m
[0mGET /css/layout.css [36m304[0m 2.035 ms - -[0m
[0mGET /css/header.css [36m304[0m 2.610 ms - -[0m
[0mGET /css/footer.css [36m304[0m 5.333 ms - -[0m
[0mGET /css/auth.css [36m304[0m 3.503 ms - -[0m
[0mGET /users/sign-in [36m304[0m 25.406 ms - -[0m
[0mGET /css/layout.css [36m304[0m 1.240 ms - -[0m
[0mGET /css/header.css [36m304[0m 1.738 ms - -[0m
[0mGET /css/footer.css [36m304[0m 2.265 ms - -[0m
[0mGET /css/auth.css [36m304[0m 2.852 ms - -[0m
[0mGET /users/sign-in [36m304[0m 39.250 ms - -[0m
[0mGET /css/header.css [36m304[0m 1.867 ms - -[0m
[0mGET /css/layout.css [36m304[0m 2.529 ms - -[0m
[0mGET /css/footer.css [36m304[0m 3.115 ms - -[0m
[0mGET /css/auth.css [36m304[0m 4.054 ms - -[0m
[0mGET /users/sign-in [36m304[0m 30.080 ms - -[0m
[0mGET /css/layout.css [36m304[0m 2.073 ms - -[0m
[0mGET /css/header.css [36m304[0m 2.276 ms - -[0m
[0mGET /css/auth.css [36m304[0m 2.662 ms - -[0m
[0mGET /css/footer.css [36m304[0m 8.198 ms - -[0m
[0mGET /users/sign-in [36m304[0m 28.900 ms - -[0m
[0mGET /css/layout.css [36m304[0m 1.506 ms - -[0m
[0mGET /css/header.css [36m304[0m 1.989 ms - -[0m
[0mGET /css/auth.css [36m304[0m 4.617 ms - -[0m
[0mGET /css/footer.css [36m304[0m 5.263 ms - -[0m
[0mGET /users/sign-in [36m304[0m 30.019 ms - -[0m
[0mGET /css/layout.css [36m304[0m 3.950 ms - -[0m
[0mGET /css/footer.css [36m304[0m 4.827 ms - -[0m
[0mGET /css/auth.css [36m304[0m 6.665 ms - -[0m
[0mGET /css/header.css [36m304[0m 6.980 ms - -[0m
[0mGET /users/sign-in [36m304[0m 29.629 ms - -[0m
[0mGET /css/layout.css [36m304[0m 1.634 ms - -[0m
[0mGET /css/header.css [36m304[0m 2.000 ms - -[0m
[0mGET /css/footer.css [36m304[0m 2.613 ms - -[0m
[0mGET /css/auth.css [36m304[0m 3.163 ms - -[0m
[0mGET /users/sign-in [36m304[0m 24.085 ms - -[0m
[0mGET /css/layout.css [36m304[0m 2.362 ms - -[0m
[0mGET /css/header.css [36m304[0m 6.628 ms - -[0m
[0mGET /css/auth.css [36m304[0m 7.513 ms - -[0m
[0mGET /css/footer.css [36m304[0m 6.989 ms - -[0m
[0mGET /users/sign-in [36m304[0m 25.230 ms - -[0m
[0mGET /css/layout.css [36m304[0m 1.512 ms - -[0m
[0mGET /css/header.css [36m304[0m 1.943 ms - -[0m
[0mGET /css/footer.css [36m304[0m 2.434 ms - -[0m
[0mGET /css/auth.css [36m304[0m 3.338 ms - -[0m
[0mGET /users/sign-in [36m304[0m 13.042 ms - -[0m
[0mGET /css/layout.css [36m304[0m 1.783 ms - -[0m
[0mGET /css/header.css [36m304[0m 2.349 ms - -[0m
[0mGET /css/footer.css [36m304[0m 3.148 ms - -[0m
[0mGET /css/auth.css [36m304[0m 5.496 ms - -[0m
[0mGET /users/sign-in [36m304[0m 28.360 ms - -[0m
[0mGET /css/layout.css [36m304[0m 8.478 ms - -[0m
[0mGET /css/header.css [36m304[0m 8.917 ms - -[0m
[0mGET /css/footer.css [36m304[0m 8.229 ms - -[0m
[0mGET /css/auth.css [36m304[0m 4.405 ms - -[0m
[0mGET /users/sign-in [36m304[0m 32.112 ms - -[0m
[0mGET /css/layout.css [36m304[0m 1.567 ms - -[0m
[0mGET /css/header.css [36m304[0m 3.833 ms - -[0m
[0mGET /css/footer.css [36m304[0m 6.835 ms - -[0m
[0mGET /css/auth.css [36m304[0m 3.180 ms - -[0m
[0mGET /users/sign-in [36m304[0m 32.970 ms - -[0m
[0mGET /css/layout.css [36m304[0m 2.745 ms - -[0m
[0mGET /css/header.css [36m304[0m 7.843 ms - -[0m
[0mGET /css/footer.css [36m304[0m 8.594 ms - -[0m
[0mGET /css/auth.css [36m304[0m 8.662 ms - -[0m
[0mGET /users/sign-in [36m304[0m 52.971 ms - -[0m
[0mGET /css/layout.css [36m304[0m 3.164 ms - -[0m
[0mGET /css/header.css [36m304[0m 3.438 ms - -[0m
[0mGET /css/auth.css [36m304[0m 3.330 ms - -[0m
[0mGET /css/footer.css [36m304[0m 3.678 ms - -[0m
[0mGET /users/sign-in [36m304[0m 28.043 ms - -[0m
[0mGET /css/layout.css [36m304[0m 2.615 ms - -[0m
[0mGET /css/header.css [36m304[0m 2.732 ms - -[0m
[0mGET /css/footer.css [36m304[0m 3.497 ms - -[0m
[0mGET /css/auth.css [36m304[0m 6.175 ms - -[0m
[0mGET /users/sign-in [36m304[0m 10.760 ms - -[0m
[0mGET /css/header.css [36m304[0m 3.508 ms - -[0m
[0mGET /css/footer.css [36m304[0m 3.138 ms - -[0m
[0mGET /css/auth.css [36m304[0m 3.335 ms - -[0m
[0mGET /css/layout.css [36m304[0m 1.360 ms - -[0m
[0mGET /users/sign-in [36m304[0m 27.112 ms - -[0m
[0mGET /css/layout.css [36m304[0m 2.739 ms - -[0m
[0mGET /css/header.css [36m304[0m 4.262 ms - -[0m
[0mGET /css/footer.css [36m304[0m 4.827 ms - -[0m
[0mGET /css/auth.css [36m304[0m 5.047 ms - -[0m
[0mGET /css/layout.css [36m304[0m 2.690 ms - -[0m
[0mGET /css/header.css [36m304[0m 3.790 ms - -[0m
[0mGET /css/footer.css [36m304[0m 3.609 ms - -[0m
[0mGET /css/auth.css [36m304[0m 2.587 ms - -[0m
[0mGET /users/sign-in [36m304[0m 38.700 ms - -[0m
[0mGET /css/header.css [36m304[0m 3.469 ms - -[0m
[0mGET /css/layout.css [36m304[0m 3.285 ms - -[0m
[0mGET /css/footer.css [36m304[0m 3.401 ms - -[0m
[0mGET /css/auth.css [36m304[0m 3.534 ms - -[0m
[0mGET /users/sign-in [36m304[0m 24.697 ms - -[0m
[0mGET /css/layout.css [36m304[0m 1.120 ms - -[0m
[0mGET /css/footer.css [36m304[0m 1.404 ms - -[0m
[0mGET /css/auth.css [36m304[0m 1.675 ms - -[0m
[0mGET /css/header.css [36m304[0m 2.150 ms - -[0m
[0mGET /users/sign-in [36m304[0m 28.726 ms - -[0m
[0mGET /css/layout.css [36m304[0m 1.145 ms - -[0m
[0mGET /css/header.css [36m304[0m 1.480 ms - -[0m
[0mGET /css/footer.css [36m304[0m 3.769 ms - -[0m
[0mGET /css/auth.css [36m304[0m 3.515 ms - -[0m
[0mGET /users/sign-up [36m304[0m 12.898 ms - -[0m
[0mGET /css/footer.css [36m304[0m 1.337 ms - -[0m
[0mGET /css/layout.css [36m304[0m 2.479 ms - -[0m
[0mGET /css/header.css [36m304[0m 0.934 ms - -[0m
[0mGET /users/sign-up [32m200[0m 40.359 ms - 2386[0m
[0mGET /css/layout.css [36m304[0m 2.927 ms - -[0m
[0mGET /css/footer.css [36m304[0m 2.853 ms - -[0m
[0mGET /css/auth.css [36m304[0m 3.042 ms - -[0m
[0mGET /css/header.css [36m304[0m 3.128 ms - -[0m
[0mGET /users/sign-in [36m304[0m 30.995 ms - -[0m
[0mGET /css/layout.css [36m304[0m 1.950 ms - -[0m
[0mGET /css/footer.css [36m304[0m 5.289 ms - -[0m
[0mGET /css/auth.css [36m304[0m 5.871 ms - -[0m
[0mGET /css/header.css [36m304[0m 3.256 ms - -[0m
[0mGET /users/sign-up [36m304[0m 15.451 ms - -[0m
[0mGET /css/layout.css [36m304[0m 1.179 ms - -[0m
[0mGET /css/header.css [36m304[0m 1.376 ms - -[0m
[0mGET /css/footer.css [36m304[0m 2.443 ms - -[0m
[0mGET /css/auth.css [36m304[0m 2.956 ms - -[0m
[0mGET /users/sign-in [36m304[0m 18.285 ms - -[0m
[0mGET /css/layout.css [36m304[0m 1.215 ms - -[0m
[0mGET /css/header.css [36m304[0m 1.565 ms - -[0m
[0mGET /css/footer.css [36m304[0m 4.142 ms - -[0m
[0mGET /css/auth.css [36m304[0m 4.491 ms - -[0m
[0mGET /users/sign-in [36m304[0m 27.407 ms - -[0m
[0mGET /css/layout.css [36m304[0m 1.506 ms - -[0m
[0mGET /css/header.css [36m304[0m 1.787 ms - -[0m
[0mGET /css/footer.css [36m304[0m 5.047 ms - -[0m
[0mGET /css/auth.css [36m304[0m 5.960 ms - -[0m
[0mGET /users/sign-in [36m304[0m 29.514 ms - -[0m
[0mGET /css/layout.css [36m304[0m 1.681 ms - -[0m
[0mGET /css/header.css [36m304[0m 1.970 ms - -[0m
[0mGET /css/footer.css [36m304[0m 2.338 ms - -[0m
[0mGET /css/auth.css [36m304[0m 3.154 ms - -[0m
[0mGET / [36m304[0m 96.241 ms - -[0m
[0mGET /css/layout.css [36m304[0m 33.943 ms - -[0m
[0mGET /javascript/chat_engine.js [36m304[0m 1.173 ms - -[0m
[0mGET /javascript/home_posts.js [36m304[0m 3.964 ms - -[0m
[0mGET /css/header.css [36m304[0m 3.870 ms - -[0m
[0mGET /css/footer.css [36m304[0m 3.146 ms - -[0m
[0mGET /css/home.css [32m200[0m 5.032 ms - 4200[0m
[0mGET /css/chat-box.css [32m200[0m 5.961 ms - 1276[0m
[0mGET /javascript/posts_comments.js [36m304[0m 2.864 ms - -[0m
[0mGET /javascript/toggle-likes.js [36m304[0m 3.374 ms - -[0m
[0mGET /users/sign-in [36m304[0m 27.380 ms - -[0m
[0mGET /css/header.css [36m304[0m 2.867 ms - -[0m
[0mGET /css/layout.css [36m304[0m 4.082 ms - -[0m
[0mGET /css/auth.css [36m304[0m 4.443 ms - -[0m
[0mGET /css/footer.css [36m304[0m 4.556 ms - -[0m
[0mGET /users/auth/google [36m302[0m 38.249 ms - 0[0m
[0mGET /users/auth/google/callback?code=4%2F3QEp8O2_ti4ll9zbNGqqeZYrAmQzqU_c3_I3xFDyWQ3sPZoYs77TnfT10MnQR05dYDl8CyCIrTWKEyH5ONfVues&scope=email+profile+https%3A%2F%2Fwww.googleapis.com%2Fauth%2Fuserinfo.profile+https%3A%2F%2Fwww.googleapis.com%2Fauth%2Fuserinfo.email+openid&authuser=2&prompt=consent [36m302[0m 1546.041 ms - 46[0m
[0mGET / [32m200[0m 91.776 ms - 9138[0m
[0mGET /javascript/chat_engine.js [36m304[0m 1.401 ms - -[0m
[0mGET /css/header.css [36m304[0m 5.929 ms - -[0m
[0mGET /css/footer.css [36m304[0m 6.310 ms - -[0m
[0mGET /css/layout.css [36m304[0m 6.497 ms - -[0m
[0mGET /css/home.css [36m304[0m 5.672 ms - -[0m
[0mGET /css/chat-box.css [36m304[0m 5.172 ms - -[0m
[0mGET /javascript/home_posts.js [36m304[0m 5.775 ms - -[0m
[0mGET /javascript/posts_comments.js [36m304[0m 5.801 ms - -[0m
[0mGET /javascript/toggle-likes.js [36m304[0m 15.410 ms - -[0m
[0mGET /users/profile [33m404[0m 26.388 ms - 152[0m
[0mGET /users/profile [33m404[0m 23.522 ms - 152[0m
[0mGET / [32m200[0m 187.204 ms - 8798[0m
[0mGET /css/layout.css [36m304[0m 2.011 ms - -[0m
[0mGET /css/header.css [36m304[0m 3.821 ms - -[0m
[0mGET /javascript/chat_engine.js [36m304[0m 4.589 ms - -[0m
[0mGET /javascript/home_posts.js [36m304[0m 3.498 ms - -[0m
[0mGET /javascript/posts_comments.js [36m304[0m 1.831 ms - -[0m
[0mGET /css/footer.css [36m304[0m 4.134 ms - -[0m
[0mGET /css/chat-box.css [36m304[0m 4.139 ms - -[0m
[0mGET /css/home.css [36m304[0m 4.767 ms - -[0m
[0mGET /javascript/toggle-likes.js [36m304[0m 1.044 ms - -[0m
[0mGET /users/profile [33m404[0m 20.649 ms - 152[0m
[0mGET / [32m200[0m 66.494 ms - 9068[0m
[0mGET /javascript/chat_engine.js [36m304[0m 1.620 ms - -[0m
[0mGET /css/layout.css [36m304[0m 2.033 ms - -[0m
[0mGET /css/header.css [36m304[0m 3.743 ms - -[0m
[0mGET /css/footer.css [36m304[0m 4.298 ms - -[0m
[0mGET /css/home.css [36m304[0m 4.010 ms - -[0m
[0mGET /css/chat-box.css [36m304[0m 4.669 ms - -[0m
[0mGET /javascript/home_posts.js [36m304[0m 28.879 ms - -[0m
[0mGET /javascript/posts_comments.js [36m304[0m 8.933 ms - -[0m
[0mGET /javascript/toggle-likes.js [36m304[0m 7.653 ms - -[0m
[0mGET /users/id=%7B%20%20friends:%20[],%20%20_id:%205f460e1f14efc233f4c38a3d,%20%20name:%20'Sejal%20Gupta',%20%20email:%20'sejalg1096@gmail.com',%20%20password:%20'c888b068a6281acd216c893433f4e4251bb22117',%20%20createdAt:%202020-08-26T07:24:15.376Z,%20%20updatedAt:%202020-08-26T07:24:15.376Z,%20%20__v:%200%7D [33m404[0m 11.111 ms - 467[0m
[0mGET / [32m200[0m 65.160 ms - 8818[0m
[0mGET /css/layout.css [36m304[0m 3.901 ms - -[0m
[0mGET /css/header.css [36m304[0m 4.262 ms - -[0m
[0mGET /javascript/chat_engine.js [36m304[0m 11.341 ms - -[0m
[0mGET /javascript/home_posts.js [36m304[0m 10.816 ms - -[0m
[0mGET /css/footer.css [36m304[0m 13.989 ms - -[0m
[0mGET /css/home.css [36m304[0m 23.892 ms - -[0m
[0mGET /css/chat-box.css [36m304[0m 29.241 ms - -[0m
[0mGET /javascript/posts_comments.js [36m304[0m 33.755 ms - -[0m
[0mGET /javascript/toggle-likes.js [36m304[0m 14.095 ms - -[0m
[0mGET /users/id=5f460e1f14efc233f4c38a3d [33m404[0m 22.105 ms - 172[0m
[0mGET / [32m200[0m 104.856 ms - 8826[0m
[0mGET /javascript/chat_engine.js [36m304[0m 4.180 ms - -[0m
[0mGET /css/layout.css [36m304[0m 5.038 ms - -[0m
[0mGET /css/header.css [36m304[0m 5.822 ms - -[0m
[0mGET /css/footer.css [36m304[0m 10.038 ms - -[0m
[0mGET /css/home.css [36m304[0m 53.072 ms - -[0m
[0mGET /css/chat-box.css [36m304[0m 61.406 ms - -[0m
[0mGET /javascript/home_posts.js [36m304[0m 46.808 ms - -[0m
[0mGET /javascript/posts_comments.js [36m304[0m 7.899 ms - -[0m
[0mGET /javascript/toggle-likes.js [36m304[0m 4.957 ms - -[0m
[0mGET /users/profile/id=5f460e1f14efc233f4c38a3d [0m-[0m - ms - -[0m
[0mGET /users/auth/google/callback?code=4%2F3QELu9mj4nhQ3k3R0WJGziut8fhwPuLGWkRBSj2X0YlUTqPvaUiN-U1OVEjHXYespcbyqfkixEXo4oMTn4rnJRQ&scope=email+profile+https%3A%2F%2Fwww.googleapis.com%2Fauth%2Fuserinfo.profile+https%3A%2F%2Fwww.googleapis.com%2Fauth%2Fuserinfo.email+openid&authuser=2&prompt=consent [36m302[0m 935.301 ms - 46[0m
[0mGET / [36m304[0m 89.844 ms - -[0m
[0mGET /css/layout.css [36m304[0m 20.134 ms - -[0m
[0mGET /javascript/chat_engine.js [36m304[0m 13.551 ms - -[0m
[0mGET /css/header.css [36m304[0m 13.632 ms - -[0m
[0mGET /css/footer.css [36m304[0m 10.032 ms - -[0m
[0mGET /css/home.css [36m304[0m 9.581 ms - -[0m
[0mGET /css/chat-box.css [36m304[0m 33.599 ms - -[0m
[0mGET /javascript/home_posts.js [36m304[0m 5.612 ms - -[0m
[0mGET /javascript/posts_comments.js [36m304[0m 13.965 ms - -[0m
[0mGET /javascript/toggle-likes.js [36m304[0m 12.672 ms - -[0m
[0mGET /users/profile/id=5f460e1f14efc233f4c38a3d [0m-[0m - ms - -[0m
[0mGET /users/profile/id=5f460e1f14efc233f4c38a3d [0m-[0m - ms - -[0m
[0mGET /users/profile/id=5f460e1f14efc233f4c38a3d [0m-[0m - ms - -[0m
[0mGET / [32m200[0m 107.071 ms - 9416[0m
[0mGET /javascript/chat_engine.js [36m304[0m 50.630 ms - -[0m
[0mGET /javascript/home_posts.js [36m304[0m 4.491 ms - -[0m
[0mGET /javascript/posts_comments.js [36m304[0m 9.470 ms - -[0m
[0mGET /javascript/toggle-likes.js [36m304[0m 6.904 ms - -[0m
[0mGET /users/profile/id=%7B%20%20friends:%20[],%20%20_id:%205f460e1f14efc233f4c38a3d,%20%20name:%20'Sejal%20Gupta',%20%20email:%20'sejalg1096@gmail.com',%20%20password:%20'c888b068a6281acd216c893433f4e4251bb22117',%20%20createdAt:%202020-08-26T07:24:15.376Z,%20%20updatedAt:%202020-08-26T07:24:15.376Z,%20%20__v:%200%7D [0m-[0m - ms - -[0m
[0mGET /users/profile/id=%7B%20%20friends:%20[],%20%20_id:%205f460e1f14efc233f4c38a3d,%20%20name:%20'Sejal%20Gupta',%20%20email:%20'sejalg1096@gmail.com',%20%20password:%20'c888b068a6281acd216c893433f4e4251bb22117',%20%20createdAt:%202020-08-26T07:24:15.376Z,%20%20updatedAt:%202020-08-26T07:24:15.376Z,%20%20__v:%200%7D [0m-[0m - ms - -[0m
[0mGET /users/auth/google/callback?code=4%2F3QFAwVDUmGvgIO4rzu0BgdLGzMyLlLHVkGRq39Jixn0KQ29knAySNtp3O6slc9t6pUtkjn_5PMdewBYvnosU5DA&scope=email+profile+https%3A%2F%2Fwww.googleapis.com%2Fauth%2Fuserinfo.profile+https%3A%2F%2Fwww.googleapis.com%2Fauth%2Fuserinfo.email+openid&authuser=2&prompt=consent [36m302[0m 1002.027 ms - 46[0m
[0mGET / [32m200[0m 105.100 ms - 9166[0m
[0mGET /javascript/chat_engine.js [36m304[0m 39.225 ms - -[0m
[0mGET /javascript/home_posts.js [36m304[0m 31.388 ms - -[0m
[0mGET /javascript/posts_comments.js [36m304[0m 14.764 ms - -[0m
[0mGET /javascript/toggle-likes.js [36m304[0m 12.374 ms - -[0m
[0mGET /users/profile/id=5f460e1f14efc233f4c38a3d [0m-[0m - ms - -[0m
[0mGET /users/profile/id=5f460e1f14efc233f4c38a3d [0m-[0m - ms - -[0m
[0mGET /users/profile/id=5f460e1f14efc233f4c38a3d [0m-[0m - ms - -[0m
[0mGET /users/profile/id=5f460e1f14efc233f4c38a3d [0m-[0m - ms - -[0m
[0mGET /users/profile/id=5f460e1f14efc233f4c38a3d [33m404[0m 71.377 ms - 180[0m
[0mGET /users/profile/id=5f460e1f14efc233f4c38a3d [33m404[0m 67.288 ms - 180[0m
[0mGET /users/profile/id=5f460e1f14efc233f4c38a3d [33m404[0m 21.568 ms - 180[0m
[0mGET / [32m200[0m 266.016 ms - 8826[0m
[0mGET /javascript/chat_engine.js [36m304[0m 48.221 ms - -[0m
[0mGET /javascript/chat_engine.js [36m304[0m 6.530 ms - -[0m
[0mGET /javascript/home_posts.js [36m304[0m 8.717 ms - -[0m
[0mGET /javascript/posts_comments.js [36m304[0m 44.068 ms - -[0m
[0mGET /javascript/toggle-likes.js [36m304[0m 12.090 ms - -[0m
[0mGET /javascript/home_posts.js [36m304[0m 10.709 ms - -[0m
[0mGET /javascript/posts_comments.js [36m304[0m 10.549 ms - -[0m
[0mGET /css/header.css [32m200[0m 50.565 ms - 1872[0m
[0mGET /css/chat-box.css [32m200[0m 20.284 ms - 1276[0m
[0mGET /css/footer.css [32m200[0m 19.512 ms - 252[0m
[0mGET /javascript/toggle-likes.js [36m304[0m 6.410 ms - -[0m
[0mGET /css/home.css [32m200[0m 16.914 ms - 4200[0m
[0mGET /css/layout.css [32m200[0m 23.950 ms - 1148[0m
[0mGET /users/profile?id=5f460e1f14efc233f4c38a3d [32m200[0m 145.972 ms - 4230[0m
[0mGET /users/css/users-profile.css [33m404[0m 32.130 ms - 166[0m
[0mGET /users/javascript/user_image_preview.js [33m404[0m 32.415 ms - 177[0m
[0mGET /users/javascript/toggle_friend.js [33m404[0m 48.994 ms - 172[0m
[0mGET /users/javascript/user_image_preview.js [33m404[0m 27.242 ms - 177[0m
[0mGET /users/javascript/toggle_friend.js [33m404[0m 10.667 ms - 172[0m
[0mGET /users/profile?id=5f460e1f14efc233f4c38a3d [36m304[0m 42.521 ms - -[0m
[0mGET /users/css/users-profile.css [33m404[0m 142.032 ms - 166[0m
[0mGET /users/javascript/toggle_friend.js [33m404[0m 111.526 ms - 172[0m
[0mGET /users/javascript/user_image_preview.js [33m404[0m 102.032 ms - 177[0m
[0mGET /users/javascript/user_image_preview.js [33m404[0m 36.913 ms - 177[0m
[0mGET /users/javascript/toggle_friend.js [33m404[0m 24.855 ms - 172[0m
[0mGET /users/css/users-profile.css [33m404[0m 56.230 ms - 166[0m
[0mGET /css/layout.css [32m200[0m 20.179 ms - 1148[0m
[0mGET /css/footer.css [32m200[0m 21.610 ms - 252[0m
[0mGET /css/header.css [32m200[0m 24.110 ms - 1872[0m
[0mGET /users/profile?id=5f460e1f14efc233f4c38a3d [32m200[0m 57.072 ms - 4231[0m
[0mGET /css/layout.css [36m304[0m 17.532 ms - -[0m
[0mGET /css/header.css [36m304[0m 31.545 ms - -[0m
[0mGET /css/footer.css [36m304[0m 18.855 ms - -[0m
[0mGET /users/javascript/user_image_preview.js [33m404[0m 77.773 ms - 177[0m
[0mGET /users/javascript/toggle_friend.js [33m404[0m 79.780 ms - 172[0m
[0mGET /users/javascript/user_image_preview.js [33m404[0m 25.313 ms - 177[0m
[0mGET /users/javascript/toggle_friend.js [33m404[0m 10.441 ms - 172[0m
[0mGET /users/profile?id=5f460e1f14efc233f4c38a3d [36m304[0m 57.499 ms - -[0m
[0mGET /css/layout.css [36m304[0m 3.215 ms - -[0m
[0mGET /css/header.css [36m304[0m 7.686 ms - -[0m
[0mGET /css/footer.css [36m304[0m 8.904 ms - -[0m
[0mGET /css/users-profile.css [32m200[0m 29.651 ms - 2005[0m
[0mGET /users/javascript/user_image_preview.js [33m404[0m 38.495 ms - 177[0m
[0mGET /users/javascript/toggle_friend.js [33m404[0m 66.308 ms - 172[0m
[0mGET /users/javascript/user_image_preview.js [33m404[0m 38.644 ms - 177[0m
[0mGET /users/javascript/toggle_friend.js [33m404[0m 21.177 ms - 172[0m
[0mGET / [36m304[0m 94.624 ms - -[0m
[0mGET /css/layout.css [36m304[0m 0.839 ms - -[0m
[0mGET /css/header.css [36m304[0m 3.150 ms - -[0m
[0mGET /css/footer.css [36m304[0m 3.491 ms - -[0m
[0mGET /javascript/chat_engine.js [36m304[0m 64.410 ms - -[0m
[0mGET /javascript/home_posts.js [36m304[0m 10.122 ms - -[0m
[0mGET /javascript/posts_comments.js [36m304[0m 7.393 ms - -[0m
[0mGET /javascript/toggle-likes.js [36m304[0m 7.198 ms - -[0m
[0mGET /users/profile?id=5f460e1f14efc233f4c38a3d [36m304[0m 58.921 ms - -[0m
[0mGET /css/layout.css [36m304[0m 3.447 ms - -[0m
[0mGET /css/header.css [36m304[0m 4.704 ms - -[0m
[0mGET /css/footer.css [36m304[0m 6.150 ms - -[0m
[0mGET /css/users-profile.css [36m304[0m 4.937 ms - -[0m
[0mGET /users/javascript/user_image_preview.js [33m404[0m 72.326 ms - 177[0m
[0mGET /users/javascript/toggle_friend.js [33m404[0m 127.248 ms - 172[0m
[0mGET / [32m200[0m 1329.946 ms - 6819[0m
[0mGET /javascript/chat_engine.js [36m304[0m 8.768 ms - -[0m
[0mGET /css/footer.css [32m200[0m 132.197 ms - 252[0m
[0mGET /css/home.css [32m200[0m 8.977 ms - 4200[0m
[0mGET /css/chat-box.css [32m200[0m 8.791 ms - 1276[0m
[0mGET /javascript/chat_engine.js [32m200[0m 107.482 ms - 2060[0m
[0mGET /css/layout.css [32m200[0m 3.383 ms - 1148[0m
[0mGET /css/header.css [32m200[0m 5.015 ms - 1872[0m
[0mGET /javascript/posts_comments.js [36m304[0m 5.974 ms - -[0m
[0mGET /javascript/home_posts.js [36m304[0m 6.190 ms - -[0m
[0mGET /javascript/toggle-likes.js [36m304[0m 6.196 ms - -[0m
[0mGET /favicon.ico [33m404[0m 66.739 ms - 150[0m
[0mGET / [36m304[0m 72.433 ms - -[0m
[0mGET /css/layout.css [36m304[0m 1.013 ms - -[0m
[0mGET /javascript/chat_engine.js [36m304[0m 28.405 ms - -[0m
[0mGET /javascript/home_posts.js [36m304[0m 2.655 ms - -[0m
[0mGET /css/header.css [36m304[0m 7.911 ms - -[0m
[0mGET /css/footer.css [36m304[0m 8.149 ms - -[0m
[0mGET /css/home.css [36m304[0m 8.600 ms - -[0m
[0mGET /css/chat-box.css [36m304[0m 6.462 ms - -[0m
[0mGET /javascript/posts_comments.js [36m304[0m 4.792 ms - -[0m
[0mGET /javascript/toggle-likes.js [36m304[0m 2.760 ms - -[0m
[0mGET /users/sign-in [36m304[0m 34.643 ms - -[0m
[0mGET /css/layout.css [36m304[0m 28.480 ms - -[0m
[0mGET /css/header.css [36m304[0m 27.904 ms - -[0m
[0mGET /css/footer.css [36m304[0m 4.585 ms - -[0m
[0mGET /users/sign-in [36m304[0m 28.418 ms - -[0m
[0mGET /css/layout.css [36m304[0m 2.174 ms - -[0m
[0mGET /css/header.css [36m304[0m 4.758 ms - -[0m
[0mGET /css/footer.css [36m304[0m 5.303 ms - -[0m
[0mGET /css/auth.css [32m200[0m 8.017 ms - 837[0m
[0mGET /users/sign-in [36m304[0m 32.568 ms - -[0m
[0mGET /css/layout.css [36m304[0m 1.470 ms - -[0m
[0mGET /css/header.css [36m304[0m 3.830 ms - -[0m
[0mGET /css/footer.css [36m304[0m 3.296 ms - -[0m
[0mGET /css/auth.css [36m304[0m 3.484 ms - -[0m
[0mGET /users/auth/google [36m302[0m 33.650 ms - 0[0m
[0mGET /users/auth/google/callback?code=4%2F3QF3HnfXGc0o2jQyBHOtefmBDKfCkIjwxAQy2cYz59SFJYR-xKhBR2KGA_D356MCdGghLZKHZytAkubP2hSqAnM&scope=email+profile+https%3A%2F%2Fwww.googleapis.com%2Fauth%2Fuserinfo.profile+https%3A%2F%2Fwww.googleapis.com%2Fauth%2Fuserinfo.email+openid&authuser=2&prompt=consent [36m302[0m 1486.645 ms - 46[0m
[0mGET / [32m200[0m 90.952 ms - 9166[0m
[0mGET /css/layout.css [36m304[0m 3.345 ms - -[0m
[0mGET /css/header.css [36m304[0m 3.803 ms - -[0m
[0mGET /css/footer.css [36m304[0m 4.782 ms - -[0m
[0mGET /css/home.css [36m304[0m 5.397 ms - -[0m
[0mGET /css/chat-box.css [36m304[0m 5.757 ms - -[0m
[0mGET /javascript/chat_engine.js [36m304[0m 45.282 ms - -[0m
[0mGET /javascript/home_posts.js [36m304[0m 44.957 ms - -[0m
[0mGET /javascript/posts_comments.js [36m304[0m 10.728 ms - -[0m
[0mGET /javascript/toggle-likes.js [36m304[0m 5.844 ms - -[0m
[0mPOST /comments/add-comment [32m200[0m 552.740 ms - 249[0m
[0mPOST /comments/add-comment [32m200[0m 29.202 ms - 249[0m
[0mGET / [32m200[0m 113.781 ms - 9434[0m
[0mGET /javascript/chat_engine.js [36m304[0m 8.976 ms - -[0m
[0mGET /css/layout.css [36m304[0m 8.940 ms - -[0m
[0mGET /css/header.css [36m304[0m 7.118 ms - -[0m
[0mGET /css/footer.css [36m304[0m 5.819 ms - -[0m
[0mGET /css/home.css [36m304[0m 5.959 ms - -[0m
[0mGET /css/chat-box.css [36m304[0m 7.265 ms - -[0m
[0mGET /javascript/home_posts.js [36m304[0m 41.987 ms - -[0m
[0mGET /javascript/posts_comments.js [36m304[0m 38.790 ms - -[0m
[0mGET /javascript/toggle-likes.js [36m304[0m 2.956 ms - -[0m
[0mGET /users/profile?id=5f460e1f14efc233f4c38a3d [36m304[0m 63.120 ms - -[0m
[0mGET /css/layout.css [36m304[0m 8.824 ms - -[0m
[0mGET /css/header.css [36m304[0m 10.570 ms - -[0m
[0mGET /css/footer.css [36m304[0m 30.843 ms - -[0m
[0mGET /users/javascript/toggle_friend.js [33m404[0m 62.161 ms - 172[0m
[0mGET /users/javascript/user_image_preview.js [33m404[0m 55.255 ms - 177[0m
[0mGET /users/javascript/user_image_preview.js [33m404[0m 38.833 ms - 177[0m
[0mGET /users/javascript/toggle_friend.js [33m404[0m 29.260 ms - 172[0m
[0mGET /css/layout.css [36m304[0m 3.189 ms - -[0m
[0mGET /css/header.css [36m304[0m 3.127 ms - -[0m
[0mGET /css/footer.css [36m304[0m 3.362 ms - -[0m
[0mGET /css/users-profile.css [32m200[0m 4.419 ms - 2005[0m
[0mGET /users/profile?id=5f460e1f14efc233f4c38a3d [32m200[0m 79.984 ms - 4107[0m
[0mGET /css/layout.css [36m304[0m 0.933 ms - -[0m
[0mGET /css/header.css [36m304[0m 1.378 ms - -[0m
[0mGET /css/footer.css [36m304[0m 2.593 ms - -[0m
[0mGET /css/users-profile.css [36m304[0m 4.311 ms - -[0m
[0mGET /users/javascript/user_image_preview.js [33m404[0m 30.637 ms - 177[0m
[0mGET /users/javascript/toggle_friend.js [33m404[0m 31.979 ms - 172[0m
[0mGET /users/javascript/user_image_preview.js [33m404[0m 34.945 ms - 177[0m
[0mGET /users/javascript/toggle_friend.js [33m404[0m 22.928 ms - 172[0m
[0mGET /users/profile?id=5f460e1f14efc233f4c38a3d [32m200[0m 67.291 ms - 4140[0m
[0mGET /users/javascript/user_image_preview.js [33m404[0m 20.209 ms - 177[0m
[0mGET /css/layout.css [36m304[0m 5.239 ms - -[0m
[0mGET /css/header.css [36m304[0m 12.770 ms - -[0m
[0mGET /css/users-profile.css [36m304[0m 14.251 ms - -[0m
[0mGET /css/footer.css [36m304[0m 18.395 ms - -[0m
[0mGET /users/javascript/toggle_friend.js [33m404[0m 115.833 ms - 172[0m
[0mGET /users/javascript/user_image_preview.js [33m404[0m 38.118 ms - 177[0m
[0mGET /users/javascript/toggle_friend.js [33m404[0m 26.172 ms - 172[0m
[0mGET /users/profile?id=5f460e1f14efc233f4c38a3d [32m200[0m 1527.286 ms - 4140[0m
[0mGET /users/javascript/user_image_preview.js [33m404[0m 2663.408 ms - 177[0m
[0mGET /users/javascript/toggle_friend.js [33m404[0m 2607.721 ms - 172[0m
[0mGET /users/javascript/user_image_preview.js [33m404[0m 42.371 ms - 177[0m
[0mGET /users/javascript/toggle_friend.js [33m404[0m 25.870 ms - 172[0m
[0mGET / [36m304[0m 316.385 ms - -[0m
[0mGET /javascript/chat_engine.js [36m304[0m 30.412 ms - -[0m
[0mGET /javascript/home_posts.js [36m304[0m 17.906 ms - -[0m
[0mGET /javascript/posts_comments.js [36m304[0m 24.944 ms - -[0m
[0mGET /javascript/toggle-likes.js [36m304[0m 3.039 ms - -[0m
[0mGET /users/profile?id=5f460e1f14efc233f4c38a3d [32m200[0m 74.362 ms - 2912[0m
[0mGET /css/layout.css [32m200[0m 24.221 ms - 1148[0m
[0mGET /css/header.css [32m200[0m 27.092 ms - 1872[0m
[0mGET /css/footer.css [32m200[0m 28.667 ms - 252[0m
[0mGET /users/javascript/user_image_preview.js [33m404[0m 80.885 ms - 177[0m
[0mGET /users/javascript/toggle_friend.js [33m404[0m 35.707 ms - 172[0m
[0mGET /users/profile?id=5f460e1f14efc233f4c38a3d [32m200[0m 101.130 ms - 5297[0m
[0mGET /users/javascript/user_image_preview.js [33m404[0m 166.936 ms - 177[0m
[0mGET /users/javascript/toggle_friend.js [33m404[0m 168.823 ms - 172[0m
[0mGET /users/javascript/user_image_preview.js [33m404[0m 34.514 ms - 177[0m
[0mGET /users/javascript/toggle_friend.js [33m404[0m 12.023 ms - 172[0m
[0mGET /users/profile?id=5f460e1f14efc233f4c38a3d [32m200[0m 48.712 ms - 5161[0m
[0mGET /css/layout.css [32m200[0m 32.301 ms - 1148[0m
[0mGET /css/header.css [32m200[0m 34.093 ms - 1872[0m
[0mGET /css/footer.css [32m200[0m 20.412 ms - 252[0m
[0mGET /css/users-profile.css [32m200[0m 48.963 ms - 2005[0m
[0mGET /users/javascript/user_image_preview.js [33m404[0m 64.399 ms - 177[0m
[0mGET /users/javascript/toggle_friend.js [33m404[0m 63.138 ms - 172[0m
[0mGET /users/javascript/user_image_preview.js [33m404[0m 26.374 ms - 177[0m
[0mGET /users/javascript/toggle_friend.js [33m404[0m 18.313 ms - 172[0m
[0mGET / [36m304[0m 97.774 ms - -[0m
[0mGET /css/layout.css [36m304[0m 6.661 ms - -[0m
[0mGET /css/header.css [36m304[0m 7.339 ms - -[0m
[0mGET /javascript/chat_engine.js [36m304[0m 7.499 ms - -[0m
[0mGET /css/footer.css [36m304[0m 5.255 ms - -[0m
[0mGET /javascript/home_posts.js [36m304[0m 1.513 ms - -[0m
[0mGET /javascript/posts_comments.js [36m304[0m 12.239 ms - -[0m
[0mGET /javascript/toggle-likes.js [36m304[0m 3.064 ms - -[0m
[0mGET /users/profile?id=5f460e1f14efc233f4c38a3d [36m304[0m 53.576 ms - -[0m
[0mGET /css/layout.css [36m304[0m 9.685 ms - -[0m
[0mGET /css/header.css [36m304[0m 10.389 ms - -[0m
[0mGET /css/users-profile.css [36m304[0m 12.243 ms - -[0m
[0mGET /css/footer.css [36m304[0m 13.562 ms - -[0m
[0mGET /users/javascript/toggle_friend.js [33m404[0m 41.332 ms - 172[0m
[0mGET /users/javascript/user_image_preview.js [33m404[0m 41.192 ms - 177[0m
[0mGET /users/javascript/user_image_preview.js [33m404[0m 28.918 ms - 177[0m
[0mGET /users/javascript/toggle_friend.js [33m404[0m 21.493 ms - 172[0m
[0mGET / [36m304[0m 65.911 ms - -[0m
[0mGET /css/header.css [36m304[0m 13.477 ms - -[0m
[0mGET /css/layout.css [36m304[0m 13.479 ms - -[0m
[0mGET /javascript/chat_engine.js [36m304[0m 6.761 ms - -[0m
[0mGET /css/footer.css [36m304[0m 6.579 ms - -[0m
[0mGET /css/home.css [32m200[0m 6.847 ms - 4200[0m
[0mGET /css/chat-box.css [32m200[0m 4.140 ms - 1276[0m
[0mGET /javascript/home_posts.js [36m304[0m 1.093 ms - -[0m
[0mGET /javascript/posts_comments.js [36m304[0m 6.212 ms - -[0m
[0mGET /javascript/toggle-likes.js [36m304[0m 2.592 ms - -[0m
[0mGET /users/sign-out [36m302[0m 413.795 ms - 72[0m
[0mGET /users/sign-in [36m302[0m 37.040 ms - 72[0m
[0mGET /users/profile [36m302[0m 8.330 ms - 72[0m
[0mGET /users/sign-in [32m200[0m 50.483 ms - 2306[0m
[0mGET /css/footer.css [36m304[0m 1.143 ms - -[0m
[0mGET /css/header.css [36m304[0m 1.235 ms - -[0m
[0mGET /css/layout.css [36m304[0m 6.009 ms - -[0m
[0mGET /users/sign-in [36m304[0m 24.625 ms - -[0m
[0mGET /css/layout.css [36m304[0m 1.290 ms - -[0m
[0mGET /css/header.css [36m304[0m 2.170 ms - -[0m
[0mGET /css/footer.css [36m304[0m 2.609 ms - -[0m
[0mGET /css/auth.css [32m200[0m 5.500 ms - 837[0m
[0mGET /users/sign-in [36m304[0m 22.854 ms - -[0m
[0mGET /css/layout.css [36m304[0m 4.583 ms - -[0m
[0mGET /css/header.css [36m304[0m 2.955 ms - -[0m
[0mGET /css/auth.css [36m304[0m 1.490 ms - -[0m
[0mGET /css/footer.css [36m304[0m 1.534 ms - -[0m
[0mGET /users/sign-in [36m304[0m 20.698 ms - -[0m
[0mGET /css/header.css [36m304[0m 3.381 ms - -[0m
[0mGET /css/layout.css [36m304[0m 3.426 ms - -[0m
[0mGET /css/footer.css [36m304[0m 5.221 ms - -[0m
[0mGET /css/auth.css [36m304[0m 3.849 ms - -[0m
[0mGET /users/sign-in [36m304[0m 21.446 ms - -[0m
[0mGET /css/layout.css [36m304[0m 3.663 ms - -[0m
[0mGET /css/footer.css [36m304[0m 3.196 ms - -[0m
[0mGET /css/auth.css [36m304[0m 2.567 ms - -[0m
[0mGET /css/header.css [36m304[0m 2.791 ms - -[0m
[0mGET /css/layout.css [36m304[0m 4.962 ms - -[0m
[0mGET /css/header.css [36m304[0m 4.971 ms - -[0m
[0mGET /css/footer.css [36m304[0m 3.039 ms - -[0m
[0mGET /css/auth.css [36m304[0m 3.187 ms - -[0m
[0mGET /users/sign-in [36m304[0m 14.987 ms - -[0m
[0mGET /css/layout.css [36m304[0m 2.339 ms - -[0m
[0mGET /css/header.css [36m304[0m 2.631 ms - -[0m
[0mGET /css/footer.css [36m304[0m 2.760 ms - -[0m
[0mGET /css/auth.css [36m304[0m 2.313 ms - -[0m
[0mGET /users/sign-in [36m304[0m 17.716 ms - -[0m
[0mGET /css/layout.css [36m304[0m 0.889 ms - -[0m
[0mGET /css/header.css [36m304[0m 1.503 ms - -[0m
[0mGET /css/footer.css [36m304[0m 2.564 ms - -[0m
[0mGET /css/auth.css [36m304[0m 2.379 ms - -[0m
[0mGET /users/sign-in [36m304[0m 17.683 ms - -[0m
[0mGET /css/layout.css [36m304[0m 1.592 ms - -[0m
[0mGET /css/header.css [36m304[0m 1.970 ms - -[0m
[0mGET /css/footer.css [36m304[0m 3.181 ms - -[0m
[0mGET /css/auth.css [36m304[0m 2.729 ms - -[0m
[0mGET /users/sign-in [36m304[0m 16.154 ms - -[0m
[0mGET /css/layout.css [36m304[0m 1.937 ms - -[0m
[0mGET /css/header.css [36m304[0m 2.114 ms - -[0m
[0mGET /css/footer.css [36m304[0m 3.779 ms - -[0m
[0mGET /css/auth.css [36m304[0m 2.053 ms - -[0m
[0mGET /users/sign-up [36m304[0m 37.926 ms - -[0m
[0mGET /css/layout.css [36m304[0m 6.552 ms - -[0m
[0mGET /css/header.css [36m304[0m 7.721 ms - -[0m
[0mGET /css/footer.css [36m304[0m 9.686 ms - -[0m
[0mGET /css/auth.css [36m304[0m 6.727 ms - -[0m
[0mGET /users/sign-in [36m304[0m 33.535 ms - -[0m
[0mGET /css/layout.css [36m304[0m 1.654 ms - -[0m
[0mGET /css/header.css [36m304[0m 2.053 ms - -[0m
[0mGET /css/footer.css [36m304[0m 2.108 ms - -[0m
[0mGET /css/auth.css [36m304[0m 3.755 ms - -[0m
[0mGET /users/sign-up [36m304[0m 16.127 ms - -[0m
[0mGET /css/layout.css [36m304[0m 6.555 ms - -[0m
[0mGET /css/header.css [36m304[0m 5.881 ms - -[0m
[0mGET /css/footer.css [36m304[0m 5.241 ms - -[0m
[0mGET /css/auth.css [36m304[0m 3.822 ms - -[0m
[0mGET /users/sign-in [36m304[0m 26.879 ms - -[0m
[0mGET /css/layout.css [36m304[0m 5.227 ms - -[0m
[0mGET /css/header.css [36m304[0m 3.768 ms - -[0m
[0mGET /css/footer.css [36m304[0m 4.669 ms - -[0m
[0mGET /css/auth.css [36m304[0m 1.514 ms - -[0m
[0mGET /users/sign-in [36m304[0m 25.025 ms - -[0m
[0mGET /css/layout.css [36m304[0m 3.142 ms - -[0m
[0mGET /css/header.css [36m304[0m 5.645 ms - -[0m
[0mGET /css/footer.css [36m304[0m 5.107 ms - -[0m
[0mGET /css/auth.css [36m304[0m 2.744 ms - -[0m
[0mGET /users/sign-in [36m304[0m 27.836 ms - -[0m
[0mGET /css/header.css [36m304[0m 2.424 ms - -[0m
[0mGET /css/layout.css [36m304[0m 3.241 ms - -[0m
[0mGET /css/footer.css [36m304[0m 4.189 ms - -[0m
[0mGET /css/auth.css [36m304[0m 5.601 ms - -[0m
[0mGET /users/sign-in [32m200[0m 19.287 ms - 2259[0m
[0mGET /css/layout.css [36m304[0m 2.236 ms - -[0m
[0mGET /css/header.css [36m304[0m 3.486 ms - -[0m
[0mGET /css/footer.css [36m304[0m 3.819 ms - -[0m
[0mGET /css/auth.css [36m304[0m 3.837 ms - -[0m
[0mGET /users/sign-in [36m304[0m 19.869 ms - -[0m
[0mGET /css/layout.css [36m304[0m 2.885 ms - -[0m
[0mGET /css/header.css [36m304[0m 1.176 ms - -[0m
[0mGET /css/footer.css [36m304[0m 1.861 ms - -[0m
[0mGET /css/auth.css [36m304[0m 1.596 ms - -[0m
[0mGET /users/sign-in [36m304[0m 15.650 ms - -[0m
[0mGET /css/layout.css [36m304[0m 2.735 ms - -[0m
[0mGET /css/header.css [36m304[0m 3.051 ms - -[0m
[0mGET /css/auth.css [36m304[0m 2.106 ms - -[0m
[0mGET /css/footer.css [36m304[0m 2.214 ms - -[0m
[0mGET /users/sign-in [32m200[0m 36.613 ms - 2306[0m
[0mGET /css/layout.css [36m304[0m 1.415 ms - -[0m
[0mGET /css/footer.css [36m304[0m 2.394 ms - -[0m
[0mGET /css/header.css [36m304[0m 3.209 ms - -[0m
[0mGET /css/auth.css [36m304[0m 1.943 ms - -[0m
[0mGET /users/sign-in [36m304[0m 25.515 ms - -[0m
[0mGET /css/layout.css [36m304[0m 28.741 ms - -[0m
[0mGET /css/header.css [36m304[0m 2.049 ms - -[0m
[0mGET /css/footer.css [36m304[0m 2.365 ms - -[0m
[0mGET /css/auth.css [36m304[0m 1.536 ms - -[0m
[0mGET /users/sign-in [36m304[0m 19.708 ms - -[0m
[0mGET /css/layout.css [36m304[0m 0.848 ms - -[0m
[0mGET /css/header.css [36m304[0m 1.336 ms - -[0m
[0mGET /css/footer.css [36m304[0m 1.510 ms - -[0m
[0mGET /css/auth.css [36m304[0m 2.396 ms - -[0m
[0mGET /users/sign-in [32m200[0m 42.361 ms - 2300[0m
[0mGET /css/layout.css [36m304[0m 5.797 ms - -[0m
[0mGET /css/header.css [36m304[0m 5.437 ms - -[0m
[0mGET /css/footer.css [36m304[0m 5.727 ms - -[0m
[0mGET /css/auth.css [36m304[0m 3.672 ms - -[0m
[0mPOST /users/create-session [36m302[0m 396.730 ms - 72[0m
[0mGET /users/sign-in [36m304[0m 25.677 ms - -[0m
[0mGET /css/layout.css [36m304[0m 1.578 ms - -[0m
[0mGET /css/header.css [36m304[0m 1.830 ms - -[0m
[0mGET /css/footer.css [36m304[0m 2.107 ms - -[0m
[0mGET /css/auth.css [36m304[0m 4.484 ms - -[0m
[0mPOST /users/create-session [36m302[0m 8.926 ms - 72[0m
[0mGET /users/sign-in [36m304[0m 15.129 ms - -[0m
[0mGET /css/layout.css [36m304[0m 2.103 ms - -[0m
[0mGET /css/header.css [36m304[0m 2.443 ms - -[0m
[0mGET /css/footer.css [36m304[0m 3.523 ms - -[0m
[0mGET /css/auth.css [36m304[0m 1.961 ms - -[0m
[0mPOST /users/create-session [36m302[0m 7.597 ms - 72[0m
[0mGET /users/sign-in [36m304[0m 8.692 ms - -[0m
[0mGET /css/layout.css [36m304[0m 2.637 ms - -[0m
[0mGET /css/auth.css [36m304[0m 3.921 ms - -[0m
[0mGET /css/header.css [36m304[0m 4.556 ms - -[0m
[0mGET /css/footer.css [36m304[0m 5.577 ms - -[0m
[0mGET /users/sign-in [32m200[0m 82.655 ms - 2300[0m
[0mPOST /users/create-session [36m302[0m 86.869 ms - 72[0m
[0mGET /users/sign-in [36m304[0m 156.282 ms - -[0m
[0mGET /users/sign-in [36m304[0m 48.853 ms - -[0m
[0mPOST /users/create-session [36m302[0m 40.533 ms - 72[0m
[0mGET /users/sign-in [36m304[0m 31.003 ms - -[0m
[0mGET /css/layout.css [32m200[0m 11.082 ms - 1148[0m
[0mGET /css/header.css [32m200[0m 13.261 ms - 1872[0m
[0mGET /css/auth.css [32m200[0m 8.279 ms - 837[0m
[0mGET /css/footer.css [32m200[0m 9.601 ms - 252[0m
[0mGET /users/sign-in [36m304[0m 52.114 ms - -[0m
[0mPOST /users/create-session [36m302[0m 37.172 ms - 72[0m
[0mGET /users/sign-in [36m304[0m 18.579 ms - -[0m
[0mGET /css/layout.css [32m200[0m 9.398 ms - 1148[0m
[0mGET /css/header.css [32m200[0m 12.064 ms - 1872[0m
[0mGET /css/footer.css [32m200[0m 10.179 ms - 252[0m
[0mGET /css/auth.css [32m200[0m 9.941 ms - 837[0m
[0mGET /users/sign-in [32m200[0m 24.017 ms - 2314[0m
[0mGET /css/layout.css [36m304[0m 2.226 ms - -[0m
[0mGET /css/header.css [36m304[0m 2.648 ms - -[0m
[0mGET /css/footer.css [36m304[0m 3.290 ms - -[0m
[0mGET /css/auth.css [36m304[0m 1.389 ms - -[0m
[0mPOST /users/create-session [36m302[0m 109.296 ms - 46[0m
[0mGET / [32m200[0m 236.981 ms - 9769[0m
[0mGET /css/layout.css [36m304[0m 1.835 ms - -[0m
[0mGET /css/header.css [36m304[0m 1.668 ms - -[0m
[0mGET /css/footer.css [36m304[0m 0.695 ms - -[0m
[0mGET /javascript/chat_engine.js [36m304[0m 4.265 ms - -[0m
[0mGET /javascript/posts_comments.js [36m304[0m 13.185 ms - -[0m
[0mGET /javascript/toggle-likes.js [36m304[0m 17.559 ms - -[0m
[0mGET /javascript/home_posts.js [36m304[0m 17.002 ms - -[0m
[0mGET /users/sign-out [36m302[0m 194.117 ms - 72[0m
[0mGET /users/sign-in [32m200[0m 101.326 ms - 2651[0m
[0mGET /users/sign-out [36m302[0m 21.233 ms - 72[0m
[0mGET /users/sign-in [36m304[0m 20.356 ms - -[0m
[0mGET /css/layout.css [32m200[0m 20.112 ms - 1148[0m
[0mGET /css/header.css [32m200[0m 24.661 ms - 1872[0m
[0mGET /css/footer.css [32m200[0m 22.306 ms - 252[0m
[0mGET /css/auth.css [32m200[0m 24.261 ms - 837[0m
[0mGET /users/sign-up [32m200[0m 49.520 ms - 2380[0m
[0mGET /css/layout.css [36m304[0m 3.116 ms - -[0m
[0mGET /css/header.css [36m304[0m 4.026 ms - -[0m
[0mGET /css/auth.css [36m304[0m 4.836 ms - -[0m
[0mGET /css/footer.css [36m304[0m 6.480 ms - -[0m
[0mGET /users/sign-up [32m200[0m 33.242 ms - 2474[0m
[0mGET /css/layout.css [36m304[0m 5.011 ms - -[0m
[0mGET /css/header.css [36m304[0m 8.062 ms - -[0m
[0mGET /css/footer.css [36m304[0m 3.156 ms - -[0m
[0mGET /css/auth.css [36m304[0m 3.385 ms - -[0m
[0mPOST /users/create [36m302[0m 420.290 ms - 58[0m
[0mGET /users/sign-in [32m200[0m 30.495 ms - 2314[0m
[0mGET /css/layout.css [36m304[0m 3.132 ms - -[0m
[0mGET /css/header.css [36m304[0m 3.027 ms - -[0m
[0mGET /css/footer.css [36m304[0m 2.729 ms - -[0m
[0mGET /css/auth.css [36m304[0m 3.007 ms - -[0m
[0mPOST /users/create-session [36m302[0m 35.701 ms - 46[0m
[0mGET / [32m200[0m 180.734 ms - 9763[0m
[0mGET /css/header.css [36m304[0m 4.040 ms - -[0m
[0mGET /css/layout.css [36m304[0m 5.604 ms - -[0m
[0mGET /javascript/chat_engine.js [36m304[0m 5.090 ms - -[0m
[0mGET /css/footer.css [36m304[0m 1.991 ms - -[0m
[0mGET /javascript/home_posts.js [36m304[0m 15.948 ms - -[0m
[0mGET /javascript/posts_comments.js [36m304[0m 8.466 ms - -[0m
[0mGET /javascript/toggle-likes.js [36m304[0m 6.484 ms - -[0m
[0mPOST /posts/add-post [32m200[0m 40.460 ms - 254[0m
[0mGET / [32m200[0m 57.546 ms - 10823[0m
[0mGET /javascript/chat_engine.js [36m304[0m 1.096 ms - -[0m
[0mGET /css/layout.css [36m304[0m 6.234 ms - -[0m
[0mGET /css/header.css [36m304[0m 4.289 ms - -[0m
[0mGET /css/footer.css [36m304[0m 2.914 ms - -[0m
[0mGET /javascript/home_posts.js [36m304[0m 8.329 ms - -[0m
[0mGET /css/home.css [32m200[0m 15.084 ms - 4200[0m
[0mGET /javascript/posts_comments.js [36m304[0m 5.844 ms - -[0m
[0mGET /javascript/toggle-likes.js [36m304[0m 4.713 ms - -[0m
[0mGET /css/chat-box.css [32m200[0m 18.308 ms - 1276[0m
[0mPOST /comments/add-comment [32m200[0m 73.915 ms - 241[0m
[0mPOST /comments/add-comment [32m200[0m 27.010 ms - 241[0m
[0mGET / [32m200[0m 144.946 ms - 11437[0m
[0mGET /css/layout.css [36m304[0m 2.677 ms - -[0m
[0mGET /css/header.css [36m304[0m 3.388 ms - -[0m
[0mGET /css/footer.css [36m304[0m 2.963 ms - -[0m
[0mGET /css/home.css [36m304[0m 3.323 ms - -[0m
[0mGET /css/chat-box.css [36m304[0m 3.635 ms - -[0m
[0mGET /javascript/chat_engine.js [36m304[0m 22.723 ms - -[0m
[0mGET /javascript/home_posts.js [36m304[0m 22.786 ms - -[0m
[0mGET /javascript/posts_comments.js [36m304[0m 13.090 ms - -[0m
[0mGET /javascript/toggle-likes.js [36m304[0m 7.016 ms - -[0m
[0mGET / [32m200[0m 84.682 ms - 13645[0m
[0mGET /javascript/chat_engine.js [36m304[0m 2.424 ms - -[0m
[0mGET /css/layout.css [36m304[0m 5.128 ms - -[0m
[0mGET /css/footer.css [36m304[0m 5.175 ms - -[0m
[0mGET /css/header.css [36m304[0m 5.269 ms - -[0m
[0mGET /css/home.css [36m304[0m 5.292 ms - -[0m
[0mGET /css/chat-box.css [36m304[0m 4.247 ms - -[0m
[0mGET /javascript/home_posts.js [36m304[0m 11.788 ms - -[0m
[0mGET /javascript/posts_comments.js [36m304[0m 8.890 ms - -[0m
[0mGET /javascript/toggle-likes.js [36m304[0m 4.032 ms - -[0m
[0mGET /css/layout.css [36m304[0m 5.136 ms - -[0m
[0mGET /css/header.css [36m304[0m 5.311 ms - -[0m
[0mGET /css/footer.css [36m304[0m 5.499 ms - -[0m
[0mGET /css/home.css [36m304[0m 4.806 ms - -[0m
[0mGET /css/chat-box.css [36m304[0m 4.376 ms - -[0m
[0mGET / [32m200[0m 84.215 ms - 14125[0m
[0mGET /css/layout.css [36m304[0m 3.026 ms - -[0m
[0mGET /css/header.css [36m304[0m 2.040 ms - -[0m
[0mGET /css/footer.css [36m304[0m 2.326 ms - -[0m
[0mGET /css/chat-box.css [36m304[0m 3.673 ms - -[0m
[0mGET /css/home.css [36m304[0m 24.613 ms - -[0m
[0mGET /javascript/chat_engine.js [36m304[0m 43.262 ms - -[0m
[0mGET /javascript/home_posts.js [36m304[0m 7.991 ms - -[0m
[0mGET /javascript/posts_comments.js [36m304[0m 22.465 ms - -[0m
[0mGET /javascript/toggle-likes.js [36m304[0m 3.421 ms - -[0m
[0mGET / [36m304[0m 62.426 ms - -[0m
[0mGET /javascript/chat_engine.js [36m304[0m 2.595 ms - -[0m
[0mGET /css/layout.css [36m304[0m 18.602 ms - -[0m
[0mGET /css/header.css [36m304[0m 7.550 ms - -[0m
[0mGET /css/footer.css [36m304[0m 6.369 ms - -[0m
[0mGET /javascript/home_posts.js [36m304[0m 5.752 ms - -[0m
[0mGET /css/chat-box.css [36m304[0m 25.413 ms - -[0m
[0mGET /javascript/posts_comments.js [36m304[0m 6.339 ms - -[0m
[0mGET /javascript/toggle-likes.js [36m304[0m 1.557 ms - -[0m
[0mGET / [32m200[0m 104.092 ms - 14293[0m
[0mGET /javascript/chat_engine.js [36m304[0m 1.218 ms - -[0m
[0mGET /css/layout.css [36m304[0m 5.216 ms - -[0m
[0mGET /css/header.css [36m304[0m 5.113 ms - -[0m
[0mGET /css/footer.css [36m304[0m 4.903 ms - -[0m
[0mGET /css/chat-box.css [36m304[0m 3.843 ms - -[0m
[0mGET /css/home.css [32m200[0m 8.114 ms - 4223[0m
[0mGET /javascript/home_posts.js [36m304[0m 6.308 ms - -[0m
[0mGET /javascript/posts_comments.js [36m304[0m 4.870 ms - -[0m
[0mGET /javascript/toggle-likes.js [36m304[0m 4.136 ms - -[0m
[0mGET /posts/delete-post/5f474f665aa7b41998b6ee86 [0m-[0m - ms - -[0m
[0mPOST /users/create-session [36m302[0m 35.883 ms - 46[0m
[0mGET / [32m200[0m 84.183 ms - 12003[0m
[0mGET /css/layout.css [36m304[0m 4.124 ms - -[0m
[0mGET /css/header.css [36m304[0m 5.588 ms - -[0m
[0mGET /css/footer.css [36m304[0m 5.293 ms - -[0m
[0mGET /css/home.css [36m304[0m 2.542 ms - -[0m
[0mGET /css/chat-box.css [36m304[0m 0.946 ms - -[0m
[0mGET /javascript/chat_engine.js [36m304[0m 33.289 ms - -[0m
[0mGET /javascript/home_posts.js [36m304[0m 31.980 ms - -[0m
[0mGET /javascript/posts_comments.js [36m304[0m 30.539 ms - -[0m
[0mGET /javascript/toggle-likes.js [36m304[0m 3.293 ms - -[0m
[0mPOST /posts/add-post [32m200[0m 13.441 ms - 261[0m
[0mGET / [32m200[0m 69.274 ms - 13068[0m
[0mGET /css/layout.css [36m304[0m 6.018 ms - -[0m
[0mGET /css/header.css [36m304[0m 6.297 ms - -[0m
[0mGET /javascript/chat_engine.js [36m304[0m 7.282 ms - -[0m
[0mGET /css/home.css [36m304[0m 3.753 ms - -[0m
[0mGET /css/footer.css [36m304[0m 4.006 ms - -[0m
[0mGET /css/chat-box.css [36m304[0m 2.846 ms - -[0m
[0mGET /javascript/home_posts.js [36m304[0m 6.486 ms - -[0m
[0mGET /javascript/posts_comments.js [36m304[0m 11.167 ms - -[0m
[0mGET /javascript/toggle-likes.js [36m304[0m 10.848 ms - -[0m
[0mGET /css/layout.css [36m304[0m 3.372 ms - -[0m
[0mGET /css/header.css [36m304[0m 3.713 ms - -[0m
[0mGET /css/footer.css [36m304[0m 3.934 ms - -[0m
[0mGET /css/home.css [36m304[0m 4.518 ms - -[0m
[0mGET /css/chat-box.css [36m304[0m 4.517 ms - -[0m
[0mGET / [32m200[0m 91.882 ms - 12713[0m
[0mGET /css/layout.css [36m304[0m 1.549 ms - -[0m
[0mGET /css/header.css [36m304[0m 4.699 ms - -[0m
[0mGET /css/footer.css [36m304[0m 1.838 ms - -[0m
[0mGET /css/home.css [36m304[0m 1.430 ms - -[0m
[0mGET /css/chat-box.css [36m304[0m 3.456 ms - -[0m
[0mGET /javascript/chat_engine.js [36m304[0m 1.245 ms - -[0m
[0mGET /javascript/home_posts.js [36m304[0m 3.258 ms - -[0m
[0mGET /javascript/posts_comments.js [36m304[0m 2.329 ms - -[0m
[0mGET /javascript/toggle-likes.js [36m304[0m 1.022 ms - -[0m
[0mGET / [32m200[0m 69.238 ms - 12751[0m
[0mGET /css/header.css [36m304[0m 10.411 ms - -[0m
[0mGET /css/layout.css [36m304[0m 12.263 ms - -[0m
[0mGET /css/footer.css [36m304[0m 10.366 ms - -[0m
[0mGET /css/home.css [36m304[0m 10.132 ms - -[0m
[0mGET /css/chat-box.css [36m304[0m 11.126 ms - -[0m
[0mGET /javascript/chat_engine.js [36m304[0m 65.220 ms - -[0m
[0mGET /javascript/home_posts.js [36m304[0m 41.770 ms - -[0m
[0mGET /javascript/posts_comments.js [36m304[0m 10.693 ms - -[0m
[0mGET /javascript/toggle-likes.js [36m304[0m 8.406 ms - -[0m
[0mGET / [32m200[0m 83.075 ms - 12761[0m
[0mGET /css/layout.css [36m304[0m 1.458 ms - -[0m
[0mGET /css/header.css [36m304[0m 27.389 ms - -[0m
[0mGET /css/footer.css [36m304[0m 27.572 ms - -[0m
[0mGET /css/chat-box.css [36m304[0m 2.342 ms - -[0m
[0mGET /javascript/chat_engine.js [36m304[0m 39.062 ms - -[0m
[0mGET /javascript/home_posts.js [36m304[0m 35.428 ms - -[0m
[0mGET /javascript/posts_comments.js [36m304[0m 37.937 ms - -[0m
[0mGET /javascript/toggle-likes.js [36m304[0m 7.339 ms - -[0m
[0mGET / [32m200[0m 74.871 ms - 12762[0m
[0mGET /css/layout.css [36m304[0m 34.248 ms - -[0m
[0mGET /css/header.css [36m304[0m 33.297 ms - -[0m
[0mGET /css/footer.css [36m304[0m 24.070 ms - -[0m
[0mGET /css/chat-box.css [36m304[0m 6.440 ms - -[0m
[0mGET /css/home.css [32m200[0m 18.299 ms - 4264[0m
[0mGET /javascript/chat_engine.js [36m304[0m 1.086 ms - -[0m
[0mGET /javascript/home_posts.js [36m304[0m 5.855 ms - -[0m
[0mGET /javascript/posts_comments.js [36m304[0m 4.314 ms - -[0m
[0mGET /javascript/toggle-likes.js [36m304[0m 2.952 ms - -[0m
[0mGET / [36m304[0m 72.415 ms - -[0m
[0mGET /javascript/chat_engine.js [36m304[0m 8.882 ms - -[0m
[0mGET /css/layout.css [36m304[0m 40.012 ms - -[0m
[0mGET /css/header.css [36m304[0m 39.987 ms - -[0m
[0mGET /css/footer.css [36m304[0m 38.240 ms - -[0m
[0mGET /css/chat-box.css [36m304[0m 38.474 ms - -[0m
[0mGET /javascript/home_posts.js [36m304[0m 33.761 ms - -[0m
[0mGET /javascript/posts_comments.js [36m304[0m 23.566 ms - -[0m
[0mGET /javascript/toggle-likes.js [36m304[0m 10.544 ms - -[0m
[0mGET / [36m304[0m 59.536 ms - -[0m
[0mGET /css/layout.css [36m304[0m 3.027 ms - -[0m
[0mGET /css/header.css [36m304[0m 2.836 ms - -[0m
[0mGET /css/footer.css [36m304[0m 4.011 ms - -[0m
[0mGET /css/chat-box.css [36m304[0m 0.844 ms - -[0m
[0mGET /javascript/chat_engine.js [36m304[0m 12.662 ms - -[0m
[0mGET /javascript/home_posts.js [36m304[0m 10.902 ms - -[0m
[0mGET /javascript/posts_comments.js [36m304[0m 9.372 ms - -[0m
[0mGET /javascript/toggle-likes.js [36m304[0m 6.375 ms - -[0m
[0mGET /posts/delete-post/5f4755515aa7b41998b6ee8a [0m-[0m - ms - -[0m
[0mGET / [32m200[0m 72.421 ms - 11275[0m
[0mGET /css/layout.css [36m304[0m 14.038 ms - -[0m
[0mGET /css/header.css [36m304[0m 4.127 ms - -[0m
[0mGET /css/footer.css [36m304[0m 4.216 ms - -[0m
[0mGET /css/chat-box.css [36m304[0m 4.896 ms - -[0m
[0mGET /javascript/chat_engine.js [36m304[0m 2.544 ms - -[0m
[0mGET /css/home.css [32m200[0m 18.346 ms - 4261[0m
[0mGET /javascript/home_posts.js [36m304[0m 32.341 ms - -[0m
[0mGET /javascript/posts_comments.js [36m304[0m 8.185 ms - -[0m
[0mGET /javascript/toggle-likes.js [36m304[0m 9.890 ms - -[0m
[0mPOST /posts/add-post [32m200[0m 18.120 ms - 253[0m
[0mGET / [32m200[0m 87.242 ms - 12756[0m
[0mGET /css/layout.css [36m304[0m 1.863 ms - -[0m
[0mGET /css/header.css [36m304[0m 2.071 ms - -[0m
[0mGET /css/footer.css [36m304[0m 6.294 ms - -[0m
[0mGET /css/home.css [36m304[0m 5.220 ms - -[0m
[0mGET /css/chat-box.css [36m304[0m 1.840 ms - -[0m
[0mGET /javascript/chat_engine.js [36m304[0m 2.900 ms - -[0m
[0mGET /javascript/home_posts.js [36m304[0m 2.454 ms - -[0m
[0mGET /javascript/posts_comments.js [36m304[0m 6.641 ms - -[0m
[0mGET /javascript/toggle-likes.js [36m304[0m 5.055 ms - -[0m
[0mGET / [32m200[0m 69.276 ms - 12763[0m
[0mGET /css/layout.css [36m304[0m 12.425 ms - -[0m
[0mGET /css/header.css [36m304[0m 15.806 ms - -[0m
[0mGET /css/footer.css [36m304[0m 15.942 ms - -[0m
[0mGET /css/home.css [36m304[0m 15.206 ms - -[0m
[0mGET /css/chat-box.css [36m304[0m 15.425 ms - -[0m
[0mGET /javascript/chat_engine.js [36m304[0m 1.067 ms - -[0m
[0mGET /javascript/home_posts.js [36m304[0m 4.877 ms - -[0m
[0mGET /javascript/posts_comments.js [36m304[0m 7.083 ms - -[0m
[0mGET /javascript/toggle-likes.js [36m304[0m 4.454 ms - -[0m
[0mGET / [36m304[0m 77.460 ms - -[0m
[0mGET /css/layout.css [36m304[0m 5.595 ms - -[0m
[0mGET /css/header.css [36m304[0m 5.933 ms - -[0m
[0mGET /css/footer.css [36m304[0m 6.733 ms - -[0m
[0mGET /css/chat-box.css [36m304[0m 4.702 ms - -[0m
[0mGET /javascript/chat_engine.js [36m304[0m 54.733 ms - -[0m
[0mGET /javascript/home_posts.js [36m304[0m 31.156 ms - -[0m
[0mGET /javascript/posts_comments.js [36m304[0m 30.767 ms - -[0m
[0mGET /javascript/toggle-likes.js [36m304[0m 5.217 ms - -[0m
[0mGET / [36m304[0m 59.938 ms - -[0m
[0mGET /css/layout.css [36m304[0m 4.404 ms - -[0m
[0mGET /css/header.css [36m304[0m 4.844 ms - -[0m
[0mGET /css/footer.css [36m304[0m 5.512 ms - -[0m
[0mGET /css/chat-box.css [36m304[0m 4.973 ms - -[0m
[0mGET /javascript/chat_engine.js [36m304[0m 67.718 ms - -[0m
[0mGET /javascript/home_posts.js [36m304[0m 63.712 ms - -[0m
[0mGET /javascript/posts_comments.js [36m304[0m 38.708 ms - -[0m
[0mGET /javascript/toggle-likes.js [36m304[0m 6.987 ms - -[0m
[0mPOST /comments/add-comment [32m200[0m 29.966 ms - 237[0m
[0mGET / [32m200[0m 164.975 ms - 13274[0m
[0mGET /css/layout.css [36m304[0m 6.293 ms - -[0m
[0mGET /css/header.css [36m304[0m 5.053 ms - -[0m
[0mGET /css/footer.css [36m304[0m 3.504 ms - -[0m
[0mGET /css/chat-box.css [36m304[0m 2.078 ms - -[0m
[0mGET /css/home.css [32m200[0m 5.074 ms - 4321[0m
[0mGET /javascript/chat_engine.js [36m304[0m 12.562 ms - -[0m
[0mGET /javascript/home_posts.js [36m304[0m 7.412 ms - -[0m
[0mGET /javascript/posts_comments.js [36m304[0m 5.718 ms - -[0m
[0mGET /javascript/toggle-likes.js [36m304[0m 4.729 ms - -[0m
[0mGET / [32m200[0m 68.080 ms - 15430[0m
[0mGET /javascript/chat_engine.js [36m304[0m 4.316 ms - -[0m
[0mGET /css/layout.css [36m304[0m 5.238 ms - -[0m
[0mGET /css/header.css [36m304[0m 5.522 ms - -[0m
[0mGET /css/footer.css [36m304[0m 3.779 ms - -[0m
[0mGET /css/home.css [36m304[0m 1.935 ms - -[0m
[0mGET /css/chat-box.css [36m304[0m 1.316 ms - -[0m
[0mGET /javascript/home_posts.js [36m304[0m 19.621 ms - -[0m
[0mGET /javascript/posts_comments.js [36m304[0m 16.598 ms - -[0m
[0mGET /javascript/toggle-likes.js [36m304[0m 4.601 ms - -[0m
[0mGET / [32m200[0m 76.372 ms - 15320[0m
[0mGET /javascript/chat_engine.js [36m304[0m 0.833 ms - -[0m
[0mGET /css/header.css [36m304[0m 4.972 ms - -[0m
[0mGET /css/layout.css [36m304[0m 5.283 ms - -[0m
[0mGET /css/footer.css [36m304[0m 6.604 ms - -[0m
[0mGET /css/home.css [36m304[0m 6.905 ms - -[0m
[0mGET /css/chat-box.css [36m304[0m 6.216 ms - -[0m
[0mGET /javascript/home_posts.js [36m304[0m 4.632 ms - -[0m
[0mGET /javascript/posts_comments.js [36m304[0m 4.847 ms - -[0m
[0mGET /javascript/toggle-likes.js [36m304[0m 4.035 ms - -[0m
[0mGET / [32m200[0m 68.407 ms - 13532[0m
[0mGET /javascript/chat_engine.js [36m304[0m 1.603 ms - -[0m
[0mGET /css/layout.css [36m304[0m 1.703 ms - -[0m
[0mGET /css/header.css [36m304[0m 5.046 ms - -[0m
[0mGET /css/footer.css [36m304[0m 6.106 ms - -[0m
[0mGET /css/home.css [36m304[0m 2.029 ms - -[0m
[0mGET /css/chat-box.css [36m304[0m 2.003 ms - -[0m
[0mGET /javascript/home_posts.js [36m304[0m 28.500 ms - -[0m
[0mGET /javascript/posts_comments.js [36m304[0m 5.826 ms - -[0m
[0mGET /javascript/toggle-likes.js [36m304[0m 2.783 ms - -[0m
[0mGET /css/layout.css [36m304[0m 1.757 ms - -[0m
[0mGET /css/header.css [36m304[0m 2.148 ms - -[0m
[0mGET /css/footer.css [36m304[0m 1.542 ms - -[0m
[0mGET /css/home.css [36m304[0m 2.764 ms - -[0m
[0mGET /css/chat-box.css [36m304[0m 1.538 ms - -[0m
[0mGET / [32m200[0m 81.662 ms - 13498[0m
[0mGET /css/layout.css [36m304[0m 2.948 ms - -[0m
[0mGET /css/footer.css [36m304[0m 3.238 ms - -[0m
[0mGET /css/home.css [36m304[0m 3.191 ms - -[0m
[0mGET /css/header.css [36m304[0m 3.582 ms - -[0m
[0mGET /css/chat-box.css [36m304[0m 2.924 ms - -[0m
[0mGET /javascript/chat_engine.js [36m304[0m 12.755 ms - -[0m
[0mGET /javascript/home_posts.js [36m304[0m 6.057 ms - -[0m
[0mGET /javascript/posts_comments.js [36m304[0m 4.843 ms - -[0m
[0mGET /javascript/toggle-likes.js [36m304[0m 3.982 ms - -[0m
[0mGET / [36m304[0m 67.787 ms - -[0m
[0mGET /javascript/chat_engine.js [36m304[0m 3.802 ms - -[0m
[0mGET /css/layout.css [36m304[0m 4.197 ms - -[0m
[0mGET /css/footer.css [36m304[0m 7.107 ms - -[0m
[0mGET /css/header.css [36m304[0m 7.709 ms - -[0m
[0mGET /css/chat-box.css [36m304[0m 2.379 ms - -[0m
[0mGET /javascript/home_posts.js [36m304[0m 23.949 ms - -[0m
[0mGET /javascript/posts_comments.js [36m304[0m 12.233 ms - -[0m
[0mGET /javascript/toggle-likes.js [36m304[0m 11.801 ms - -[0m
[0mGET / [36m304[0m 129.026 ms - -[0m
[0mGET /javascript/chat_engine.js [36m304[0m 18.031 ms - -[0m
[0mGET /javascript/home_posts.js [36m304[0m 1.487 ms - -[0m
[0mGET /javascript/posts_comments.js [36m304[0m 23.929 ms - -[0m
[0mGET /javascript/toggle-likes.js [36m304[0m 21.226 ms - -[0m
