[0mGET /likes/toggle?id=5f4f4ec8ec7e691c8cc8d8e5&type=Comments [32m200[0m 29.492 ms - 433[0m
[0mGET /likes/toggle?id=5f4f4ec8ec7e691c8cc8d8e5&type=Comments [32m200[0m 22.551 ms - 219[0m
[0mGET /likes/toggle?id=5f4f4ec8ec7e691c8cc8d8e5&type=Comments [32m200[0m 21.857 ms - 433[0m
[0mGET /likes/toggle?id=5f4f4ec8ec7e691c8cc8d8e5&type=Comments [32m200[0m 22.574 ms - 219[0m
[0mGET /likes/toggle?id=5f4f4ec8ec7e691c8cc8d8e5&type=Comments [32m200[0m 20.453 ms - 433[0m
[0mGET /likes/toggle?id=5f4f4ec8ec7e691c8cc8d8e5&type=Comments [32m200[0m 19.036 ms - 219[0m
[0mGET / [32m200[0m 66.829 ms - 14616[0m
[0mGET /css/layout.css [36m304[0m 2.848 ms - -[0m
[0mGET /css/header.css [36m304[0m 4.777 ms - -[0m
[0mGET /css/footer.css [36m304[0m 2.893 ms - -[0m
[0mGET /css/home.css [36m304[0m 2.909 ms - -[0m
[0mGET /css/chat-box.css [36m304[0m 2.966 ms - -[0m
[0mGET /javascript/chat_engine.js [36m304[0m 4.151 ms - -[0m
[0mGET /javascript/home_posts.js [36m304[0m 1.961 ms - -[0m
[0mGET /javascript/posts_comments.js [36m304[0m 25.069 ms - -[0m
[0mGET /javascript/toggle-likes.js [36m304[0m 24.834 ms - -[0m
[0mGET /uploads/users/avtars/avtar-1598599649250 [36m304[0m 45.608 ms - -[0m
[0mGET /likes/toggle?id=5f4f4ec8ec7e691c8cc8d8e5&type=Comments [32m200[0m 24.416 ms - 433[0m
[0mGET /likes/toggle?id=5f4f4ec8ec7e691c8cc8d8e5&type=Comments [32m200[0m 31.699 ms - 219[0m
[0mGET /likes/toggle?id=5f4f4ec8ec7e691c8cc8d8e5&type=Comments [32m200[0m 23.200 ms - 433[0m
[0mGET /likes/toggle?id=5f4f4ec8ec7e691c8cc8d8e5&type=Comments [32m200[0m 22.658 ms - 219[0m
[0mGET /likes/toggle?id=5f4f4ec8ec7e691c8cc8d8e5&type=Comments [32m200[0m 24.258 ms - 433[0m
[0mGET / [32m200[0m 58.106 ms - 14667[0m
[0mGET /css/layout.css [36m304[0m 4.956 ms - -[0m
[0mGET /css/header.css [36m304[0m 2.390 ms - -[0m
[0mGET /css/footer.css [36m304[0m 2.606 ms - -[0m
[0mGET /css/home.css [36m304[0m 2.378 ms - -[0m
[0mGET /css/chat-box.css [36m304[0m 2.166 ms - -[0m
[0mGET /javascript/chat_engine.js [36m304[0m 1.279 ms - -[0m
[0mGET /javascript/home_posts.js [36m304[0m 30.141 ms - -[0m
[0mGET /javascript/posts_comments.js [36m304[0m 27.261 ms - -[0m
[0mGET /javascript/toggle-likes.js [36m304[0m 5.315 ms - -[0m
[0mGET /uploads/users/avtars/avtar-1598599649250 [36m304[0m 33.744 ms - -[0m
[0mGET / [36m304[0m 64.534 ms - -[0m
[0mGET /css/layout.css [36m304[0m 2.404 ms - -[0m
[0mGET /css/header.css [36m304[0m 3.056 ms - -[0m
[0mGET /css/footer.css [36m304[0m 4.963 ms - -[0m
[0mGET /css/home.css [36m304[0m 6.027 ms - -[0m
[0mGET /css/chat-box.css [36m304[0m 6.498 ms - -[0m
[0mGET /javascript/chat_engine.js [36m304[0m 34.637 ms - -[0m
[0mGET /javascript/home_posts.js [36m304[0m 32.861 ms - -[0m
[0mGET /javascript/posts_comments.js [36m304[0m 9.259 ms - -[0m
[0mGET /javascript/toggle-likes.js [36m304[0m 9.662 ms - -[0m
[0mGET /uploads/users/avtars/avtar-1598599649250 [36m304[0m 57.198 ms - -[0m
[0mGET /likes/toggle?id=5f4f4ec8ec7e691c8cc8d8e5&type=Comments [32m200[0m 15.452 ms - 219[0m
[0mGET / [32m200[0m 51.621 ms - 14616[0m
[0mGET /css/header.css [36m304[0m 1.339 ms - -[0m
[0mGET /css/layout.css [36m304[0m 3.514 ms - -[0m
[0mGET /css/footer.css [36m304[0m 3.244 ms - -[0m
[0mGET /css/home.css [36m304[0m 3.462 ms - -[0m
[0mGET /css/chat-box.css [36m304[0m 4.298 ms - -[0m
[0mGET /javascript/chat_engine.js [36m304[0m 21.901 ms - -[0m
[0mGET /javascript/home_posts.js [36m304[0m 13.278 ms - -[0m
[0mGET /javascript/posts_comments.js [36m304[0m 10.998 ms - -[0m
[0mGET /javascript/toggle-likes.js [36m304[0m 9.699 ms - -[0m
[0mGET /uploads/users/avtars/avtar-1598599649250 [36m304[0m 27.938 ms - -[0m
[0mGET /likes/toggle?id=5f4f4ec8ec7e691c8cc8d8e5&type=Comments [32m200[0m 18.166 ms - 433[0m
[0mGET / [32m200[0m 46.058 ms - 14667[0m
[0mGET /css/header.css [36m304[0m 2.434 ms - -[0m
[0mGET /css/footer.css [36m304[0m 2.786 ms - -[0m
[0mGET /css/layout.css [36m304[0m 3.185 ms - -[0m
[0mGET /css/home.css [36m304[0m 4.123 ms - -[0m
[0mGET /css/chat-box.css [36m304[0m 4.571 ms - -[0m
[0mGET /javascript/chat_engine.js [36m304[0m 4.180 ms - -[0m
[0mGET /javascript/home_posts.js [36m304[0m 2.111 ms - -[0m
[0mGET /javascript/posts_comments.js [36m304[0m 5.706 ms - -[0m
[0mGET /javascript/toggle-likes.js [36m304[0m 4.896 ms - -[0m
[0mGET /uploads/users/avtars/avtar-1598599649250 [36m304[0m 26.530 ms - -[0m
[0mGET / [32m200[0m 70.515 ms - 14667[0m
[0mGET /css/layout.css [36m304[0m 2.426 ms - -[0m
[0mGET /css/header.css [36m304[0m 4.377 ms - -[0m
[0mGET /css/footer.css [36m304[0m 2.401 ms - -[0m
[0mGET /css/home.css [36m304[0m 2.527 ms - -[0m
[0mGET /css/chat-box.css [36m304[0m 2.689 ms - -[0m
[0mGET /javascript/chat_engine.js [36m304[0m 1.031 ms - -[0m
[0mGET /javascript/home_posts.js [36m304[0m 49.620 ms - -[0m
[0mGET /javascript/posts_comments.js [36m304[0m 33.297 ms - -[0m
[0mGET /javascript/toggle-likes.js [36m304[0m 32.995 ms - -[0m
[0mGET /uploads/users/avtars/avtar-1598599649250 [36m304[0m 57.680 ms - -[0m
[0mGET /likes/toggle?id=5f4f4ec8ec7e691c8cc8d8e5&type=Comments [32m200[0m 24.448 ms - 219[0m
[0mGET /likes/toggle?id=5f4f4ec8ec7e691c8cc8d8e5&type=Comments [32m200[0m 24.190 ms - 433[0m
[0mGET /likes/toggle?id=5f4f4ec8ec7e691c8cc8d8e5&type=Comments [32m200[0m 23.190 ms - 219[0m
[0mGET /likes/toggle?id=5f4f4ec8ec7e691c8cc8d8e5&type=Comments [32m200[0m 28.299 ms - 433[0m
[0mGET /likes/toggle?id=5f4f4eceec7e691c8cc8d8e9&type=Comments [32m200[0m 24.293 ms - 435[0m
[0mGET /likes/toggle?id=5f48cbefa42f33055826a9ae&type=Posts [32m200[0m 51.941 ms - 487[0m
[0mPOST /comments/add-comment [36m302[0m 57.609 ms - 86[0m
[0mGET / [32m200[0m 85.366 ms - 15731[0m
[0mGET /css/layout.css [36m304[0m 1.867 ms - -[0m
[0mGET /css/header.css [36m304[0m 2.297 ms - -[0m
[0mGET /css/footer.css [36m304[0m 3.646 ms - -[0m
[0mGET /css/home.css [36m304[0m 3.157 ms - -[0m
[0mGET /css/chat-box.css [36m304[0m 3.316 ms - -[0m
[0mGET /javascript/chat_engine.js [36m304[0m 12.535 ms - -[0m
[0mGET /javascript/home_posts.js [36m304[0m 8.067 ms - -[0m
[0mGET /javascript/posts_comments.js [36m304[0m 7.035 ms - -[0m
[0mGET /javascript/toggle-likes.js [36m304[0m 5.754 ms - -[0m
[0mGET /uploads/users/avtars/avtar-1598599649250 [36m304[0m 31.183 ms - -[0m
[0mGET /likes/toggle?id=5f4f51f3df21d009643414c8&type=Comments [32m200[0m 21.479 ms - 432[0m
[0mPOST /comments/add-comment [36m302[0m 21.490 ms - 86[0m
[0mGET / [32m200[0m 88.186 ms - 16751[0m
[0mGET /css/layout.css [36m304[0m 2.965 ms - -[0m
[0mGET /css/header.css [36m304[0m 3.660 ms - -[0m
[0mGET /css/footer.css [36m304[0m 6.615 ms - -[0m
[0mGET /css/home.css [36m304[0m 3.629 ms - -[0m
[0mGET /css/chat-box.css [36m304[0m 3.773 ms - -[0m
[0mGET /javascript/chat_engine.js [36m304[0m 28.250 ms - -[0m
[0mGET /javascript/home_posts.js [36m304[0m 8.549 ms - -[0m
[0mGET /javascript/posts_comments.js [36m304[0m 5.909 ms - -[0m
[0mGET /javascript/toggle-likes.js [36m304[0m 4.773 ms - -[0m
[0mGET /uploads/users/avtars/avtar-1598599649250 [36m304[0m 47.469 ms - -[0m
[0mGET /likes/toggle?id=5f4f5205df21d009643414cc&type=Comments [32m200[0m 26.245 ms - 431[0m
[0mGET /likes/toggle?id=5f4f5205df21d009643414cc&type=Comments [32m200[0m 22.304 ms - 217[0m
[0mGET / [36m304[0m 83.718 ms - -[0m
[0mGET /css/header.css [36m304[0m 2.448 ms - -[0m
[0mGET /css/layout.css [36m304[0m 3.532 ms - -[0m
[0mGET /css/footer.css [36m304[0m 3.685 ms - -[0m
[0mGET /css/home.css [36m304[0m 2.993 ms - -[0m
[0mGET /css/chat-box.css [36m304[0m 3.023 ms - -[0m
[0mGET /javascript/chat_engine.js [36m304[0m 41.564 ms - -[0m
[0mGET /javascript/home_posts.js [36m304[0m 39.392 ms - -[0m
[0mGET /javascript/posts_comments.js [36m304[0m 35.732 ms - -[0m
[0mGET /javascript/toggle-likes.js [36m304[0m 25.365 ms - -[0m
[0mGET /uploads/users/avtars/avtar-1598599649250 [36m304[0m 45.516 ms - -[0m
